[0.073s] Invoking command in '/home/dcubot/DCUBOT/build/realsense2_description': CMAKE_PREFIX_PATH=/home/dcubot/DCUBOT/install/realsense2_camera_msgs:/home/dcubot/DCUBOT/install/rplidar_ros:/home/dcubot/DCUBOT/install/realsense2_description:/home/dcubot/DCUBOT/install/realsense2_camera:/home/dcubot/DCUBOT/install/powertrain:/opt/ros/humble LD_LIBRARY_PATH=/home/dcubot/DCUBOT/install/realsense2_camera_msgs/lib:/home/dcubot/DCUBOT/install/realsense2_camera/lib:/usr/local/cuda/lib64:/opt/ros/humble/opt/rviz_ogre_vendor/lib:/opt/ros/humble/lib/aarch64-linux-gnu:/opt/ros/humble/lib:/usr/local/cuda-12.6/lib64 /usr/bin/cmake /home/dcubot/DCUBOT/src/realsense-ros/realsense2_description -DCMAKE_BUILD_TYPE=Release -DAMENT_CMAKE_SYMLINK_INSTALL=1 -DCMAKE_INSTALL_PREFIX=/home/dcubot/DCUBOT/install/realsense2_description
[0.383s] -- The C compiler identification is GNU 11.4.0
[0.609s] -- The CXX compiler identification is GNU 11.4.0
[0.640s] -- Detecting C compiler ABI info
[1.084s] -- Detecting C compiler ABI info - done
[1.100s] -- Check for working C compiler: /usr/bin/cc - skipped
[1.100s] -- Detecting C compile features
[1.101s] -- Detecting C compile features - done
[1.107s] -- Detecting CXX compiler ABI info
[1.430s] -- Detecting CXX compiler ABI info - done
[1.444s] -- Check for working CXX compiler: /usr/bin/c++ - skipped
[1.446s] -- Detecting CXX compile features
[1.447s] -- Detecting CXX compile features - done
[1.454s] -- Found ament_cmake: 1.3.12 (/opt/ros/humble/share/ament_cmake/cmake)
[1.948s] -- Found Python3: /usr/bin/python3 (found version "3.10.12") found components: Interpreter 
[2.255s] -- Override CMake install command with custom implementation using symlinks instead of copying resources
[2.463s] -- Configuring done
[2.469s] -- Generating done
[2.473s] -- Build files have been written to: /home/dcubot/DCUBOT/build/realsense2_description
[2.483s] Invoked command in '/home/dcubot/DCUBOT/build/realsense2_description' returned '0': CMAKE_PREFIX_PATH=/home/dcubot/DCUBOT/install/realsense2_camera_msgs:/home/dcubot/DCUBOT/install/rplidar_ros:/home/dcubot/DCUBOT/install/realsense2_description:/home/dcubot/DCUBOT/install/realsense2_camera:/home/dcubot/DCUBOT/install/powertrain:/opt/ros/humble LD_LIBRARY_PATH=/home/dcubot/DCUBOT/install/realsense2_camera_msgs/lib:/home/dcubot/DCUBOT/install/realsense2_camera/lib:/usr/local/cuda/lib64:/opt/ros/humble/opt/rviz_ogre_vendor/lib:/opt/ros/humble/lib/aarch64-linux-gnu:/opt/ros/humble/lib:/usr/local/cuda-12.6/lib64 /usr/bin/cmake /home/dcubot/DCUBOT/src/realsense-ros/realsense2_description -DCMAKE_BUILD_TYPE=Release -DAMENT_CMAKE_SYMLINK_INSTALL=1 -DCMAKE_INSTALL_PREFIX=/home/dcubot/DCUBOT/install/realsense2_description
[2.487s] Invoking command in '/home/dcubot/DCUBOT/build/realsense2_description': CMAKE_PREFIX_PATH=/home/dcubot/DCUBOT/install/realsense2_camera_msgs:/home/dcubot/DCUBOT/install/rplidar_ros:/home/dcubot/DCUBOT/install/realsense2_description:/home/dcubot/DCUBOT/install/realsense2_camera:/home/dcubot/DCUBOT/install/powertrain:/opt/ros/humble LD_LIBRARY_PATH=/home/dcubot/DCUBOT/install/realsense2_camera_msgs/lib:/home/dcubot/DCUBOT/install/realsense2_camera/lib:/usr/local/cuda/lib64:/opt/ros/humble/opt/rviz_ogre_vendor/lib:/opt/ros/humble/lib/aarch64-linux-gnu:/opt/ros/humble/lib:/usr/local/cuda-12.6/lib64 /usr/bin/cmake --build /home/dcubot/DCUBOT/build/realsense2_description -- -j6 -l6
[2.566s] Invoked command in '/home/dcubot/DCUBOT/build/realsense2_description' returned '0': CMAKE_PREFIX_PATH=/home/dcubot/DCUBOT/install/realsense2_camera_msgs:/home/dcubot/DCUBOT/install/rplidar_ros:/home/dcubot/DCUBOT/install/realsense2_description:/home/dcubot/DCUBOT/install/realsense2_camera:/home/dcubot/DCUBOT/install/powertrain:/opt/ros/humble LD_LIBRARY_PATH=/home/dcubot/DCUBOT/install/realsense2_camera_msgs/lib:/home/dcubot/DCUBOT/install/realsense2_camera/lib:/usr/local/cuda/lib64:/opt/ros/humble/opt/rviz_ogre_vendor/lib:/opt/ros/humble/lib/aarch64-linux-gnu:/opt/ros/humble/lib:/usr/local/cuda-12.6/lib64 /usr/bin/cmake --build /home/dcubot/DCUBOT/build/realsense2_description -- -j6 -l6
[2.569s] Invoking command in '/home/dcubot/DCUBOT/build/realsense2_description': CMAKE_PREFIX_PATH=/home/dcubot/DCUBOT/install/realsense2_camera_msgs:/home/dcubot/DCUBOT/install/rplidar_ros:/home/dcubot/DCUBOT/install/realsense2_description:/home/dcubot/DCUBOT/install/realsense2_camera:/home/dcubot/DCUBOT/install/powertrain:/opt/ros/humble LD_LIBRARY_PATH=/home/dcubot/DCUBOT/install/realsense2_camera_msgs/lib:/home/dcubot/DCUBOT/install/realsense2_camera/lib:/usr/local/cuda/lib64:/opt/ros/humble/opt/rviz_ogre_vendor/lib:/opt/ros/humble/lib/aarch64-linux-gnu:/opt/ros/humble/lib:/usr/local/cuda-12.6/lib64 /usr/bin/cmake --install /home/dcubot/DCUBOT/build/realsense2_description
[2.586s] -- Install configuration: "Release"
[2.587s] -- Execute custom install script
[2.589s] -- Symlinking: /home/dcubot/DCUBOT/install/realsense2_description/share/realsense2_description/launch/launch_utils.py
[2.608s] -- Symlinking: /home/dcubot/DCUBOT/install/realsense2_description/share/realsense2_description/launch/view_model.launch.py
[2.630s] -- Symlinking: /home/dcubot/DCUBOT/install/realsense2_description/share/realsense2_description/meshes/d415.stl
[2.648s] -- Symlinking: /home/dcubot/DCUBOT/install/realsense2_description/share/realsense2_description/meshes/d435.dae
[2.667s] -- Symlinking: /home/dcubot/DCUBOT/install/realsense2_description/share/realsense2_description/meshes/d455.stl
[2.685s] -- Symlinking: /home/dcubot/DCUBOT/install/realsense2_description/share/realsense2_description/meshes/l515.dae
[2.703s] -- Symlinking: /home/dcubot/DCUBOT/install/realsense2_description/share/realsense2_description/meshes/plug.stl
[2.721s] -- Symlinking: /home/dcubot/DCUBOT/install/realsense2_description/share/realsense2_description/meshes/plug_collision.stl
[2.741s] -- Symlinking: /home/dcubot/DCUBOT/install/realsense2_description/share/realsense2_description/rviz/urdf.rviz
[2.761s] -- Symlinking: /home/dcubot/DCUBOT/install/realsense2_description/share/realsense2_description/urdf/_d415.urdf.xacro
[2.779s] -- Symlinking: /home/dcubot/DCUBOT/install/realsense2_description/share/realsense2_description/urdf/_d435.urdf.xacro
[2.797s] -- Symlinking: /home/dcubot/DCUBOT/install/realsense2_description/share/realsense2_description/urdf/_d435i.urdf.xacro
[2.816s] -- Symlinking: /home/dcubot/DCUBOT/install/realsense2_description/share/realsense2_description/urdf/_d435i_imu_modules.urdf.xacro
[2.834s] -- Symlinking: /home/dcubot/DCUBOT/install/realsense2_description/share/realsense2_description/urdf/_d455.urdf.xacro
[2.852s] -- Symlinking: /home/dcubot/DCUBOT/install/realsense2_description/share/realsense2_description/urdf/_l515.urdf.xacro
[2.870s] -- Symlinking: /home/dcubot/DCUBOT/install/realsense2_description/share/realsense2_description/urdf/_materials.urdf.xacro
[2.890s] -- Symlinking: /home/dcubot/DCUBOT/install/realsense2_description/share/realsense2_description/urdf/_r410.urdf.xacro
[2.910s] -- Symlinking: /home/dcubot/DCUBOT/install/realsense2_description/share/realsense2_description/urdf/_r430.urdf.xacro
[2.930s] -- Symlinking: /home/dcubot/DCUBOT/install/realsense2_description/share/realsense2_description/urdf/_usb_plug.urdf.xacro
[2.949s] -- Symlinking: /home/dcubot/DCUBOT/install/realsense2_description/share/realsense2_description/urdf/test_d415_camera.urdf.xacro
[2.968s] -- Symlinking: /home/dcubot/DCUBOT/install/realsense2_description/share/realsense2_description/urdf/test_d435_camera.urdf.xacro
[2.986s] -- Symlinking: /home/dcubot/DCUBOT/install/realsense2_description/share/realsense2_description/urdf/test_d435_multiple_cameras.urdf.xacro
[3.005s] -- Symlinking: /home/dcubot/DCUBOT/install/realsense2_description/share/realsense2_description/urdf/test_d435i_camera.urdf.xacro
[3.024s] -- Symlinking: /home/dcubot/DCUBOT/install/realsense2_description/share/realsense2_description/urdf/test_d455_camera.urdf.xacro
[3.043s] -- Symlinking: /home/dcubot/DCUBOT/install/realsense2_description/share/realsense2_description/urdf/test_l515_camera.urdf.xacro
[3.061s] -- Symlinking: /home/dcubot/DCUBOT/install/realsense2_description/share/realsense2_description/urdf/test_r410_camera.urdf.xacro
[3.079s] -- Symlinking: /home/dcubot/DCUBOT/install/realsense2_description/share/realsense2_description/urdf/test_r430_camera.urdf.xacro
[3.098s] -- Symlinking: /home/dcubot/DCUBOT/install/realsense2_description/share/ament_index/resource_index/package_run_dependencies/realsense2_description
[3.116s] -- Symlinking: /home/dcubot/DCUBOT/install/realsense2_description/share/ament_index/resource_index/parent_prefix_path/realsense2_description
[3.135s] -- Symlinking: /home/dcubot/DCUBOT/install/realsense2_description/share/realsense2_description/environment/ament_prefix_path.sh
[3.153s] -- Symlinking: /home/dcubot/DCUBOT/install/realsense2_description/share/realsense2_description/environment/ament_prefix_path.dsv
[3.171s] -- Symlinking: /home/dcubot/DCUBOT/install/realsense2_description/share/realsense2_description/environment/path.sh
[3.189s] -- Symlinking: /home/dcubot/DCUBOT/install/realsense2_description/share/realsense2_description/environment/path.dsv
[3.210s] -- Symlinking: /home/dcubot/DCUBOT/install/realsense2_description/share/realsense2_description/local_setup.bash
[3.231s] -- Symlinking: /home/dcubot/DCUBOT/install/realsense2_description/share/realsense2_description/local_setup.sh
[3.249s] -- Symlinking: /home/dcubot/DCUBOT/install/realsense2_description/share/realsense2_description/local_setup.zsh
[3.268s] -- Symlinking: /home/dcubot/DCUBOT/install/realsense2_description/share/realsense2_description/local_setup.dsv
[3.288s] -- Symlinking: /home/dcubot/DCUBOT/install/realsense2_description/share/realsense2_description/package.dsv
[3.309s] -- Symlinking: /home/dcubot/DCUBOT/install/realsense2_description/share/ament_index/resource_index/packages/realsense2_description
[3.331s] -- Symlinking: /home/dcubot/DCUBOT/install/realsense2_description/share/realsense2_description/cmake/realsense2_descriptionConfig.cmake
[3.351s] -- Symlinking: /home/dcubot/DCUBOT/install/realsense2_description/share/realsense2_description/cmake/realsense2_descriptionConfig-version.cmake
[3.373s] -- Symlinking: /home/dcubot/DCUBOT/install/realsense2_description/share/realsense2_description/package.xml
[3.403s] Invoked command in '/home/dcubot/DCUBOT/build/realsense2_description' returned '0': CMAKE_PREFIX_PATH=/home/dcubot/DCUBOT/install/realsense2_camera_msgs:/home/dcubot/DCUBOT/install/rplidar_ros:/home/dcubot/DCUBOT/install/realsense2_description:/home/dcubot/DCUBOT/install/realsense2_camera:/home/dcubot/DCUBOT/install/powertrain:/opt/ros/humble LD_LIBRARY_PATH=/home/dcubot/DCUBOT/install/realsense2_camera_msgs/lib:/home/dcubot/DCUBOT/install/realsense2_camera/lib:/usr/local/cuda/lib64:/opt/ros/humble/opt/rviz_ogre_vendor/lib:/opt/ros/humble/lib/aarch64-linux-gnu:/opt/ros/humble/lib:/usr/local/cuda-12.6/lib64 /usr/bin/cmake --install /home/dcubot/DCUBOT/build/realsense2_description
