[0.039s] Invoking command in '/home/dcubot/DCUBOT/build/realsense2_camera_msgs': CMAKE_PREFIX_PATH=${CMAKE_PREFIX_PATH}:/home/dcubot/DCUBOT/install/powertrain:/opt/ros/humble /usr/bin/cmake /home/dcubot/DCUBOT/src/realsense-ros/realsense2_camera_msgs -DCMAKE_BUILD_TYPE=Release -DAMENT_CMAKE_SYMLINK_INSTALL=1 -DCMAKE_INSTALL_PREFIX=/home/dcubot/DCUBOT/install/realsense2_camera_msgs
[0.617s] -- The C compiler identification is GNU 11.4.0
[0.618s] -- The CXX compiler identification is GNU 11.4.0
[0.618s] -- Detecting C compiler ABI info
[0.618s] -- Detecting C compiler ABI info - done
[0.619s] -- Check for working C compiler: /usr/bin/cc - skipped
[0.620s] -- Detecting C compile features
[0.620s] -- Detecting C compile features - done
[0.620s] -- Detecting CXX compiler ABI info
[0.668s] -- Detecting CXX compiler ABI info - done
[0.681s] -- Check for working CXX compiler: /usr/bin/c++ - skipped
[0.681s] -- Detecting CXX compile features
[0.682s] -- Detecting CXX compile features - done
[0.702s] -- Found ament_cmake: 1.3.12 (/opt/ros/humble/share/ament_cmake/cmake)
[1.045s] -- Found Python3: /usr/bin/python3 (found version "3.10.12") found components: Interpreter 
[1.210s] -- Override CMake install command with custom implementation using symlinks instead of copying resources
[1.305s] -- Found rosidl_default_generators: 1.2.0 (/opt/ros/humble/share/rosidl_default_generators/cmake)
[1.318s] -- Using all available rosidl_typesupport_c: rosidl_typesupport_fastrtps_c;rosidl_typesupport_introspection_c
[1.338s] -- Found rosidl_adapter: 3.1.8 (/opt/ros/humble/share/rosidl_adapter/cmake)
[1.462s] -- Using all available rosidl_typesupport_cpp: rosidl_typesupport_fastrtps_cpp;rosidl_typesupport_introspection_cpp
[1.551s] -- Found builtin_interfaces: 1.2.2 (/opt/ros/humble/share/builtin_interfaces/cmake)
[1.587s] -- Found std_msgs: 4.9.0 (/opt/ros/humble/share/std_msgs/cmake)
[2.290s] -- Found ament_cmake_cppcheck: 0.12.14 (/opt/ros/humble/share/ament_cmake_cppcheck/cmake)
[2.296s] -- Found ament_cmake_cpplint: 0.12.14 (/opt/ros/humble/share/ament_cmake_cpplint/cmake)
[2.301s] -- Found ament_cmake_uncrustify: 0.12.14 (/opt/ros/humble/share/ament_cmake_uncrustify/cmake)
[2.308s] -- Found ament_cmake_ros: 0.10.0 (/opt/ros/humble/share/ament_cmake_ros/cmake)
[2.846s] -- Using all available rosidl_typesupport_c: rosidl_typesupport_fastrtps_c;rosidl_typesupport_introspection_c
[3.584s] -- Using all available rosidl_typesupport_cpp: rosidl_typesupport_fastrtps_cpp;rosidl_typesupport_introspection_cpp
[3.704s] -- Found PythonInterp: /usr/bin/python3 (found suitable version "3.10.12", minimum required is "3.6") 
[3.709s] -- Found python_cmake_module: 0.10.0 (/opt/ros/humble/share/python_cmake_module/cmake)
[3.820s] -- Found PythonLibs: /usr/lib/aarch64-linux-gnu/libpython3.10.so (found suitable version "3.10.12", minimum required is "3.5") 
[3.820s] -- Using PYTHON_EXECUTABLE: /usr/bin/python3
[3.820s] -- Using PYTHON_INCLUDE_DIRS: /usr/include/python3.10
[3.820s] -- Using PYTHON_LIBRARIES: /usr/lib/aarch64-linux-gnu/libpython3.10.so
[3.889s] -- Found PythonExtra: .so  
[4.002s] -- Found ament_cmake_flake8: 0.12.14 (/opt/ros/humble/share/ament_cmake_flake8/cmake)
[4.008s] -- Found ament_cmake_pep257: 0.12.14 (/opt/ros/humble/share/ament_cmake_pep257/cmake)
[4.037s] -- Configuring done
[4.126s] -- Generating done
[4.151s] -- Build files have been written to: /home/dcubot/DCUBOT/build/realsense2_camera_msgs
[4.174s] Invoked command in '/home/dcubot/DCUBOT/build/realsense2_camera_msgs' returned '0': CMAKE_PREFIX_PATH=${CMAKE_PREFIX_PATH}:/home/dcubot/DCUBOT/install/powertrain:/opt/ros/humble /usr/bin/cmake /home/dcubot/DCUBOT/src/realsense-ros/realsense2_camera_msgs -DCMAKE_BUILD_TYPE=Release -DAMENT_CMAKE_SYMLINK_INSTALL=1 -DCMAKE_INSTALL_PREFIX=/home/dcubot/DCUBOT/install/realsense2_camera_msgs
[4.175s] Invoking command in '/home/dcubot/DCUBOT/build/realsense2_camera_msgs': CMAKE_PREFIX_PATH=${CMAKE_PREFIX_PATH}:/home/dcubot/DCUBOT/install/powertrain:/opt/ros/humble /usr/bin/cmake --build /home/dcubot/DCUBOT/build/realsense2_camera_msgs -- -j6 -l6
[4.292s] [  1%] [34m[1mGenerating C code for ROS interfaces[0m
[4.338s] [  3%] [34m[1mGenerating C++ code for ROS interfaces[0m
[4.431s] [  3%] Built target ament_cmake_python_symlink_realsense2_camera_msgs
[5.387s] running egg_info
[5.390s] creating realsense2_camera_msgs.egg-info
[5.391s] writing realsense2_camera_msgs.egg-info/PKG-INFO
[5.392s] writing dependency_links to realsense2_camera_msgs.egg-info/dependency_links.txt
[5.393s] writing top-level names to realsense2_camera_msgs.egg-info/top_level.txt
[5.394s] writing manifest file 'realsense2_camera_msgs.egg-info/SOURCES.txt'
[5.400s] reading manifest file 'realsense2_camera_msgs.egg-info/SOURCES.txt'
[5.403s] writing manifest file 'realsense2_camera_msgs.egg-info/SOURCES.txt'
[5.498s] [  3%] Built target ament_cmake_python_build_realsense2_camera_msgs_egg
[6.038s] [  3%] Built target realsense2_camera_msgs__cpp
[6.108s] [  5%] [34m[1mGenerating C++ type support dispatch for ROS interfaces[0m
[6.126s] [  7%] [34m[1mGenerating C++ type support for eProsima Fast-RTPS[0m
[6.225s] [  9%] [34m[1mGenerating C++ introspection for ROS interfaces[0m
[6.430s] [ 10%] [32mBuilding C object CMakeFiles/realsense2_camera_msgs__rosidl_generator_c.dir/rosidl_generator_c/realsense2_camera_msgs/msg/detail/imu_info__functions.c.o[0m
[6.441s] [ 12%] [32mBuilding C object CMakeFiles/realsense2_camera_msgs__rosidl_generator_c.dir/rosidl_generator_c/realsense2_camera_msgs/msg/detail/extrinsics__functions.c.o[0m
[6.460s] [ 14%] [32mBuilding C object CMakeFiles/realsense2_camera_msgs__rosidl_generator_c.dir/rosidl_generator_c/realsense2_camera_msgs/msg/detail/metadata__functions.c.o[0m
[6.861s] [ 16%] [32mBuilding C object CMakeFiles/realsense2_camera_msgs__rosidl_generator_c.dir/rosidl_generator_c/realsense2_camera_msgs/srv/detail/device_info__functions.c.o[0m
[7.306s] [ 18%] [32m[1mLinking C shared library librealsense2_camera_msgs__rosidl_generator_c.so[0m
[7.525s] [ 20%] [32mBuilding CXX object CMakeFiles/realsense2_camera_msgs__rosidl_typesupport_cpp.dir/rosidl_typesupport_cpp/realsense2_camera_msgs/msg/imu_info__type_support.cpp.o[0m
[7.536s] [ 21%] [32mBuilding CXX object CMakeFiles/realsense2_camera_msgs__rosidl_typesupport_cpp.dir/rosidl_typesupport_cpp/realsense2_camera_msgs/msg/extrinsics__type_support.cpp.o[0m
[7.545s] [ 23%] [32mBuilding CXX object CMakeFiles/realsense2_camera_msgs__rosidl_typesupport_cpp.dir/rosidl_typesupport_cpp/realsense2_camera_msgs/msg/metadata__type_support.cpp.o[0m
[7.562s] [ 23%] Built target realsense2_camera_msgs__rosidl_generator_c
[7.643s] [ 25%] [34m[1mGenerating C type support for eProsima Fast-RTPS[0m
[8.506s] [ 27%] [32mBuilding CXX object CMakeFiles/realsense2_camera_msgs__rosidl_typesupport_introspection_cpp.dir/rosidl_typesupport_introspection_cpp/realsense2_camera_msgs/msg/detail/imu_info__type_support.cpp.o[0m
[8.659s] [ 29%] [32mBuilding CXX object CMakeFiles/realsense2_camera_msgs__rosidl_typesupport_fastrtps_cpp.dir/rosidl_typesupport_fastrtps_cpp/realsense2_camera_msgs/msg/detail/dds_fastrtps/imu_info__type_support.cpp.o[0m
[8.677s] [ 30%] [32mBuilding CXX object CMakeFiles/realsense2_camera_msgs__rosidl_typesupport_fastrtps_cpp.dir/rosidl_typesupport_fastrtps_cpp/realsense2_camera_msgs/msg/detail/dds_fastrtps/extrinsics__type_support.cpp.o[0m
[9.101s] [ 32%] [32mBuilding CXX object CMakeFiles/realsense2_camera_msgs__rosidl_typesupport_fastrtps_cpp.dir/rosidl_typesupport_fastrtps_cpp/realsense2_camera_msgs/msg/detail/dds_fastrtps/metadata__type_support.cpp.o[0m
[9.230s] [ 34%] [32mBuilding CXX object CMakeFiles/realsense2_camera_msgs__rosidl_typesupport_cpp.dir/rosidl_typesupport_cpp/realsense2_camera_msgs/srv/device_info__type_support.cpp.o[0m
[9.847s] [ 36%] [32mBuilding CXX object CMakeFiles/realsense2_camera_msgs__rosidl_typesupport_fastrtps_c.dir/rosidl_typesupport_fastrtps_c/realsense2_camera_msgs/msg/detail/imu_info__type_support_c.cpp.o[0m
[10.404s] [ 38%] [32m[1mLinking CXX shared library librealsense2_camera_msgs__rosidl_typesupport_cpp.so[0m
[10.646s] [ 38%] Built target realsense2_camera_msgs__rosidl_typesupport_cpp
[10.670s] [ 40%] [32mBuilding CXX object CMakeFiles/realsense2_camera_msgs__rosidl_typesupport_introspection_cpp.dir/rosidl_typesupport_introspection_cpp/realsense2_camera_msgs/msg/detail/extrinsics__type_support.cpp.o[0m
[10.726s] [ 41%] [34m[1mGenerating C introspection for ROS interfaces[0m
[10.728s] [ 43%] [32mBuilding CXX object CMakeFiles/realsense2_camera_msgs__rosidl_typesupport_fastrtps_cpp.dir/rosidl_typesupport_fastrtps_cpp/realsense2_camera_msgs/srv/detail/dds_fastrtps/device_info__type_support.cpp.o[0m
[10.799s] [ 45%] [34m[1mGenerating C type support dispatch for ROS interfaces[0m
[11.315s] [ 47%] [32mBuilding CXX object CMakeFiles/realsense2_camera_msgs__rosidl_typesupport_introspection_cpp.dir/rosidl_typesupport_introspection_cpp/realsense2_camera_msgs/msg/detail/metadata__type_support.cpp.o[0m
[11.509s] [ 49%] [32mBuilding CXX object CMakeFiles/realsense2_camera_msgs__rosidl_typesupport_fastrtps_c.dir/rosidl_typesupport_fastrtps_c/realsense2_camera_msgs/msg/detail/extrinsics__type_support_c.cpp.o[0m
[12.582s] [ 50%] [32mBuilding CXX object CMakeFiles/realsense2_camera_msgs__rosidl_typesupport_c.dir/rosidl_typesupport_c/realsense2_camera_msgs/msg/imu_info__type_support.cpp.o[0m
[12.770s] [ 52%] [32mBuilding CXX object CMakeFiles/realsense2_camera_msgs__rosidl_typesupport_c.dir/rosidl_typesupport_c/realsense2_camera_msgs/msg/extrinsics__type_support.cpp.o[0m
[12.806s] [ 54%] [32mBuilding CXX object CMakeFiles/realsense2_camera_msgs__rosidl_typesupport_introspection_cpp.dir/rosidl_typesupport_introspection_cpp/realsense2_camera_msgs/srv/detail/device_info__type_support.cpp.o[0m
[12.975s] [ 56%] [32mBuilding CXX object CMakeFiles/realsense2_camera_msgs__rosidl_typesupport_c.dir/rosidl_typesupport_c/realsense2_camera_msgs/msg/metadata__type_support.cpp.o[0m
[13.024s] [ 58%] [32m[1mLinking CXX shared library librealsense2_camera_msgs__rosidl_typesupport_fastrtps_cpp.so[0m
[13.179s] [ 60%] [32mBuilding CXX object CMakeFiles/realsense2_camera_msgs__rosidl_typesupport_c.dir/rosidl_typesupport_c/realsense2_camera_msgs/srv/device_info__type_support.cpp.o[0m
[13.200s] [ 61%] [32mBuilding C object CMakeFiles/realsense2_camera_msgs__rosidl_typesupport_introspection_c.dir/rosidl_typesupport_introspection_c/realsense2_camera_msgs/msg/detail/imu_info__type_support.c.o[0m
[13.210s] [ 63%] [32mBuilding CXX object CMakeFiles/realsense2_camera_msgs__rosidl_typesupport_fastrtps_c.dir/rosidl_typesupport_fastrtps_c/realsense2_camera_msgs/msg/detail/metadata__type_support_c.cpp.o[0m
[13.267s] [ 65%] [32mBuilding C object CMakeFiles/realsense2_camera_msgs__rosidl_typesupport_introspection_c.dir/rosidl_typesupport_introspection_c/realsense2_camera_msgs/msg/detail/extrinsics__type_support.c.o[0m
[13.376s] [ 67%] [32m[1mLinking CXX shared library librealsense2_camera_msgs__rosidl_typesupport_c.so[0m
[13.466s] [ 67%] Built target realsense2_camera_msgs__rosidl_typesupport_fastrtps_cpp
[13.514s] [ 70%] [32mBuilding C object CMakeFiles/realsense2_camera_msgs__rosidl_typesupport_introspection_c.dir/rosidl_typesupport_introspection_c/realsense2_camera_msgs/msg/detail/metadata__type_support.c.o[0m
[13.526s] [ 70%] [32mBuilding CXX object CMakeFiles/realsense2_camera_msgs__rosidl_typesupport_fastrtps_c.dir/rosidl_typesupport_fastrtps_c/realsense2_camera_msgs/srv/detail/device_info__type_support_c.cpp.o[0m
[13.530s] [ 72%] [32mBuilding C object CMakeFiles/realsense2_camera_msgs__rosidl_typesupport_introspection_c.dir/rosidl_typesupport_introspection_c/realsense2_camera_msgs/srv/detail/device_info__type_support.c.o[0m
[13.599s] [ 72%] Built target realsense2_camera_msgs__rosidl_typesupport_c
[13.799s] [ 74%] [32m[1mLinking C shared library librealsense2_camera_msgs__rosidl_typesupport_introspection_c.so[0m
[14.016s] [ 74%] Built target realsense2_camera_msgs__rosidl_typesupport_introspection_c
[14.646s] [ 76%] [32m[1mLinking CXX shared library librealsense2_camera_msgs__rosidl_typesupport_introspection_cpp.so[0m
[14.872s] [ 76%] Built target realsense2_camera_msgs__rosidl_typesupport_introspection_cpp
[14.970s] [ 78%] [32m[1mLinking CXX shared library librealsense2_camera_msgs__rosidl_typesupport_fastrtps_c.so[0m
[15.300s] [ 78%] Built target realsense2_camera_msgs__rosidl_typesupport_fastrtps_c
[15.434s] [ 78%] Built target realsense2_camera_msgs
[15.511s] [ 80%] [34m[1mGenerating Python code for ROS interfaces[0m
[17.746s] [ 80%] Built target realsense2_camera_msgs__py
[17.879s] [ 81%] [32mBuilding C object CMakeFiles/realsense2_camera_msgs__rosidl_generator_py.dir/rosidl_generator_py/realsense2_camera_msgs/msg/_imu_info_s.c.o[0m
[17.895s] [ 83%] [32mBuilding C object CMakeFiles/realsense2_camera_msgs__rosidl_generator_py.dir/rosidl_generator_py/realsense2_camera_msgs/msg/_extrinsics_s.c.o[0m
[17.908s] [ 87%] [32mBuilding C object CMakeFiles/realsense2_camera_msgs__rosidl_generator_py.dir/rosidl_generator_py/realsense2_camera_msgs/msg/_metadata_s.c.o[0m
[17.911s] [ 85%] [32mBuilding C object CMakeFiles/realsense2_camera_msgs__rosidl_generator_py.dir/rosidl_generator_py/realsense2_camera_msgs/srv/_device_info_s.c.o[0m
[18.594s] [ 89%] [32m[1mLinking C shared library rosidl_generator_py/realsense2_camera_msgs/librealsense2_camera_msgs__rosidl_generator_py.so[0m
[18.858s] [ 89%] Built target realsense2_camera_msgs__rosidl_generator_py
[19.009s] [ 90%] [32mBuilding C object CMakeFiles/realsense2_camera_msgs__rosidl_typesupport_fastrtps_c__pyext.dir/rosidl_generator_py/realsense2_camera_msgs/_realsense2_camera_msgs_s.ep.rosidl_typesupport_fastrtps_c.c.o[0m
[19.038s] [ 92%] [32mBuilding C object CMakeFiles/realsense2_camera_msgs__rosidl_typesupport_c__pyext.dir/rosidl_generator_py/realsense2_camera_msgs/_realsense2_camera_msgs_s.ep.rosidl_typesupport_c.c.o[0m
[19.065s] [ 94%] [32mBuilding C object CMakeFiles/realsense2_camera_msgs__rosidl_typesupport_introspection_c__pyext.dir/rosidl_generator_py/realsense2_camera_msgs/_realsense2_camera_msgs_s.ep.rosidl_typesupport_introspection_c.c.o[0m
[19.610s] [ 96%] [32m[1mLinking C shared library rosidl_generator_py/realsense2_camera_msgs/realsense2_camera_msgs_s__rosidl_typesupport_fastrtps_c.cpython-310-aarch64-linux-gnu.so[0m
[19.657s] [ 98%] [32m[1mLinking C shared library rosidl_generator_py/realsense2_camera_msgs/realsense2_camera_msgs_s__rosidl_typesupport_c.cpython-310-aarch64-linux-gnu.so[0m
[19.783s] [ 98%] Built target realsense2_camera_msgs__rosidl_typesupport_fastrtps_c__pyext
[19.847s] [ 98%] Built target realsense2_camera_msgs__rosidl_typesupport_c__pyext
[19.912s] [100%] [32m[1mLinking C shared library rosidl_generator_py/realsense2_camera_msgs/realsense2_camera_msgs_s__rosidl_typesupport_introspection_c.cpython-310-aarch64-linux-gnu.so[0m
[20.111s] [100%] Built target realsense2_camera_msgs__rosidl_typesupport_introspection_c__pyext
[20.165s] Invoked command in '/home/dcubot/DCUBOT/build/realsense2_camera_msgs' returned '0': CMAKE_PREFIX_PATH=${CMAKE_PREFIX_PATH}:/home/dcubot/DCUBOT/install/powertrain:/opt/ros/humble /usr/bin/cmake --build /home/dcubot/DCUBOT/build/realsense2_camera_msgs -- -j6 -l6
[20.234s] Invoking command in '/home/dcubot/DCUBOT/build/realsense2_camera_msgs': CMAKE_PREFIX_PATH=${CMAKE_PREFIX_PATH}:/home/dcubot/DCUBOT/install/powertrain:/opt/ros/humble /usr/bin/cmake --install /home/dcubot/DCUBOT/build/realsense2_camera_msgs
[20.264s] -- Install configuration: "Release"
[20.265s] -- Execute custom install script
[20.266s] -- Symlinking: /home/dcubot/DCUBOT/install/realsense2_camera_msgs/share/ament_index/resource_index/rosidl_interfaces/realsense2_camera_msgs
[20.320s] -- Symlinking: /home/dcubot/DCUBOT/install/realsense2_camera_msgs/include/realsense2_camera_msgs/realsense2_camera_msgs/msg/detail/extrinsics__functions.h
[20.365s] -- Symlinking: /home/dcubot/DCUBOT/install/realsense2_camera_msgs/include/realsense2_camera_msgs/realsense2_camera_msgs/msg/detail/extrinsics__struct.h
[20.416s] -- Symlinking: /home/dcubot/DCUBOT/install/realsense2_camera_msgs/include/realsense2_camera_msgs/realsense2_camera_msgs/msg/detail/extrinsics__type_support.h
[20.470s] -- Symlinking: /home/dcubot/DCUBOT/install/realsense2_camera_msgs/include/realsense2_camera_msgs/realsense2_camera_msgs/msg/detail/imu_info__functions.h
[20.531s] -- Symlinking: /home/dcubot/DCUBOT/install/realsense2_camera_msgs/include/realsense2_camera_msgs/realsense2_camera_msgs/msg/detail/imu_info__struct.h
[20.573s] -- Symlinking: /home/dcubot/DCUBOT/install/realsense2_camera_msgs/include/realsense2_camera_msgs/realsense2_camera_msgs/msg/detail/imu_info__type_support.h
[20.620s] -- Symlinking: /home/dcubot/DCUBOT/install/realsense2_camera_msgs/include/realsense2_camera_msgs/realsense2_camera_msgs/msg/detail/metadata__functions.h
[20.674s] -- Symlinking: /home/dcubot/DCUBOT/install/realsense2_camera_msgs/include/realsense2_camera_msgs/realsense2_camera_msgs/msg/detail/metadata__struct.h
[20.722s] -- Symlinking: /home/dcubot/DCUBOT/install/realsense2_camera_msgs/include/realsense2_camera_msgs/realsense2_camera_msgs/msg/detail/metadata__type_support.h
[20.771s] -- Symlinking: /home/dcubot/DCUBOT/install/realsense2_camera_msgs/include/realsense2_camera_msgs/realsense2_camera_msgs/msg/extrinsics.h
[20.819s] -- Symlinking: /home/dcubot/DCUBOT/install/realsense2_camera_msgs/include/realsense2_camera_msgs/realsense2_camera_msgs/msg/imu_info.h
[20.847s] -- Symlinking: /home/dcubot/DCUBOT/install/realsense2_camera_msgs/include/realsense2_camera_msgs/realsense2_camera_msgs/msg/metadata.h
[20.907s] -- Symlinking: /home/dcubot/DCUBOT/install/realsense2_camera_msgs/include/realsense2_camera_msgs/realsense2_camera_msgs/msg/rosidl_generator_c__visibility_control.h
[20.945s] -- Symlinking: /home/dcubot/DCUBOT/install/realsense2_camera_msgs/include/realsense2_camera_msgs/realsense2_camera_msgs/srv/detail/device_info__functions.h
[20.970s] -- Symlinking: /home/dcubot/DCUBOT/install/realsense2_camera_msgs/include/realsense2_camera_msgs/realsense2_camera_msgs/srv/detail/device_info__struct.h
[21.010s] -- Symlinking: /home/dcubot/DCUBOT/install/realsense2_camera_msgs/include/realsense2_camera_msgs/realsense2_camera_msgs/srv/detail/device_info__type_support.h
[21.050s] -- Symlinking: /home/dcubot/DCUBOT/install/realsense2_camera_msgs/include/realsense2_camera_msgs/realsense2_camera_msgs/srv/device_info.h
[21.110s] -- Symlinking: /home/dcubot/DCUBOT/install/realsense2_camera_msgs/share/realsense2_camera_msgs/environment/library_path.sh
[21.166s] -- Symlinking: /home/dcubot/DCUBOT/install/realsense2_camera_msgs/share/realsense2_camera_msgs/environment/library_path.dsv
[21.219s] -- Symlinking: /home/dcubot/DCUBOT/install/realsense2_camera_msgs/include/realsense2_camera_msgs/realsense2_camera_msgs/msg/detail/extrinsics__rosidl_typesupport_fastrtps_c.h
[21.247s] -- Symlinking: /home/dcubot/DCUBOT/install/realsense2_camera_msgs/include/realsense2_camera_msgs/realsense2_camera_msgs/msg/detail/imu_info__rosidl_typesupport_fastrtps_c.h
[21.267s] -- Symlinking: /home/dcubot/DCUBOT/install/realsense2_camera_msgs/include/realsense2_camera_msgs/realsense2_camera_msgs/msg/detail/metadata__rosidl_typesupport_fastrtps_c.h
[21.287s] -- Symlinking: /home/dcubot/DCUBOT/install/realsense2_camera_msgs/include/realsense2_camera_msgs/realsense2_camera_msgs/msg/rosidl_typesupport_fastrtps_c__visibility_control.h
[21.310s] -- Symlinking: /home/dcubot/DCUBOT/install/realsense2_camera_msgs/include/realsense2_camera_msgs/realsense2_camera_msgs/srv/detail/device_info__rosidl_typesupport_fastrtps_c.h
[21.352s] -- Symlinking: /home/dcubot/DCUBOT/install/realsense2_camera_msgs/include/realsense2_camera_msgs/realsense2_camera_msgs/msg/detail/extrinsics__rosidl_typesupport_introspection_c.h
[21.386s] -- Symlinking: /home/dcubot/DCUBOT/install/realsense2_camera_msgs/include/realsense2_camera_msgs/realsense2_camera_msgs/msg/detail/imu_info__rosidl_typesupport_introspection_c.h
[21.429s] -- Symlinking: /home/dcubot/DCUBOT/install/realsense2_camera_msgs/include/realsense2_camera_msgs/realsense2_camera_msgs/msg/detail/metadata__rosidl_typesupport_introspection_c.h
[21.474s] -- Symlinking: /home/dcubot/DCUBOT/install/realsense2_camera_msgs/include/realsense2_camera_msgs/realsense2_camera_msgs/msg/rosidl_typesupport_introspection_c__visibility_control.h
[21.518s] -- Symlinking: /home/dcubot/DCUBOT/install/realsense2_camera_msgs/include/realsense2_camera_msgs/realsense2_camera_msgs/srv/detail/device_info__rosidl_typesupport_introspection_c.h
[21.579s] -- Symlinking: /home/dcubot/DCUBOT/install/realsense2_camera_msgs/include/realsense2_camera_msgs/realsense2_camera_msgs/msg/detail/extrinsics__builder.hpp
[21.622s] -- Symlinking: /home/dcubot/DCUBOT/install/realsense2_camera_msgs/include/realsense2_camera_msgs/realsense2_camera_msgs/msg/detail/extrinsics__struct.hpp
[21.666s] -- Symlinking: /home/dcubot/DCUBOT/install/realsense2_camera_msgs/include/realsense2_camera_msgs/realsense2_camera_msgs/msg/detail/extrinsics__traits.hpp
[21.714s] -- Symlinking: /home/dcubot/DCUBOT/install/realsense2_camera_msgs/include/realsense2_camera_msgs/realsense2_camera_msgs/msg/detail/extrinsics__type_support.hpp
[21.762s] -- Symlinking: /home/dcubot/DCUBOT/install/realsense2_camera_msgs/include/realsense2_camera_msgs/realsense2_camera_msgs/msg/detail/imu_info__builder.hpp
[21.795s] -- Symlinking: /home/dcubot/DCUBOT/install/realsense2_camera_msgs/include/realsense2_camera_msgs/realsense2_camera_msgs/msg/detail/imu_info__struct.hpp
[21.849s] -- Symlinking: /home/dcubot/DCUBOT/install/realsense2_camera_msgs/include/realsense2_camera_msgs/realsense2_camera_msgs/msg/detail/imu_info__traits.hpp
[21.889s] -- Symlinking: /home/dcubot/DCUBOT/install/realsense2_camera_msgs/include/realsense2_camera_msgs/realsense2_camera_msgs/msg/detail/imu_info__type_support.hpp
[21.909s] -- Symlinking: /home/dcubot/DCUBOT/install/realsense2_camera_msgs/include/realsense2_camera_msgs/realsense2_camera_msgs/msg/detail/metadata__builder.hpp
[21.928s] -- Symlinking: /home/dcubot/DCUBOT/install/realsense2_camera_msgs/include/realsense2_camera_msgs/realsense2_camera_msgs/msg/detail/metadata__struct.hpp
[21.948s] -- Symlinking: /home/dcubot/DCUBOT/install/realsense2_camera_msgs/include/realsense2_camera_msgs/realsense2_camera_msgs/msg/detail/metadata__traits.hpp
[21.969s] -- Symlinking: /home/dcubot/DCUBOT/install/realsense2_camera_msgs/include/realsense2_camera_msgs/realsense2_camera_msgs/msg/detail/metadata__type_support.hpp
[21.989s] -- Symlinking: /home/dcubot/DCUBOT/install/realsense2_camera_msgs/include/realsense2_camera_msgs/realsense2_camera_msgs/msg/extrinsics.hpp
[22.009s] -- Symlinking: /home/dcubot/DCUBOT/install/realsense2_camera_msgs/include/realsense2_camera_msgs/realsense2_camera_msgs/msg/imu_info.hpp
[22.032s] -- Symlinking: /home/dcubot/DCUBOT/install/realsense2_camera_msgs/include/realsense2_camera_msgs/realsense2_camera_msgs/msg/metadata.hpp
[22.059s] -- Symlinking: /home/dcubot/DCUBOT/install/realsense2_camera_msgs/include/realsense2_camera_msgs/realsense2_camera_msgs/msg/rosidl_generator_cpp__visibility_control.hpp
[22.080s] -- Symlinking: /home/dcubot/DCUBOT/install/realsense2_camera_msgs/include/realsense2_camera_msgs/realsense2_camera_msgs/srv/detail/device_info__builder.hpp
[22.102s] -- Symlinking: /home/dcubot/DCUBOT/install/realsense2_camera_msgs/include/realsense2_camera_msgs/realsense2_camera_msgs/srv/detail/device_info__struct.hpp
[22.124s] -- Symlinking: /home/dcubot/DCUBOT/install/realsense2_camera_msgs/include/realsense2_camera_msgs/realsense2_camera_msgs/srv/detail/device_info__traits.hpp
[22.150s] -- Symlinking: /home/dcubot/DCUBOT/install/realsense2_camera_msgs/include/realsense2_camera_msgs/realsense2_camera_msgs/srv/detail/device_info__type_support.hpp
[22.172s] -- Symlinking: /home/dcubot/DCUBOT/install/realsense2_camera_msgs/include/realsense2_camera_msgs/realsense2_camera_msgs/srv/device_info.hpp
[22.219s] -- Symlinking: /home/dcubot/DCUBOT/install/realsense2_camera_msgs/include/realsense2_camera_msgs/realsense2_camera_msgs/msg/detail/extrinsics__rosidl_typesupport_fastrtps_cpp.hpp
[22.273s] -- Symlinking: /home/dcubot/DCUBOT/install/realsense2_camera_msgs/include/realsense2_camera_msgs/realsense2_camera_msgs/msg/detail/imu_info__rosidl_typesupport_fastrtps_cpp.hpp
[22.335s] -- Symlinking: /home/dcubot/DCUBOT/install/realsense2_camera_msgs/include/realsense2_camera_msgs/realsense2_camera_msgs/msg/detail/metadata__rosidl_typesupport_fastrtps_cpp.hpp
[22.394s] -- Symlinking: /home/dcubot/DCUBOT/install/realsense2_camera_msgs/include/realsense2_camera_msgs/realsense2_camera_msgs/msg/rosidl_typesupport_fastrtps_cpp__visibility_control.h
[22.447s] -- Symlinking: /home/dcubot/DCUBOT/install/realsense2_camera_msgs/include/realsense2_camera_msgs/realsense2_camera_msgs/srv/detail/device_info__rosidl_typesupport_fastrtps_cpp.hpp
[22.494s] -- Symlinking: /home/dcubot/DCUBOT/install/realsense2_camera_msgs/include/realsense2_camera_msgs/realsense2_camera_msgs/msg/detail/extrinsics__rosidl_typesupport_introspection_cpp.hpp
[22.538s] -- Symlinking: /home/dcubot/DCUBOT/install/realsense2_camera_msgs/include/realsense2_camera_msgs/realsense2_camera_msgs/msg/detail/imu_info__rosidl_typesupport_introspection_cpp.hpp
[22.581s] -- Symlinking: /home/dcubot/DCUBOT/install/realsense2_camera_msgs/include/realsense2_camera_msgs/realsense2_camera_msgs/msg/detail/metadata__rosidl_typesupport_introspection_cpp.hpp
[22.624s] -- Symlinking: /home/dcubot/DCUBOT/install/realsense2_camera_msgs/include/realsense2_camera_msgs/realsense2_camera_msgs/srv/detail/device_info__rosidl_typesupport_introspection_cpp.hpp
[22.650s] -- Symlinking: /home/dcubot/DCUBOT/install/realsense2_camera_msgs/share/realsense2_camera_msgs/environment/pythonpath.sh
[22.672s] -- Symlinking: /home/dcubot/DCUBOT/install/realsense2_camera_msgs/share/realsense2_camera_msgs/environment/pythonpath.dsv
[22.693s] -- Symlinking: /home/dcubot/DCUBOT/install/realsense2_camera_msgs/local/lib/python3.10/dist-packages/realsense2_camera_msgs-4.54.1-py3.10.egg-info/PKG-INFO
[22.742s] -- Symlinking: /home/dcubot/DCUBOT/install/realsense2_camera_msgs/local/lib/python3.10/dist-packages/realsense2_camera_msgs-4.54.1-py3.10.egg-info/SOURCES.txt
[22.786s] -- Symlinking: /home/dcubot/DCUBOT/install/realsense2_camera_msgs/local/lib/python3.10/dist-packages/realsense2_camera_msgs-4.54.1-py3.10.egg-info/dependency_links.txt
[22.826s] -- Symlinking: /home/dcubot/DCUBOT/install/realsense2_camera_msgs/local/lib/python3.10/dist-packages/realsense2_camera_msgs-4.54.1-py3.10.egg-info/top_level.txt
[22.879s] -- Symlinking: /home/dcubot/DCUBOT/install/realsense2_camera_msgs/local/lib/python3.10/dist-packages/realsense2_camera_msgs/__init__.py
[22.913s] -- Symlinking: /home/dcubot/DCUBOT/install/realsense2_camera_msgs/local/lib/python3.10/dist-packages/realsense2_camera_msgs/_realsense2_camera_msgs_s.ep.rosidl_typesupport_c.c
[22.933s] -- Symlinking: /home/dcubot/DCUBOT/install/realsense2_camera_msgs/local/lib/python3.10/dist-packages/realsense2_camera_msgs/_realsense2_camera_msgs_s.ep.rosidl_typesupport_fastrtps_c.c
[22.952s] -- Symlinking: /home/dcubot/DCUBOT/install/realsense2_camera_msgs/local/lib/python3.10/dist-packages/realsense2_camera_msgs/_realsense2_camera_msgs_s.ep.rosidl_typesupport_introspection_c.c
[22.980s] -- Symlinking: /home/dcubot/DCUBOT/install/realsense2_camera_msgs/local/lib/python3.10/dist-packages/realsense2_camera_msgs/librealsense2_camera_msgs__rosidl_generator_py.so
[23.021s] -- Symlinking: /home/dcubot/DCUBOT/install/realsense2_camera_msgs/local/lib/python3.10/dist-packages/realsense2_camera_msgs/msg/__init__.py
[23.061s] -- Symlinking: /home/dcubot/DCUBOT/install/realsense2_camera_msgs/local/lib/python3.10/dist-packages/realsense2_camera_msgs/msg/_extrinsics.py
[23.115s] -- Symlinking: /home/dcubot/DCUBOT/install/realsense2_camera_msgs/local/lib/python3.10/dist-packages/realsense2_camera_msgs/msg/_extrinsics_s.c
[23.175s] -- Symlinking: /home/dcubot/DCUBOT/install/realsense2_camera_msgs/local/lib/python3.10/dist-packages/realsense2_camera_msgs/msg/_imu_info.py
[23.222s] -- Symlinking: /home/dcubot/DCUBOT/install/realsense2_camera_msgs/local/lib/python3.10/dist-packages/realsense2_camera_msgs/msg/_imu_info_s.c
[23.267s] -- Symlinking: /home/dcubot/DCUBOT/install/realsense2_camera_msgs/local/lib/python3.10/dist-packages/realsense2_camera_msgs/msg/_metadata.py
[23.311s] -- Symlinking: /home/dcubot/DCUBOT/install/realsense2_camera_msgs/local/lib/python3.10/dist-packages/realsense2_camera_msgs/msg/_metadata_s.c
[23.367s] -- Symlinking: /home/dcubot/DCUBOT/install/realsense2_camera_msgs/local/lib/python3.10/dist-packages/realsense2_camera_msgs/realsense2_camera_msgs_s__rosidl_typesupport_c.cpython-310-aarch64-linux-gnu.so
[23.414s] -- Symlinking: /home/dcubot/DCUBOT/install/realsense2_camera_msgs/local/lib/python3.10/dist-packages/realsense2_camera_msgs/realsense2_camera_msgs_s__rosidl_typesupport_fastrtps_c.cpython-310-aarch64-linux-gnu.so
[23.465s] -- Symlinking: /home/dcubot/DCUBOT/install/realsense2_camera_msgs/local/lib/python3.10/dist-packages/realsense2_camera_msgs/realsense2_camera_msgs_s__rosidl_typesupport_introspection_c.cpython-310-aarch64-linux-gnu.so
[23.513s] -- Symlinking: /home/dcubot/DCUBOT/install/realsense2_camera_msgs/local/lib/python3.10/dist-packages/realsense2_camera_msgs/srv/__init__.py
[23.556s] -- Symlinking: /home/dcubot/DCUBOT/install/realsense2_camera_msgs/local/lib/python3.10/dist-packages/realsense2_camera_msgs/srv/_device_info.py
[23.606s] -- Symlinking: /home/dcubot/DCUBOT/install/realsense2_camera_msgs/local/lib/python3.10/dist-packages/realsense2_camera_msgs/srv/_device_info_s.c
[23.649s] -- Up-to-date symlink: /home/dcubot/DCUBOT/install/realsense2_camera_msgs/local/lib/python3.10/dist-packages/realsense2_camera_msgs/realsense2_camera_msgs_s__rosidl_typesupport_fastrtps_c.cpython-310-aarch64-linux-gnu.so
[23.650s] -- Up-to-date symlink: /home/dcubot/DCUBOT/install/realsense2_camera_msgs/local/lib/python3.10/dist-packages/realsense2_camera_msgs/realsense2_camera_msgs_s__rosidl_typesupport_introspection_c.cpython-310-aarch64-linux-gnu.so
[23.650s] -- Up-to-date symlink: /home/dcubot/DCUBOT/install/realsense2_camera_msgs/local/lib/python3.10/dist-packages/realsense2_camera_msgs/realsense2_camera_msgs_s__rosidl_typesupport_c.cpython-310-aarch64-linux-gnu.so
[23.650s] -- Symlinking: /home/dcubot/DCUBOT/install/realsense2_camera_msgs/share/realsense2_camera_msgs/msg/IMUInfo.idl
[23.690s] -- Symlinking: /home/dcubot/DCUBOT/install/realsense2_camera_msgs/share/realsense2_camera_msgs/msg/Extrinsics.idl
[23.738s] -- Symlinking: /home/dcubot/DCUBOT/install/realsense2_camera_msgs/share/realsense2_camera_msgs/msg/Metadata.idl
[23.786s] -- Symlinking: /home/dcubot/DCUBOT/install/realsense2_camera_msgs/share/realsense2_camera_msgs/srv/DeviceInfo.idl
[23.826s] -- Symlinking: /home/dcubot/DCUBOT/install/realsense2_camera_msgs/share/realsense2_camera_msgs/msg/IMUInfo.msg
[23.874s] -- Symlinking: /home/dcubot/DCUBOT/install/realsense2_camera_msgs/share/realsense2_camera_msgs/msg/Extrinsics.msg
[23.914s] -- Symlinking: /home/dcubot/DCUBOT/install/realsense2_camera_msgs/share/realsense2_camera_msgs/msg/Metadata.msg
[23.945s] -- Symlinking: /home/dcubot/DCUBOT/install/realsense2_camera_msgs/share/realsense2_camera_msgs/srv/DeviceInfo.srv
[23.967s] -- Symlinking: /home/dcubot/DCUBOT/install/realsense2_camera_msgs/share/realsense2_camera_msgs/srv/DeviceInfo_Request.msg
[23.987s] -- Symlinking: /home/dcubot/DCUBOT/install/realsense2_camera_msgs/share/realsense2_camera_msgs/srv/DeviceInfo_Response.msg
[24.007s] -- Symlinking: /home/dcubot/DCUBOT/install/realsense2_camera_msgs/share/ament_index/resource_index/package_run_dependencies/realsense2_camera_msgs
[24.028s] -- Symlinking: /home/dcubot/DCUBOT/install/realsense2_camera_msgs/share/ament_index/resource_index/parent_prefix_path/realsense2_camera_msgs
[24.048s] -- Symlinking: /home/dcubot/DCUBOT/install/realsense2_camera_msgs/share/realsense2_camera_msgs/environment/ament_prefix_path.sh
[24.067s] -- Symlinking: /home/dcubot/DCUBOT/install/realsense2_camera_msgs/share/realsense2_camera_msgs/environment/ament_prefix_path.dsv
[24.088s] -- Symlinking: /home/dcubot/DCUBOT/install/realsense2_camera_msgs/share/realsense2_camera_msgs/environment/path.sh
[24.107s] -- Symlinking: /home/dcubot/DCUBOT/install/realsense2_camera_msgs/share/realsense2_camera_msgs/environment/path.dsv
[24.126s] -- Symlinking: /home/dcubot/DCUBOT/install/realsense2_camera_msgs/share/realsense2_camera_msgs/local_setup.bash
[24.146s] -- Symlinking: /home/dcubot/DCUBOT/install/realsense2_camera_msgs/share/realsense2_camera_msgs/local_setup.sh
[24.202s] -- Symlinking: /home/dcubot/DCUBOT/install/realsense2_camera_msgs/share/realsense2_camera_msgs/local_setup.zsh
[24.253s] -- Symlinking: /home/dcubot/DCUBOT/install/realsense2_camera_msgs/share/realsense2_camera_msgs/local_setup.dsv
[24.278s] -- Symlinking: /home/dcubot/DCUBOT/install/realsense2_camera_msgs/share/realsense2_camera_msgs/package.dsv
[24.300s] -- Symlinking: /home/dcubot/DCUBOT/install/realsense2_camera_msgs/share/ament_index/resource_index/packages/realsense2_camera_msgs
[24.323s] -- Symlinking: /home/dcubot/DCUBOT/install/realsense2_camera_msgs/share/realsense2_camera_msgs/cmake/rosidl_cmake-extras.cmake
[24.344s] -- Symlinking: /home/dcubot/DCUBOT/install/realsense2_camera_msgs/share/realsense2_camera_msgs/cmake/ament_cmake_export_dependencies-extras.cmake
[24.366s] -- Symlinking: /home/dcubot/DCUBOT/install/realsense2_camera_msgs/share/realsense2_camera_msgs/cmake/ament_cmake_export_include_directories-extras.cmake
[24.388s] -- Symlinking: /home/dcubot/DCUBOT/install/realsense2_camera_msgs/share/realsense2_camera_msgs/cmake/ament_cmake_export_libraries-extras.cmake
[24.409s] -- Symlinking: /home/dcubot/DCUBOT/install/realsense2_camera_msgs/share/realsense2_camera_msgs/cmake/ament_cmake_export_targets-extras.cmake
[24.430s] -- Symlinking: /home/dcubot/DCUBOT/install/realsense2_camera_msgs/share/realsense2_camera_msgs/cmake/rosidl_cmake_export_typesupport_targets-extras.cmake
[24.468s] -- Symlinking: /home/dcubot/DCUBOT/install/realsense2_camera_msgs/share/realsense2_camera_msgs/cmake/rosidl_cmake_export_typesupport_libraries-extras.cmake
[24.520s] -- Symlinking: /home/dcubot/DCUBOT/install/realsense2_camera_msgs/share/realsense2_camera_msgs/cmake/realsense2_camera_msgsConfig.cmake
[24.575s] -- Symlinking: /home/dcubot/DCUBOT/install/realsense2_camera_msgs/share/realsense2_camera_msgs/cmake/realsense2_camera_msgsConfig-version.cmake
[24.621s] -- Symlinking: /home/dcubot/DCUBOT/install/realsense2_camera_msgs/share/realsense2_camera_msgs/package.xml
[24.658s] -- Installing: /home/dcubot/DCUBOT/install/realsense2_camera_msgs/lib/librealsense2_camera_msgs__rosidl_generator_c.so
[24.658s] -- Set runtime path of "/home/dcubot/DCUBOT/install/realsense2_camera_msgs/lib/librealsense2_camera_msgs__rosidl_generator_c.so" to ""
[24.658s] -- Installing: /home/dcubot/DCUBOT/install/realsense2_camera_msgs/lib/librealsense2_camera_msgs__rosidl_typesupport_fastrtps_c.so
[24.659s] -- Set runtime path of "/home/dcubot/DCUBOT/install/realsense2_camera_msgs/lib/librealsense2_camera_msgs__rosidl_typesupport_fastrtps_c.so" to ""
[24.659s] -- Installing: /home/dcubot/DCUBOT/install/realsense2_camera_msgs/lib/librealsense2_camera_msgs__rosidl_typesupport_introspection_c.so
[24.659s] -- Set runtime path of "/home/dcubot/DCUBOT/install/realsense2_camera_msgs/lib/librealsense2_camera_msgs__rosidl_typesupport_introspection_c.so" to ""
[24.660s] -- Installing: /home/dcubot/DCUBOT/install/realsense2_camera_msgs/lib/librealsense2_camera_msgs__rosidl_typesupport_c.so
[24.660s] -- Set runtime path of "/home/dcubot/DCUBOT/install/realsense2_camera_msgs/lib/librealsense2_camera_msgs__rosidl_typesupport_c.so" to ""
[24.660s] -- Installing: /home/dcubot/DCUBOT/install/realsense2_camera_msgs/lib/librealsense2_camera_msgs__rosidl_typesupport_fastrtps_cpp.so
[24.661s] -- Set runtime path of "/home/dcubot/DCUBOT/install/realsense2_camera_msgs/lib/librealsense2_camera_msgs__rosidl_typesupport_fastrtps_cpp.so" to ""
[24.661s] -- Installing: /home/dcubot/DCUBOT/install/realsense2_camera_msgs/lib/librealsense2_camera_msgs__rosidl_typesupport_introspection_cpp.so
[24.662s] -- Set runtime path of "/home/dcubot/DCUBOT/install/realsense2_camera_msgs/lib/librealsense2_camera_msgs__rosidl_typesupport_introspection_cpp.so" to ""
[24.662s] -- Installing: /home/dcubot/DCUBOT/install/realsense2_camera_msgs/lib/librealsense2_camera_msgs__rosidl_typesupport_cpp.so
[24.662s] -- Set runtime path of "/home/dcubot/DCUBOT/install/realsense2_camera_msgs/lib/librealsense2_camera_msgs__rosidl_typesupport_cpp.so" to ""
[24.812s] Listing '/home/dcubot/DCUBOT/install/realsense2_camera_msgs/local/lib/python3.10/dist-packages/realsense2_camera_msgs'...
[24.812s] Compiling '/home/dcubot/DCUBOT/install/realsense2_camera_msgs/local/lib/python3.10/dist-packages/realsense2_camera_msgs/__init__.py'...
[24.812s] Listing '/home/dcubot/DCUBOT/install/realsense2_camera_msgs/local/lib/python3.10/dist-packages/realsense2_camera_msgs/msg'...
[24.812s] Compiling '/home/dcubot/DCUBOT/install/realsense2_camera_msgs/local/lib/python3.10/dist-packages/realsense2_camera_msgs/msg/__init__.py'...
[24.813s] Compiling '/home/dcubot/DCUBOT/install/realsense2_camera_msgs/local/lib/python3.10/dist-packages/realsense2_camera_msgs/msg/_extrinsics.py'...
[24.813s] Compiling '/home/dcubot/DCUBOT/install/realsense2_camera_msgs/local/lib/python3.10/dist-packages/realsense2_camera_msgs/msg/_imu_info.py'...
[24.813s] Compiling '/home/dcubot/DCUBOT/install/realsense2_camera_msgs/local/lib/python3.10/dist-packages/realsense2_camera_msgs/msg/_metadata.py'...
[24.813s] Listing '/home/dcubot/DCUBOT/install/realsense2_camera_msgs/local/lib/python3.10/dist-packages/realsense2_camera_msgs/srv'...
[24.813s] Compiling '/home/dcubot/DCUBOT/install/realsense2_camera_msgs/local/lib/python3.10/dist-packages/realsense2_camera_msgs/srv/__init__.py'...
[24.813s] Compiling '/home/dcubot/DCUBOT/install/realsense2_camera_msgs/local/lib/python3.10/dist-packages/realsense2_camera_msgs/srv/_device_info.py'...
[24.826s] -- Installing: /home/dcubot/DCUBOT/install/realsense2_camera_msgs/lib/librealsense2_camera_msgs__rosidl_generator_py.so
[24.826s] -- Set runtime path of "/home/dcubot/DCUBOT/install/realsense2_camera_msgs/lib/librealsense2_camera_msgs__rosidl_generator_py.so" to ""
[24.827s] -- Installing: /home/dcubot/DCUBOT/install/realsense2_camera_msgs/share/realsense2_camera_msgs/cmake/export_realsense2_camera_msgs__rosidl_generator_cExport.cmake
[24.827s] -- Installing: /home/dcubot/DCUBOT/install/realsense2_camera_msgs/share/realsense2_camera_msgs/cmake/export_realsense2_camera_msgs__rosidl_generator_cExport-release.cmake
[24.827s] -- Installing: /home/dcubot/DCUBOT/install/realsense2_camera_msgs/share/realsense2_camera_msgs/cmake/export_realsense2_camera_msgs__rosidl_typesupport_fastrtps_cExport.cmake
[24.827s] -- Installing: /home/dcubot/DCUBOT/install/realsense2_camera_msgs/share/realsense2_camera_msgs/cmake/export_realsense2_camera_msgs__rosidl_typesupport_fastrtps_cExport-release.cmake
[24.827s] -- Installing: /home/dcubot/DCUBOT/install/realsense2_camera_msgs/share/realsense2_camera_msgs/cmake/realsense2_camera_msgs__rosidl_typesupport_introspection_cExport.cmake
[24.828s] -- Installing: /home/dcubot/DCUBOT/install/realsense2_camera_msgs/share/realsense2_camera_msgs/cmake/realsense2_camera_msgs__rosidl_typesupport_introspection_cExport-release.cmake
[24.828s] -- Installing: /home/dcubot/DCUBOT/install/realsense2_camera_msgs/share/realsense2_camera_msgs/cmake/realsense2_camera_msgs__rosidl_typesupport_cExport.cmake
[24.828s] -- Installing: /home/dcubot/DCUBOT/install/realsense2_camera_msgs/share/realsense2_camera_msgs/cmake/realsense2_camera_msgs__rosidl_typesupport_cExport-release.cmake
[24.829s] -- Installing: /home/dcubot/DCUBOT/install/realsense2_camera_msgs/share/realsense2_camera_msgs/cmake/export_realsense2_camera_msgs__rosidl_generator_cppExport.cmake
[24.830s] -- Installing: /home/dcubot/DCUBOT/install/realsense2_camera_msgs/share/realsense2_camera_msgs/cmake/export_realsense2_camera_msgs__rosidl_typesupport_fastrtps_cppExport.cmake
[24.831s] -- Installing: /home/dcubot/DCUBOT/install/realsense2_camera_msgs/share/realsense2_camera_msgs/cmake/export_realsense2_camera_msgs__rosidl_typesupport_fastrtps_cppExport-release.cmake
[24.831s] -- Installing: /home/dcubot/DCUBOT/install/realsense2_camera_msgs/share/realsense2_camera_msgs/cmake/realsense2_camera_msgs__rosidl_typesupport_introspection_cppExport.cmake
[24.831s] -- Installing: /home/dcubot/DCUBOT/install/realsense2_camera_msgs/share/realsense2_camera_msgs/cmake/realsense2_camera_msgs__rosidl_typesupport_introspection_cppExport-release.cmake
[24.831s] -- Installing: /home/dcubot/DCUBOT/install/realsense2_camera_msgs/share/realsense2_camera_msgs/cmake/realsense2_camera_msgs__rosidl_typesupport_cppExport.cmake
[24.831s] -- Installing: /home/dcubot/DCUBOT/install/realsense2_camera_msgs/share/realsense2_camera_msgs/cmake/realsense2_camera_msgs__rosidl_typesupport_cppExport-release.cmake
[24.831s] -- Installing: /home/dcubot/DCUBOT/install/realsense2_camera_msgs/share/realsense2_camera_msgs/cmake/export_realsense2_camera_msgs__rosidl_generator_pyExport.cmake
[24.832s] -- Installing: /home/dcubot/DCUBOT/install/realsense2_camera_msgs/share/realsense2_camera_msgs/cmake/export_realsense2_camera_msgs__rosidl_generator_pyExport-release.cmake
[24.838s] Invoked command in '/home/dcubot/DCUBOT/build/realsense2_camera_msgs' returned '0': CMAKE_PREFIX_PATH=${CMAKE_PREFIX_PATH}:/home/dcubot/DCUBOT/install/powertrain:/opt/ros/humble /usr/bin/cmake --install /home/dcubot/DCUBOT/build/realsense2_camera_msgs
