[0.515s] Invoking command in '/home/choe/DCUBOT/src/powertrain': PYTHONPATH=/home/choe/DCUBOT/build/powertrain/prefix_override:/usr/lib/python3/dist-packages/colcon_core/task/python/colcon_distutils_commands:/home/choe/DCUBOT/install/powertrain/lib/python3.10/site-packages:${PYTHONPATH} /usr/bin/python3 -W ignore:setup.py install is deprecated -W ignore:easy_install command is deprecated setup.py egg_info --egg-base ../../build/powertrain build --build-base /home/choe/DCUBOT/build/powertrain/build install --record /home/choe/DCUBOT/build/powertrain/install.log --single-version-externally-managed install_data
[0.705s] running egg_info
[0.705s] creating ../../build/powertrain/powertrain.egg-info
[0.705s] writing ../../build/powertrain/powertrain.egg-info/PKG-INFO
[0.706s] writing dependency_links to ../../build/powertrain/powertrain.egg-info/dependency_links.txt
[0.706s] writing entry points to ../../build/powertrain/powertrain.egg-info/entry_points.txt
[0.706s] writing requirements to ../../build/powertrain/powertrain.egg-info/requires.txt
[0.706s] writing top-level names to ../../build/powertrain/powertrain.egg-info/top_level.txt
[0.706s] writing manifest file '../../build/powertrain/powertrain.egg-info/SOURCES.txt'
[0.708s] reading manifest file '../../build/powertrain/powertrain.egg-info/SOURCES.txt'
[0.708s] writing manifest file '../../build/powertrain/powertrain.egg-info/SOURCES.txt'
[0.709s] running build
[0.709s] running build_py
[0.709s] creating /home/choe/DCUBOT/build/powertrain/build
[0.709s] creating /home/choe/DCUBOT/build/powertrain/build/lib
[0.709s] creating /home/choe/DCUBOT/build/powertrain/build/lib/powertrain
[0.709s] copying powertrain/__init__.py -> /home/choe/DCUBOT/build/powertrain/build/lib/powertrain
[0.710s] running install
[0.710s] running install_lib
[0.711s] creating /home/choe/DCUBOT/install/powertrain/lib/python3.10/site-packages/powertrain
[0.711s] copying /home/choe/DCUBOT/build/powertrain/build/lib/powertrain/__init__.py -> /home/choe/DCUBOT/install/powertrain/lib/python3.10/site-packages/powertrain
[0.712s] byte-compiling /home/choe/DCUBOT/install/powertrain/lib/python3.10/site-packages/powertrain/__init__.py to __init__.cpython-310.pyc
[0.712s] running install_data
[0.712s] creating /home/choe/DCUBOT/install/powertrain/share/ament_index
[0.712s] creating /home/choe/DCUBOT/install/powertrain/share/ament_index/resource_index
[0.712s] creating /home/choe/DCUBOT/install/powertrain/share/ament_index/resource_index/packages
[0.713s] copying resource/powertrain -> /home/choe/DCUBOT/install/powertrain/share/ament_index/resource_index/packages
[0.713s] copying package.xml -> /home/choe/DCUBOT/install/powertrain/share/powertrain
[0.713s] running install_egg_info
[0.714s] Copying ../../build/powertrain/powertrain.egg-info to /home/choe/DCUBOT/install/powertrain/lib/python3.10/site-packages/powertrain-0.0.0-py3.10.egg-info
[0.715s] running install_scripts
[0.730s] writing list of installed files to '/home/choe/DCUBOT/build/powertrain/install.log'
[0.747s] Invoked command in '/home/choe/DCUBOT/src/powertrain' returned '0': PYTHONPATH=/home/choe/DCUBOT/build/powertrain/prefix_override:/usr/lib/python3/dist-packages/colcon_core/task/python/colcon_distutils_commands:/home/choe/DCUBOT/install/powertrain/lib/python3.10/site-packages:${PYTHONPATH} /usr/bin/python3 -W ignore:setup.py install is deprecated -W ignore:easy_install command is deprecated setup.py egg_info --egg-base ../../build/powertrain build --build-base /home/choe/DCUBOT/build/powertrain/build install --record /home/choe/DCUBOT/build/powertrain/install.log --single-version-externally-managed install_data
