[0.071s] Invoking command in '/home/dcubot/DCUBOT/build/realsense2_camera_msgs': CMAKE_PREFIX_PATH=${CMAKE_PREFIX_PATH}:/home/dcubot/DCUBOT/install/powertrain:/opt/ros/humble /usr/bin/cmake /home/dcubot/DCUBOT/src/realsense-ros/realsense2_camera_msgs -DCMAKE_INSTALL_PREFIX=/home/dcubot/DCUBOT/install/realsense2_camera_msgs
[1.280s] -- Found ament_cmake: 1.3.12 (/opt/ros/humble/share/ament_cmake/cmake)
[1.281s] -- Override CMake install command with custom implementation using symlinks instead of copying resources
[1.282s] -- Found rosidl_default_generators: 1.2.0 (/opt/ros/humble/share/rosidl_default_generators/cmake)
[1.282s] -- Using all available rosidl_typesupport_c: rosidl_typesupport_fastrtps_c;rosidl_typesupport_introspection_c
[1.283s] -- Found rosidl_adapter: 3.1.8 (/opt/ros/humble/share/rosidl_adapter/cmake)
[1.283s] -- Using all available rosidl_typesupport_cpp: rosidl_typesupport_fastrtps_cpp;rosidl_typesupport_introspection_cpp
[1.283s] -- Found builtin_interfaces: 1.2.2 (/opt/ros/humble/share/builtin_interfaces/cmake)
[1.284s] -- Found std_msgs: 4.9.0 (/opt/ros/humble/share/std_msgs/cmake)
[1.284s] -- Found sensor_msgs: 4.9.0 (/opt/ros/humble/share/sensor_msgs/cmake)
[1.544s] -- Found ament_cmake_cppcheck: 0.12.14 (/opt/ros/humble/share/ament_cmake_cppcheck/cmake)
[1.545s] -- Found ament_cmake_cpplint: 0.12.14 (/opt/ros/humble/share/ament_cmake_cpplint/cmake)
[1.547s] -- Found ament_cmake_uncrustify: 0.12.14 (/opt/ros/humble/share/ament_cmake_uncrustify/cmake)
[1.549s] -- Found ament_cmake_ros: 0.10.0 (/opt/ros/humble/share/ament_cmake_ros/cmake)
[2.183s] -- Using all available rosidl_typesupport_c: rosidl_typesupport_fastrtps_c;rosidl_typesupport_introspection_c
[3.043s] -- Using all available rosidl_typesupport_cpp: rosidl_typesupport_fastrtps_cpp;rosidl_typesupport_introspection_cpp
[3.092s] -- Found python_cmake_module: 0.10.0 (/opt/ros/humble/share/python_cmake_module/cmake)
[3.139s] -- Using PYTHON_EXECUTABLE: /usr/bin/python3
[3.140s] -- Using PYTHON_INCLUDE_DIRS: /usr/include/python3.10
[3.140s] -- Using PYTHON_LIBRARIES: /usr/lib/aarch64-linux-gnu/libpython3.10.so
[3.255s] -- Found ament_cmake_flake8: 0.12.14 (/opt/ros/humble/share/ament_cmake_flake8/cmake)
[3.256s] -- Found ament_cmake_pep257: 0.12.14 (/opt/ros/humble/share/ament_cmake_pep257/cmake)
[3.285s] -- Configuring done
[3.429s] -- Generating done
[3.463s] -- Build files have been written to: /home/dcubot/DCUBOT/build/realsense2_camera_msgs
[3.490s] Invoked command in '/home/dcubot/DCUBOT/build/realsense2_camera_msgs' returned '0': CMAKE_PREFIX_PATH=${CMAKE_PREFIX_PATH}:/home/dcubot/DCUBOT/install/powertrain:/opt/ros/humble /usr/bin/cmake /home/dcubot/DCUBOT/src/realsense-ros/realsense2_camera_msgs -DCMAKE_INSTALL_PREFIX=/home/dcubot/DCUBOT/install/realsense2_camera_msgs
[3.493s] Invoking command in '/home/dcubot/DCUBOT/build/realsense2_camera_msgs': CMAKE_PREFIX_PATH=${CMAKE_PREFIX_PATH}:/home/dcubot/DCUBOT/install/powertrain:/opt/ros/humble /usr/bin/cmake --build /home/dcubot/DCUBOT/build/realsense2_camera_msgs -- -j6 -l6
[3.626s] [35m[1mConsolidate compiler generated dependencies of target realsense2_camera_msgs__rosidl_generator_c[0m
[3.638s] [  0%] Built target realsense2_camera_msgs__cpp
[3.679s] [  0%] Built target ament_cmake_python_symlink_realsense2_camera_msgs
[3.690s] [35m[1mConsolidate compiler generated dependencies of target realsense2_camera_msgs__rosidl_typesupport_cpp[0m
[3.690s] [ 12%] Built target realsense2_camera_msgs__rosidl_generator_c
[3.693s] [35m[1mConsolidate compiler generated dependencies of target realsense2_camera_msgs__rosidl_typesupport_introspection_cpp[0m
[3.704s] [35m[1mConsolidate compiler generated dependencies of target realsense2_camera_msgs__rosidl_typesupport_fastrtps_cpp[0m
[3.734s] [35m[1mConsolidate compiler generated dependencies of target realsense2_camera_msgs__rosidl_typesupport_fastrtps_c[0m
[3.743s] [35m[1mConsolidate compiler generated dependencies of target realsense2_camera_msgs__rosidl_typesupport_introspection_c[0m
[3.784s] [ 24%] Built target realsense2_camera_msgs__rosidl_typesupport_introspection_cpp
[3.834s] [ 36%] Built target realsense2_camera_msgs__rosidl_typesupport_fastrtps_cpp
[3.834s] [ 48%] Built target realsense2_camera_msgs__rosidl_typesupport_introspection_c
[3.850s] [ 60%] Built target realsense2_camera_msgs__rosidl_typesupport_cpp
[3.858s] [ 72%] Built target realsense2_camera_msgs__rosidl_typesupport_fastrtps_c
[3.882s] [35m[1mConsolidate compiler generated dependencies of target realsense2_camera_msgs__rosidl_typesupport_c[0m
[3.915s] [ 84%] Built target realsense2_camera_msgs__rosidl_typesupport_c
[4.084s] [ 84%] Built target realsense2_camera_msgs
[4.267s] [ 85%] Built target realsense2_camera_msgs__py
[4.356s] [35m[1mConsolidate compiler generated dependencies of target realsense2_camera_msgs__rosidl_generator_py[0m
[4.472s] [ 96%] Built target realsense2_camera_msgs__rosidl_generator_py
[4.554s] [35m[1mConsolidate compiler generated dependencies of target realsense2_camera_msgs__rosidl_typesupport_introspection_c__pyext[0m
[4.579s] [35m[1mConsolidate compiler generated dependencies of target realsense2_camera_msgs__rosidl_typesupport_fastrtps_c__pyext[0m
[4.583s] [35m[1mConsolidate compiler generated dependencies of target realsense2_camera_msgs__rosidl_typesupport_c__pyext[0m
[4.632s] running egg_info
[4.634s] writing realsense2_camera_msgs.egg-info/PKG-INFO
[4.635s] [ 98%] Built target realsense2_camera_msgs__rosidl_typesupport_introspection_c__pyext
[4.635s] writing dependency_links to realsense2_camera_msgs.egg-info/dependency_links.txt
[4.635s] writing top-level names to realsense2_camera_msgs.egg-info/top_level.txt
[4.641s] reading manifest file 'realsense2_camera_msgs.egg-info/SOURCES.txt'
[4.643s] writing manifest file 'realsense2_camera_msgs.egg-info/SOURCES.txt'
[4.645s] [ 99%] Built target realsense2_camera_msgs__rosidl_typesupport_c__pyext
[4.651s] [100%] Built target realsense2_camera_msgs__rosidl_typesupport_fastrtps_c__pyext
[4.722s] [100%] Built target ament_cmake_python_build_realsense2_camera_msgs_egg
[4.748s] Invoked command in '/home/dcubot/DCUBOT/build/realsense2_camera_msgs' returned '0': CMAKE_PREFIX_PATH=${CMAKE_PREFIX_PATH}:/home/dcubot/DCUBOT/install/powertrain:/opt/ros/humble /usr/bin/cmake --build /home/dcubot/DCUBOT/build/realsense2_camera_msgs -- -j6 -l6
[4.769s] Invoking command in '/home/dcubot/DCUBOT/build/realsense2_camera_msgs': CMAKE_PREFIX_PATH=${CMAKE_PREFIX_PATH}:/home/dcubot/DCUBOT/install/powertrain:/opt/ros/humble /usr/bin/cmake --install /home/dcubot/DCUBOT/build/realsense2_camera_msgs
[4.785s] -- Install configuration: ""
[4.786s] -- Execute custom install script
[4.786s] -- Up-to-date symlink: /home/dcubot/DCUBOT/install/realsense2_camera_msgs/share/ament_index/resource_index/rosidl_interfaces/realsense2_camera_msgs
[4.788s] -- Up-to-date symlink: /home/dcubot/DCUBOT/install/realsense2_camera_msgs/include/realsense2_camera_msgs/realsense2_camera_msgs/action/detail/triggered_calibration__functions.h
[4.789s] -- Up-to-date symlink: /home/dcubot/DCUBOT/install/realsense2_camera_msgs/include/realsense2_camera_msgs/realsense2_camera_msgs/action/detail/triggered_calibration__struct.h
[4.789s] -- Up-to-date symlink: /home/dcubot/DCUBOT/install/realsense2_camera_msgs/include/realsense2_camera_msgs/realsense2_camera_msgs/action/detail/triggered_calibration__type_support.h
[4.789s] -- Up-to-date symlink: /home/dcubot/DCUBOT/install/realsense2_camera_msgs/include/realsense2_camera_msgs/realsense2_camera_msgs/action/triggered_calibration.h
[4.807s] -- Up-to-date symlink: /home/dcubot/DCUBOT/install/realsense2_camera_msgs/include/realsense2_camera_msgs/realsense2_camera_msgs/msg/detail/extrinsics__functions.h
[4.808s] -- Up-to-date symlink: /home/dcubot/DCUBOT/install/realsense2_camera_msgs/include/realsense2_camera_msgs/realsense2_camera_msgs/msg/detail/extrinsics__struct.h
[4.808s] -- Up-to-date symlink: /home/dcubot/DCUBOT/install/realsense2_camera_msgs/include/realsense2_camera_msgs/realsense2_camera_msgs/msg/detail/extrinsics__type_support.h
[4.808s] -- Up-to-date symlink: /home/dcubot/DCUBOT/install/realsense2_camera_msgs/include/realsense2_camera_msgs/realsense2_camera_msgs/msg/detail/imu_info__functions.h
[4.809s] -- Up-to-date symlink: /home/dcubot/DCUBOT/install/realsense2_camera_msgs/include/realsense2_camera_msgs/realsense2_camera_msgs/msg/detail/imu_info__struct.h
[4.809s] -- Up-to-date symlink: /home/dcubot/DCUBOT/install/realsense2_camera_msgs/include/realsense2_camera_msgs/realsense2_camera_msgs/msg/detail/imu_info__type_support.h
[4.809s] -- Up-to-date symlink: /home/dcubot/DCUBOT/install/realsense2_camera_msgs/include/realsense2_camera_msgs/realsense2_camera_msgs/msg/detail/metadata__functions.h
[4.809s] -- Up-to-date symlink: /home/dcubot/DCUBOT/install/realsense2_camera_msgs/include/realsense2_camera_msgs/realsense2_camera_msgs/msg/detail/metadata__struct.h
[4.810s] -- Up-to-date symlink: /home/dcubot/DCUBOT/install/realsense2_camera_msgs/include/realsense2_camera_msgs/realsense2_camera_msgs/msg/detail/metadata__type_support.h
[4.810s] -- Up-to-date symlink: /home/dcubot/DCUBOT/install/realsense2_camera_msgs/include/realsense2_camera_msgs/realsense2_camera_msgs/msg/detail/rgbd__functions.h
[4.810s] -- Up-to-date symlink: /home/dcubot/DCUBOT/install/realsense2_camera_msgs/include/realsense2_camera_msgs/realsense2_camera_msgs/msg/detail/rgbd__struct.h
[4.810s] -- Up-to-date symlink: /home/dcubot/DCUBOT/install/realsense2_camera_msgs/include/realsense2_camera_msgs/realsense2_camera_msgs/msg/detail/rgbd__type_support.h
[4.812s] -- Up-to-date symlink: /home/dcubot/DCUBOT/install/realsense2_camera_msgs/include/realsense2_camera_msgs/realsense2_camera_msgs/msg/extrinsics.h
[4.813s] -- Up-to-date symlink: /home/dcubot/DCUBOT/install/realsense2_camera_msgs/include/realsense2_camera_msgs/realsense2_camera_msgs/msg/imu_info.h
[4.819s] -- Up-to-date symlink: /home/dcubot/DCUBOT/install/realsense2_camera_msgs/include/realsense2_camera_msgs/realsense2_camera_msgs/msg/metadata.h
[4.819s] -- Up-to-date symlink: /home/dcubot/DCUBOT/install/realsense2_camera_msgs/include/realsense2_camera_msgs/realsense2_camera_msgs/msg/rgbd.h
[4.819s] -- Up-to-date symlink: /home/dcubot/DCUBOT/install/realsense2_camera_msgs/include/realsense2_camera_msgs/realsense2_camera_msgs/msg/rosidl_generator_c__visibility_control.h
[4.819s] -- Up-to-date symlink: /home/dcubot/DCUBOT/install/realsense2_camera_msgs/include/realsense2_camera_msgs/realsense2_camera_msgs/srv/application_config_read.h
[4.819s] -- Up-to-date symlink: /home/dcubot/DCUBOT/install/realsense2_camera_msgs/include/realsense2_camera_msgs/realsense2_camera_msgs/srv/application_config_write.h
[4.820s] -- Up-to-date symlink: /home/dcubot/DCUBOT/install/realsense2_camera_msgs/include/realsense2_camera_msgs/realsense2_camera_msgs/srv/calib_config_read.h
[4.820s] -- Up-to-date symlink: /home/dcubot/DCUBOT/install/realsense2_camera_msgs/include/realsense2_camera_msgs/realsense2_camera_msgs/srv/calib_config_write.h
[4.820s] -- Up-to-date symlink: /home/dcubot/DCUBOT/install/realsense2_camera_msgs/include/realsense2_camera_msgs/realsense2_camera_msgs/srv/detail/application_config_read__functions.h
[4.820s] -- Up-to-date symlink: /home/dcubot/DCUBOT/install/realsense2_camera_msgs/include/realsense2_camera_msgs/realsense2_camera_msgs/srv/detail/application_config_read__struct.h
[4.820s] -- Up-to-date symlink: /home/dcubot/DCUBOT/install/realsense2_camera_msgs/include/realsense2_camera_msgs/realsense2_camera_msgs/srv/detail/application_config_read__type_support.h
[4.820s] -- Up-to-date symlink: /home/dcubot/DCUBOT/install/realsense2_camera_msgs/include/realsense2_camera_msgs/realsense2_camera_msgs/srv/detail/application_config_write__functions.h
[4.820s] -- Up-to-date symlink: /home/dcubot/DCUBOT/install/realsense2_camera_msgs/include/realsense2_camera_msgs/realsense2_camera_msgs/srv/detail/application_config_write__struct.h
[4.820s] -- Up-to-date symlink: /home/dcubot/DCUBOT/install/realsense2_camera_msgs/include/realsense2_camera_msgs/realsense2_camera_msgs/srv/detail/application_config_write__type_support.h
[4.832s] -- Up-to-date symlink: /home/dcubot/DCUBOT/install/realsense2_camera_msgs/include/realsense2_camera_msgs/realsense2_camera_msgs/srv/detail/calib_config_read__functions.h
[4.834s] -- Up-to-date symlink: /home/dcubot/DCUBOT/install/realsense2_camera_msgs/include/realsense2_camera_msgs/realsense2_camera_msgs/srv/detail/calib_config_read__struct.h
[4.834s] -- Up-to-date symlink: /home/dcubot/DCUBOT/install/realsense2_camera_msgs/include/realsense2_camera_msgs/realsense2_camera_msgs/srv/detail/calib_config_read__type_support.h
[4.834s] -- Up-to-date symlink: /home/dcubot/DCUBOT/install/realsense2_camera_msgs/include/realsense2_camera_msgs/realsense2_camera_msgs/srv/detail/calib_config_write__functions.h
[4.834s] -- Up-to-date symlink: /home/dcubot/DCUBOT/install/realsense2_camera_msgs/include/realsense2_camera_msgs/realsense2_camera_msgs/srv/detail/calib_config_write__struct.h
[4.838s] -- Up-to-date symlink: /home/dcubot/DCUBOT/install/realsense2_camera_msgs/include/realsense2_camera_msgs/realsense2_camera_msgs/srv/detail/calib_config_write__type_support.h
[4.839s] -- Up-to-date symlink: /home/dcubot/DCUBOT/install/realsense2_camera_msgs/include/realsense2_camera_msgs/realsense2_camera_msgs/srv/detail/device_info__functions.h
[4.839s] -- Up-to-date symlink: /home/dcubot/DCUBOT/install/realsense2_camera_msgs/include/realsense2_camera_msgs/realsense2_camera_msgs/srv/detail/device_info__struct.h
[4.839s] -- Up-to-date symlink: /home/dcubot/DCUBOT/install/realsense2_camera_msgs/include/realsense2_camera_msgs/realsense2_camera_msgs/srv/detail/device_info__type_support.h
[4.839s] -- Up-to-date symlink: /home/dcubot/DCUBOT/install/realsense2_camera_msgs/include/realsense2_camera_msgs/realsense2_camera_msgs/srv/detail/hardware_monitor_command_send__functions.h
[4.839s] -- Up-to-date symlink: /home/dcubot/DCUBOT/install/realsense2_camera_msgs/include/realsense2_camera_msgs/realsense2_camera_msgs/srv/detail/hardware_monitor_command_send__struct.h
[4.839s] -- Up-to-date symlink: /home/dcubot/DCUBOT/install/realsense2_camera_msgs/include/realsense2_camera_msgs/realsense2_camera_msgs/srv/detail/hardware_monitor_command_send__type_support.h
[4.839s] -- Up-to-date symlink: /home/dcubot/DCUBOT/install/realsense2_camera_msgs/include/realsense2_camera_msgs/realsense2_camera_msgs/srv/detail/safety_interface_config_read__functions.h
[4.840s] -- Up-to-date symlink: /home/dcubot/DCUBOT/install/realsense2_camera_msgs/include/realsense2_camera_msgs/realsense2_camera_msgs/srv/detail/safety_interface_config_read__struct.h
[4.840s] -- Up-to-date symlink: /home/dcubot/DCUBOT/install/realsense2_camera_msgs/include/realsense2_camera_msgs/realsense2_camera_msgs/srv/detail/safety_interface_config_read__type_support.h
[4.840s] -- Up-to-date symlink: /home/dcubot/DCUBOT/install/realsense2_camera_msgs/include/realsense2_camera_msgs/realsense2_camera_msgs/srv/detail/safety_interface_config_write__functions.h
[4.840s] -- Up-to-date symlink: /home/dcubot/DCUBOT/install/realsense2_camera_msgs/include/realsense2_camera_msgs/realsense2_camera_msgs/srv/detail/safety_interface_config_write__struct.h
[4.840s] -- Up-to-date symlink: /home/dcubot/DCUBOT/install/realsense2_camera_msgs/include/realsense2_camera_msgs/realsense2_camera_msgs/srv/detail/safety_interface_config_write__type_support.h
[4.840s] -- Up-to-date symlink: /home/dcubot/DCUBOT/install/realsense2_camera_msgs/include/realsense2_camera_msgs/realsense2_camera_msgs/srv/detail/safety_preset_read__functions.h
[4.842s] -- Up-to-date symlink: /home/dcubot/DCUBOT/install/realsense2_camera_msgs/include/realsense2_camera_msgs/realsense2_camera_msgs/srv/detail/safety_preset_read__struct.h
[4.847s] -- Up-to-date symlink: /home/dcubot/DCUBOT/install/realsense2_camera_msgs/include/realsense2_camera_msgs/realsense2_camera_msgs/srv/detail/safety_preset_read__type_support.h
[4.847s] -- Up-to-date symlink: /home/dcubot/DCUBOT/install/realsense2_camera_msgs/include/realsense2_camera_msgs/realsense2_camera_msgs/srv/detail/safety_preset_write__functions.h
[4.847s] -- Up-to-date symlink: /home/dcubot/DCUBOT/install/realsense2_camera_msgs/include/realsense2_camera_msgs/realsense2_camera_msgs/srv/detail/safety_preset_write__struct.h
[4.848s] -- Up-to-date symlink: /home/dcubot/DCUBOT/install/realsense2_camera_msgs/include/realsense2_camera_msgs/realsense2_camera_msgs/srv/detail/safety_preset_write__type_support.h
[4.848s] -- Up-to-date symlink: /home/dcubot/DCUBOT/install/realsense2_camera_msgs/include/realsense2_camera_msgs/realsense2_camera_msgs/srv/device_info.h
[4.848s] -- Up-to-date symlink: /home/dcubot/DCUBOT/install/realsense2_camera_msgs/include/realsense2_camera_msgs/realsense2_camera_msgs/srv/hardware_monitor_command_send.h
[4.850s] -- Up-to-date symlink: /home/dcubot/DCUBOT/install/realsense2_camera_msgs/include/realsense2_camera_msgs/realsense2_camera_msgs/srv/safety_interface_config_read.h
[4.854s] -- Up-to-date symlink: /home/dcubot/DCUBOT/install/realsense2_camera_msgs/include/realsense2_camera_msgs/realsense2_camera_msgs/srv/safety_interface_config_write.h
[4.855s] -- Up-to-date symlink: /home/dcubot/DCUBOT/install/realsense2_camera_msgs/include/realsense2_camera_msgs/realsense2_camera_msgs/srv/safety_preset_read.h
[4.855s] -- Up-to-date symlink: /home/dcubot/DCUBOT/install/realsense2_camera_msgs/include/realsense2_camera_msgs/realsense2_camera_msgs/srv/safety_preset_write.h
[4.858s] -- Up-to-date symlink: /home/dcubot/DCUBOT/install/realsense2_camera_msgs/share/realsense2_camera_msgs/environment/library_path.sh
[4.859s] -- Up-to-date symlink: /home/dcubot/DCUBOT/install/realsense2_camera_msgs/share/realsense2_camera_msgs/environment/library_path.dsv
[4.859s] -- Up-to-date symlink: /home/dcubot/DCUBOT/install/realsense2_camera_msgs/include/realsense2_camera_msgs/realsense2_camera_msgs/action/detail/triggered_calibration__rosidl_typesupport_fastrtps_c.h
[4.859s] -- Up-to-date symlink: /home/dcubot/DCUBOT/install/realsense2_camera_msgs/include/realsense2_camera_msgs/realsense2_camera_msgs/msg/detail/extrinsics__rosidl_typesupport_fastrtps_c.h
[4.859s] -- Up-to-date symlink: /home/dcubot/DCUBOT/install/realsense2_camera_msgs/include/realsense2_camera_msgs/realsense2_camera_msgs/msg/detail/imu_info__rosidl_typesupport_fastrtps_c.h
[4.860s] -- Up-to-date symlink: /home/dcubot/DCUBOT/install/realsense2_camera_msgs/include/realsense2_camera_msgs/realsense2_camera_msgs/msg/detail/metadata__rosidl_typesupport_fastrtps_c.h
[4.860s] -- Up-to-date symlink: /home/dcubot/DCUBOT/install/realsense2_camera_msgs/include/realsense2_camera_msgs/realsense2_camera_msgs/msg/detail/rgbd__rosidl_typesupport_fastrtps_c.h
[4.860s] -- Up-to-date symlink: /home/dcubot/DCUBOT/install/realsense2_camera_msgs/include/realsense2_camera_msgs/realsense2_camera_msgs/msg/rosidl_typesupport_fastrtps_c__visibility_control.h
[4.860s] -- Up-to-date symlink: /home/dcubot/DCUBOT/install/realsense2_camera_msgs/include/realsense2_camera_msgs/realsense2_camera_msgs/srv/detail/application_config_read__rosidl_typesupport_fastrtps_c.h
[4.861s] -- Up-to-date symlink: /home/dcubot/DCUBOT/install/realsense2_camera_msgs/include/realsense2_camera_msgs/realsense2_camera_msgs/srv/detail/application_config_write__rosidl_typesupport_fastrtps_c.h
[4.861s] -- Up-to-date symlink: /home/dcubot/DCUBOT/install/realsense2_camera_msgs/include/realsense2_camera_msgs/realsense2_camera_msgs/srv/detail/calib_config_read__rosidl_typesupport_fastrtps_c.h
[4.861s] -- Up-to-date symlink: /home/dcubot/DCUBOT/install/realsense2_camera_msgs/include/realsense2_camera_msgs/realsense2_camera_msgs/srv/detail/calib_config_write__rosidl_typesupport_fastrtps_c.h
[4.861s] -- Up-to-date symlink: /home/dcubot/DCUBOT/install/realsense2_camera_msgs/include/realsense2_camera_msgs/realsense2_camera_msgs/srv/detail/device_info__rosidl_typesupport_fastrtps_c.h
[4.861s] -- Up-to-date symlink: /home/dcubot/DCUBOT/install/realsense2_camera_msgs/include/realsense2_camera_msgs/realsense2_camera_msgs/srv/detail/hardware_monitor_command_send__rosidl_typesupport_fastrtps_c.h
[4.862s] -- Up-to-date symlink: /home/dcubot/DCUBOT/install/realsense2_camera_msgs/include/realsense2_camera_msgs/realsense2_camera_msgs/srv/detail/safety_interface_config_read__rosidl_typesupport_fastrtps_c.h
[4.863s] -- Up-to-date symlink: /home/dcubot/DCUBOT/install/realsense2_camera_msgs/include/realsense2_camera_msgs/realsense2_camera_msgs/srv/detail/safety_interface_config_write__rosidl_typesupport_fastrtps_c.h
[4.866s] -- Up-to-date symlink: /home/dcubot/DCUBOT/install/realsense2_camera_msgs/include/realsense2_camera_msgs/realsense2_camera_msgs/srv/detail/safety_preset_read__rosidl_typesupport_fastrtps_c.h
[4.866s] -- Up-to-date symlink: /home/dcubot/DCUBOT/install/realsense2_camera_msgs/include/realsense2_camera_msgs/realsense2_camera_msgs/srv/detail/safety_preset_write__rosidl_typesupport_fastrtps_c.h
[4.866s] -- Up-to-date symlink: /home/dcubot/DCUBOT/install/realsense2_camera_msgs/include/realsense2_camera_msgs/realsense2_camera_msgs/action/detail/triggered_calibration__rosidl_typesupport_introspection_c.h
[4.866s] -- Up-to-date symlink: /home/dcubot/DCUBOT/install/realsense2_camera_msgs/include/realsense2_camera_msgs/realsense2_camera_msgs/msg/detail/extrinsics__rosidl_typesupport_introspection_c.h
[4.866s] -- Up-to-date symlink: /home/dcubot/DCUBOT/install/realsense2_camera_msgs/include/realsense2_camera_msgs/realsense2_camera_msgs/msg/detail/imu_info__rosidl_typesupport_introspection_c.h
[4.866s] -- Up-to-date symlink: /home/dcubot/DCUBOT/install/realsense2_camera_msgs/include/realsense2_camera_msgs/realsense2_camera_msgs/msg/detail/metadata__rosidl_typesupport_introspection_c.h
[4.867s] -- Up-to-date symlink: /home/dcubot/DCUBOT/install/realsense2_camera_msgs/include/realsense2_camera_msgs/realsense2_camera_msgs/msg/detail/rgbd__rosidl_typesupport_introspection_c.h
[4.867s] -- Up-to-date symlink: /home/dcubot/DCUBOT/install/realsense2_camera_msgs/include/realsense2_camera_msgs/realsense2_camera_msgs/msg/rosidl_typesupport_introspection_c__visibility_control.h
[4.867s] -- Up-to-date symlink: /home/dcubot/DCUBOT/install/realsense2_camera_msgs/include/realsense2_camera_msgs/realsense2_camera_msgs/srv/detail/application_config_read__rosidl_typesupport_introspection_c.h
[4.867s] -- Up-to-date symlink: /home/dcubot/DCUBOT/install/realsense2_camera_msgs/include/realsense2_camera_msgs/realsense2_camera_msgs/srv/detail/application_config_write__rosidl_typesupport_introspection_c.h
[4.870s] -- Up-to-date symlink: /home/dcubot/DCUBOT/install/realsense2_camera_msgs/include/realsense2_camera_msgs/realsense2_camera_msgs/srv/detail/calib_config_read__rosidl_typesupport_introspection_c.h
[4.871s] -- Up-to-date symlink: /home/dcubot/DCUBOT/install/realsense2_camera_msgs/include/realsense2_camera_msgs/realsense2_camera_msgs/srv/detail/calib_config_write__rosidl_typesupport_introspection_c.h
[4.871s] -- Up-to-date symlink: /home/dcubot/DCUBOT/install/realsense2_camera_msgs/include/realsense2_camera_msgs/realsense2_camera_msgs/srv/detail/device_info__rosidl_typesupport_introspection_c.h
[4.871s] -- Up-to-date symlink: /home/dcubot/DCUBOT/install/realsense2_camera_msgs/include/realsense2_camera_msgs/realsense2_camera_msgs/srv/detail/hardware_monitor_command_send__rosidl_typesupport_introspection_c.h
[4.872s] -- Up-to-date symlink: /home/dcubot/DCUBOT/install/realsense2_camera_msgs/include/realsense2_camera_msgs/realsense2_camera_msgs/srv/detail/safety_interface_config_read__rosidl_typesupport_introspection_c.h
[4.872s] -- Up-to-date symlink: /home/dcubot/DCUBOT/install/realsense2_camera_msgs/include/realsense2_camera_msgs/realsense2_camera_msgs/srv/detail/safety_interface_config_write__rosidl_typesupport_introspection_c.h
[4.872s] -- Up-to-date symlink: /home/dcubot/DCUBOT/install/realsense2_camera_msgs/include/realsense2_camera_msgs/realsense2_camera_msgs/srv/detail/safety_preset_read__rosidl_typesupport_introspection_c.h
[4.872s] -- Up-to-date symlink: /home/dcubot/DCUBOT/install/realsense2_camera_msgs/include/realsense2_camera_msgs/realsense2_camera_msgs/srv/detail/safety_preset_write__rosidl_typesupport_introspection_c.h
[4.873s] -- Up-to-date symlink: /home/dcubot/DCUBOT/install/realsense2_camera_msgs/include/realsense2_camera_msgs/realsense2_camera_msgs/action/detail/triggered_calibration__builder.hpp
[4.873s] -- Up-to-date symlink: /home/dcubot/DCUBOT/install/realsense2_camera_msgs/include/realsense2_camera_msgs/realsense2_camera_msgs/action/detail/triggered_calibration__struct.hpp
[4.881s] -- Up-to-date symlink: /home/dcubot/DCUBOT/install/realsense2_camera_msgs/include/realsense2_camera_msgs/realsense2_camera_msgs/action/detail/triggered_calibration__traits.hpp
[4.882s] -- Up-to-date symlink: /home/dcubot/DCUBOT/install/realsense2_camera_msgs/include/realsense2_camera_msgs/realsense2_camera_msgs/action/detail/triggered_calibration__type_support.hpp
[4.882s] -- Up-to-date symlink: /home/dcubot/DCUBOT/install/realsense2_camera_msgs/include/realsense2_camera_msgs/realsense2_camera_msgs/action/triggered_calibration.hpp
[4.882s] -- Up-to-date symlink: /home/dcubot/DCUBOT/install/realsense2_camera_msgs/include/realsense2_camera_msgs/realsense2_camera_msgs/msg/detail/extrinsics__builder.hpp
[4.883s] -- Up-to-date symlink: /home/dcubot/DCUBOT/install/realsense2_camera_msgs/include/realsense2_camera_msgs/realsense2_camera_msgs/msg/detail/extrinsics__struct.hpp
[4.883s] -- Up-to-date symlink: /home/dcubot/DCUBOT/install/realsense2_camera_msgs/include/realsense2_camera_msgs/realsense2_camera_msgs/msg/detail/extrinsics__traits.hpp
[4.883s] -- Up-to-date symlink: /home/dcubot/DCUBOT/install/realsense2_camera_msgs/include/realsense2_camera_msgs/realsense2_camera_msgs/msg/detail/extrinsics__type_support.hpp
[4.883s] -- Up-to-date symlink: /home/dcubot/DCUBOT/install/realsense2_camera_msgs/include/realsense2_camera_msgs/realsense2_camera_msgs/msg/detail/imu_info__builder.hpp
[4.883s] -- Up-to-date symlink: /home/dcubot/DCUBOT/install/realsense2_camera_msgs/include/realsense2_camera_msgs/realsense2_camera_msgs/msg/detail/imu_info__struct.hpp
[4.884s] -- Up-to-date symlink: /home/dcubot/DCUBOT/install/realsense2_camera_msgs/include/realsense2_camera_msgs/realsense2_camera_msgs/msg/detail/imu_info__traits.hpp
[4.884s] -- Up-to-date symlink: /home/dcubot/DCUBOT/install/realsense2_camera_msgs/include/realsense2_camera_msgs/realsense2_camera_msgs/msg/detail/imu_info__type_support.hpp
[4.884s] -- Up-to-date symlink: /home/dcubot/DCUBOT/install/realsense2_camera_msgs/include/realsense2_camera_msgs/realsense2_camera_msgs/msg/detail/metadata__builder.hpp
[4.884s] -- Up-to-date symlink: /home/dcubot/DCUBOT/install/realsense2_camera_msgs/include/realsense2_camera_msgs/realsense2_camera_msgs/msg/detail/metadata__struct.hpp
[4.885s] -- Up-to-date symlink: /home/dcubot/DCUBOT/install/realsense2_camera_msgs/include/realsense2_camera_msgs/realsense2_camera_msgs/msg/detail/metadata__traits.hpp
[4.885s] -- Up-to-date symlink: /home/dcubot/DCUBOT/install/realsense2_camera_msgs/include/realsense2_camera_msgs/realsense2_camera_msgs/msg/detail/metadata__type_support.hpp
[4.885s] -- Up-to-date symlink: /home/dcubot/DCUBOT/install/realsense2_camera_msgs/include/realsense2_camera_msgs/realsense2_camera_msgs/msg/detail/rgbd__builder.hpp
[4.885s] -- Up-to-date symlink: /home/dcubot/DCUBOT/install/realsense2_camera_msgs/include/realsense2_camera_msgs/realsense2_camera_msgs/msg/detail/rgbd__struct.hpp
[4.885s] -- Up-to-date symlink: /home/dcubot/DCUBOT/install/realsense2_camera_msgs/include/realsense2_camera_msgs/realsense2_camera_msgs/msg/detail/rgbd__traits.hpp
[4.886s] -- Up-to-date symlink: /home/dcubot/DCUBOT/install/realsense2_camera_msgs/include/realsense2_camera_msgs/realsense2_camera_msgs/msg/detail/rgbd__type_support.hpp
[4.886s] -- Up-to-date symlink: /home/dcubot/DCUBOT/install/realsense2_camera_msgs/include/realsense2_camera_msgs/realsense2_camera_msgs/msg/extrinsics.hpp
[4.886s] -- Up-to-date symlink: /home/dcubot/DCUBOT/install/realsense2_camera_msgs/include/realsense2_camera_msgs/realsense2_camera_msgs/msg/imu_info.hpp
[4.886s] -- Up-to-date symlink: /home/dcubot/DCUBOT/install/realsense2_camera_msgs/include/realsense2_camera_msgs/realsense2_camera_msgs/msg/metadata.hpp
[4.886s] -- Up-to-date symlink: /home/dcubot/DCUBOT/install/realsense2_camera_msgs/include/realsense2_camera_msgs/realsense2_camera_msgs/msg/rgbd.hpp
[4.886s] -- Up-to-date symlink: /home/dcubot/DCUBOT/install/realsense2_camera_msgs/include/realsense2_camera_msgs/realsense2_camera_msgs/msg/rosidl_generator_cpp__visibility_control.hpp
[4.886s] -- Up-to-date symlink: /home/dcubot/DCUBOT/install/realsense2_camera_msgs/include/realsense2_camera_msgs/realsense2_camera_msgs/srv/application_config_read.hpp
[4.886s] -- Up-to-date symlink: /home/dcubot/DCUBOT/install/realsense2_camera_msgs/include/realsense2_camera_msgs/realsense2_camera_msgs/srv/application_config_write.hpp
[4.887s] -- Up-to-date symlink: /home/dcubot/DCUBOT/install/realsense2_camera_msgs/include/realsense2_camera_msgs/realsense2_camera_msgs/srv/calib_config_read.hpp
[4.887s] -- Up-to-date symlink: /home/dcubot/DCUBOT/install/realsense2_camera_msgs/include/realsense2_camera_msgs/realsense2_camera_msgs/srv/calib_config_write.hpp
[4.887s] -- Up-to-date symlink: /home/dcubot/DCUBOT/install/realsense2_camera_msgs/include/realsense2_camera_msgs/realsense2_camera_msgs/srv/detail/application_config_read__builder.hpp
[4.887s] -- Up-to-date symlink: /home/dcubot/DCUBOT/install/realsense2_camera_msgs/include/realsense2_camera_msgs/realsense2_camera_msgs/srv/detail/application_config_read__struct.hpp
[4.887s] -- Up-to-date symlink: /home/dcubot/DCUBOT/install/realsense2_camera_msgs/include/realsense2_camera_msgs/realsense2_camera_msgs/srv/detail/application_config_read__traits.hpp
[4.887s] -- Up-to-date symlink: /home/dcubot/DCUBOT/install/realsense2_camera_msgs/include/realsense2_camera_msgs/realsense2_camera_msgs/srv/detail/application_config_read__type_support.hpp
[4.887s] -- Up-to-date symlink: /home/dcubot/DCUBOT/install/realsense2_camera_msgs/include/realsense2_camera_msgs/realsense2_camera_msgs/srv/detail/application_config_write__builder.hpp
[4.887s] -- Up-to-date symlink: /home/dcubot/DCUBOT/install/realsense2_camera_msgs/include/realsense2_camera_msgs/realsense2_camera_msgs/srv/detail/application_config_write__struct.hpp
[4.888s] -- Up-to-date symlink: /home/dcubot/DCUBOT/install/realsense2_camera_msgs/include/realsense2_camera_msgs/realsense2_camera_msgs/srv/detail/application_config_write__traits.hpp
[4.888s] -- Up-to-date symlink: /home/dcubot/DCUBOT/install/realsense2_camera_msgs/include/realsense2_camera_msgs/realsense2_camera_msgs/srv/detail/application_config_write__type_support.hpp
[4.888s] -- Up-to-date symlink: /home/dcubot/DCUBOT/install/realsense2_camera_msgs/include/realsense2_camera_msgs/realsense2_camera_msgs/srv/detail/calib_config_read__builder.hpp
[4.888s] -- Up-to-date symlink: /home/dcubot/DCUBOT/install/realsense2_camera_msgs/include/realsense2_camera_msgs/realsense2_camera_msgs/srv/detail/calib_config_read__struct.hpp
[4.888s] -- Up-to-date symlink: /home/dcubot/DCUBOT/install/realsense2_camera_msgs/include/realsense2_camera_msgs/realsense2_camera_msgs/srv/detail/calib_config_read__traits.hpp
[4.888s] -- Up-to-date symlink: /home/dcubot/DCUBOT/install/realsense2_camera_msgs/include/realsense2_camera_msgs/realsense2_camera_msgs/srv/detail/calib_config_read__type_support.hpp
[4.888s] -- Up-to-date symlink: /home/dcubot/DCUBOT/install/realsense2_camera_msgs/include/realsense2_camera_msgs/realsense2_camera_msgs/srv/detail/calib_config_write__builder.hpp
[4.888s] -- Up-to-date symlink: /home/dcubot/DCUBOT/install/realsense2_camera_msgs/include/realsense2_camera_msgs/realsense2_camera_msgs/srv/detail/calib_config_write__struct.hpp
[4.889s] -- Up-to-date symlink: /home/dcubot/DCUBOT/install/realsense2_camera_msgs/include/realsense2_camera_msgs/realsense2_camera_msgs/srv/detail/calib_config_write__traits.hpp
[4.889s] -- Up-to-date symlink: /home/dcubot/DCUBOT/install/realsense2_camera_msgs/include/realsense2_camera_msgs/realsense2_camera_msgs/srv/detail/calib_config_write__type_support.hpp
[4.889s] -- Up-to-date symlink: /home/dcubot/DCUBOT/install/realsense2_camera_msgs/include/realsense2_camera_msgs/realsense2_camera_msgs/srv/detail/device_info__builder.hpp
[4.889s] -- Up-to-date symlink: /home/dcubot/DCUBOT/install/realsense2_camera_msgs/include/realsense2_camera_msgs/realsense2_camera_msgs/srv/detail/device_info__struct.hpp
[4.889s] -- Up-to-date symlink: /home/dcubot/DCUBOT/install/realsense2_camera_msgs/include/realsense2_camera_msgs/realsense2_camera_msgs/srv/detail/device_info__traits.hpp
[4.889s] -- Up-to-date symlink: /home/dcubot/DCUBOT/install/realsense2_camera_msgs/include/realsense2_camera_msgs/realsense2_camera_msgs/srv/detail/device_info__type_support.hpp
[4.889s] -- Up-to-date symlink: /home/dcubot/DCUBOT/install/realsense2_camera_msgs/include/realsense2_camera_msgs/realsense2_camera_msgs/srv/detail/hardware_monitor_command_send__builder.hpp
[4.890s] -- Up-to-date symlink: /home/dcubot/DCUBOT/install/realsense2_camera_msgs/include/realsense2_camera_msgs/realsense2_camera_msgs/srv/detail/hardware_monitor_command_send__struct.hpp
[4.890s] -- Up-to-date symlink: /home/dcubot/DCUBOT/install/realsense2_camera_msgs/include/realsense2_camera_msgs/realsense2_camera_msgs/srv/detail/hardware_monitor_command_send__traits.hpp
[4.890s] -- Up-to-date symlink: /home/dcubot/DCUBOT/install/realsense2_camera_msgs/include/realsense2_camera_msgs/realsense2_camera_msgs/srv/detail/hardware_monitor_command_send__type_support.hpp
[4.890s] -- Up-to-date symlink: /home/dcubot/DCUBOT/install/realsense2_camera_msgs/include/realsense2_camera_msgs/realsense2_camera_msgs/srv/detail/safety_interface_config_read__builder.hpp
[4.890s] -- Up-to-date symlink: /home/dcubot/DCUBOT/install/realsense2_camera_msgs/include/realsense2_camera_msgs/realsense2_camera_msgs/srv/detail/safety_interface_config_read__struct.hpp
[4.890s] -- Up-to-date symlink: /home/dcubot/DCUBOT/install/realsense2_camera_msgs/include/realsense2_camera_msgs/realsense2_camera_msgs/srv/detail/safety_interface_config_read__traits.hpp
[4.890s] -- Up-to-date symlink: /home/dcubot/DCUBOT/install/realsense2_camera_msgs/include/realsense2_camera_msgs/realsense2_camera_msgs/srv/detail/safety_interface_config_read__type_support.hpp
[4.890s] -- Up-to-date symlink: /home/dcubot/DCUBOT/install/realsense2_camera_msgs/include/realsense2_camera_msgs/realsense2_camera_msgs/srv/detail/safety_interface_config_write__builder.hpp
[4.891s] -- Up-to-date symlink: /home/dcubot/DCUBOT/install/realsense2_camera_msgs/include/realsense2_camera_msgs/realsense2_camera_msgs/srv/detail/safety_interface_config_write__struct.hpp
[4.891s] -- Up-to-date symlink: /home/dcubot/DCUBOT/install/realsense2_camera_msgs/include/realsense2_camera_msgs/realsense2_camera_msgs/srv/detail/safety_interface_config_write__traits.hpp
[4.891s] -- Up-to-date symlink: /home/dcubot/DCUBOT/install/realsense2_camera_msgs/include/realsense2_camera_msgs/realsense2_camera_msgs/srv/detail/safety_interface_config_write__type_support.hpp
[4.891s] -- Up-to-date symlink: /home/dcubot/DCUBOT/install/realsense2_camera_msgs/include/realsense2_camera_msgs/realsense2_camera_msgs/srv/detail/safety_preset_read__builder.hpp
[4.891s] -- Up-to-date symlink: /home/dcubot/DCUBOT/install/realsense2_camera_msgs/include/realsense2_camera_msgs/realsense2_camera_msgs/srv/detail/safety_preset_read__struct.hpp
[4.891s] -- Up-to-date symlink: /home/dcubot/DCUBOT/install/realsense2_camera_msgs/include/realsense2_camera_msgs/realsense2_camera_msgs/srv/detail/safety_preset_read__traits.hpp
[4.891s] -- Up-to-date symlink: /home/dcubot/DCUBOT/install/realsense2_camera_msgs/include/realsense2_camera_msgs/realsense2_camera_msgs/srv/detail/safety_preset_read__type_support.hpp
[4.891s] -- Up-to-date symlink: /home/dcubot/DCUBOT/install/realsense2_camera_msgs/include/realsense2_camera_msgs/realsense2_camera_msgs/srv/detail/safety_preset_write__builder.hpp
[4.892s] -- Up-to-date symlink: /home/dcubot/DCUBOT/install/realsense2_camera_msgs/include/realsense2_camera_msgs/realsense2_camera_msgs/srv/detail/safety_preset_write__struct.hpp
[4.892s] -- Up-to-date symlink: /home/dcubot/DCUBOT/install/realsense2_camera_msgs/include/realsense2_camera_msgs/realsense2_camera_msgs/srv/detail/safety_preset_write__traits.hpp
[4.892s] -- Up-to-date symlink: /home/dcubot/DCUBOT/install/realsense2_camera_msgs/include/realsense2_camera_msgs/realsense2_camera_msgs/srv/detail/safety_preset_write__type_support.hpp
[4.892s] -- Up-to-date symlink: /home/dcubot/DCUBOT/install/realsense2_camera_msgs/include/realsense2_camera_msgs/realsense2_camera_msgs/srv/device_info.hpp
[4.892s] -- Up-to-date symlink: /home/dcubot/DCUBOT/install/realsense2_camera_msgs/include/realsense2_camera_msgs/realsense2_camera_msgs/srv/hardware_monitor_command_send.hpp
[4.892s] -- Up-to-date symlink: /home/dcubot/DCUBOT/install/realsense2_camera_msgs/include/realsense2_camera_msgs/realsense2_camera_msgs/srv/safety_interface_config_read.hpp
[4.892s] -- Up-to-date symlink: /home/dcubot/DCUBOT/install/realsense2_camera_msgs/include/realsense2_camera_msgs/realsense2_camera_msgs/srv/safety_interface_config_write.hpp
[4.892s] -- Up-to-date symlink: /home/dcubot/DCUBOT/install/realsense2_camera_msgs/include/realsense2_camera_msgs/realsense2_camera_msgs/srv/safety_preset_read.hpp
[4.893s] -- Up-to-date symlink: /home/dcubot/DCUBOT/install/realsense2_camera_msgs/include/realsense2_camera_msgs/realsense2_camera_msgs/srv/safety_preset_write.hpp
[4.893s] -- Up-to-date symlink: /home/dcubot/DCUBOT/install/realsense2_camera_msgs/include/realsense2_camera_msgs/realsense2_camera_msgs/action/detail/triggered_calibration__rosidl_typesupport_fastrtps_cpp.hpp
[4.893s] -- Up-to-date symlink: /home/dcubot/DCUBOT/install/realsense2_camera_msgs/include/realsense2_camera_msgs/realsense2_camera_msgs/msg/detail/extrinsics__rosidl_typesupport_fastrtps_cpp.hpp
[4.893s] -- Up-to-date symlink: /home/dcubot/DCUBOT/install/realsense2_camera_msgs/include/realsense2_camera_msgs/realsense2_camera_msgs/msg/detail/imu_info__rosidl_typesupport_fastrtps_cpp.hpp
[4.893s] -- Up-to-date symlink: /home/dcubot/DCUBOT/install/realsense2_camera_msgs/include/realsense2_camera_msgs/realsense2_camera_msgs/msg/detail/metadata__rosidl_typesupport_fastrtps_cpp.hpp
[4.893s] -- Up-to-date symlink: /home/dcubot/DCUBOT/install/realsense2_camera_msgs/include/realsense2_camera_msgs/realsense2_camera_msgs/msg/detail/rgbd__rosidl_typesupport_fastrtps_cpp.hpp
[4.893s] -- Up-to-date symlink: /home/dcubot/DCUBOT/install/realsense2_camera_msgs/include/realsense2_camera_msgs/realsense2_camera_msgs/msg/rosidl_typesupport_fastrtps_cpp__visibility_control.h
[4.893s] -- Up-to-date symlink: /home/dcubot/DCUBOT/install/realsense2_camera_msgs/include/realsense2_camera_msgs/realsense2_camera_msgs/srv/detail/application_config_read__rosidl_typesupport_fastrtps_cpp.hpp
[4.894s] -- Up-to-date symlink: /home/dcubot/DCUBOT/install/realsense2_camera_msgs/include/realsense2_camera_msgs/realsense2_camera_msgs/srv/detail/application_config_write__rosidl_typesupport_fastrtps_cpp.hpp
[4.894s] -- Up-to-date symlink: /home/dcubot/DCUBOT/install/realsense2_camera_msgs/include/realsense2_camera_msgs/realsense2_camera_msgs/srv/detail/calib_config_read__rosidl_typesupport_fastrtps_cpp.hpp
[4.894s] -- Up-to-date symlink: /home/dcubot/DCUBOT/install/realsense2_camera_msgs/include/realsense2_camera_msgs/realsense2_camera_msgs/srv/detail/calib_config_write__rosidl_typesupport_fastrtps_cpp.hpp
[4.894s] -- Up-to-date symlink: /home/dcubot/DCUBOT/install/realsense2_camera_msgs/include/realsense2_camera_msgs/realsense2_camera_msgs/srv/detail/device_info__rosidl_typesupport_fastrtps_cpp.hpp
[4.894s] -- Up-to-date symlink: /home/dcubot/DCUBOT/install/realsense2_camera_msgs/include/realsense2_camera_msgs/realsense2_camera_msgs/srv/detail/hardware_monitor_command_send__rosidl_typesupport_fastrtps_cpp.hpp
[4.894s] -- Up-to-date symlink: /home/dcubot/DCUBOT/install/realsense2_camera_msgs/include/realsense2_camera_msgs/realsense2_camera_msgs/srv/detail/safety_interface_config_read__rosidl_typesupport_fastrtps_cpp.hpp
[4.894s] -- Up-to-date symlink: /home/dcubot/DCUBOT/install/realsense2_camera_msgs/include/realsense2_camera_msgs/realsense2_camera_msgs/srv/detail/safety_interface_config_write__rosidl_typesupport_fastrtps_cpp.hpp
[4.895s] -- Up-to-date symlink: /home/dcubot/DCUBOT/install/realsense2_camera_msgs/include/realsense2_camera_msgs/realsense2_camera_msgs/srv/detail/safety_preset_read__rosidl_typesupport_fastrtps_cpp.hpp
[4.895s] -- Up-to-date symlink: /home/dcubot/DCUBOT/install/realsense2_camera_msgs/include/realsense2_camera_msgs/realsense2_camera_msgs/srv/detail/safety_preset_write__rosidl_typesupport_fastrtps_cpp.hpp
[4.895s] -- Up-to-date symlink: /home/dcubot/DCUBOT/install/realsense2_camera_msgs/include/realsense2_camera_msgs/realsense2_camera_msgs/action/detail/triggered_calibration__rosidl_typesupport_introspection_cpp.hpp
[4.895s] -- Up-to-date symlink: /home/dcubot/DCUBOT/install/realsense2_camera_msgs/include/realsense2_camera_msgs/realsense2_camera_msgs/msg/detail/extrinsics__rosidl_typesupport_introspection_cpp.hpp
[4.895s] -- Up-to-date symlink: /home/dcubot/DCUBOT/install/realsense2_camera_msgs/include/realsense2_camera_msgs/realsense2_camera_msgs/msg/detail/imu_info__rosidl_typesupport_introspection_cpp.hpp
[4.895s] -- Up-to-date symlink: /home/dcubot/DCUBOT/install/realsense2_camera_msgs/include/realsense2_camera_msgs/realsense2_camera_msgs/msg/detail/metadata__rosidl_typesupport_introspection_cpp.hpp
[4.895s] -- Up-to-date symlink: /home/dcubot/DCUBOT/install/realsense2_camera_msgs/include/realsense2_camera_msgs/realsense2_camera_msgs/msg/detail/rgbd__rosidl_typesupport_introspection_cpp.hpp
[4.895s] -- Up-to-date symlink: /home/dcubot/DCUBOT/install/realsense2_camera_msgs/include/realsense2_camera_msgs/realsense2_camera_msgs/srv/detail/application_config_read__rosidl_typesupport_introspection_cpp.hpp
[4.896s] -- Up-to-date symlink: /home/dcubot/DCUBOT/install/realsense2_camera_msgs/include/realsense2_camera_msgs/realsense2_camera_msgs/srv/detail/application_config_write__rosidl_typesupport_introspection_cpp.hpp
[4.896s] -- Up-to-date symlink: /home/dcubot/DCUBOT/install/realsense2_camera_msgs/include/realsense2_camera_msgs/realsense2_camera_msgs/srv/detail/calib_config_read__rosidl_typesupport_introspection_cpp.hpp
[4.896s] -- Up-to-date symlink: /home/dcubot/DCUBOT/install/realsense2_camera_msgs/include/realsense2_camera_msgs/realsense2_camera_msgs/srv/detail/calib_config_write__rosidl_typesupport_introspection_cpp.hpp
[4.896s] -- Up-to-date symlink: /home/dcubot/DCUBOT/install/realsense2_camera_msgs/include/realsense2_camera_msgs/realsense2_camera_msgs/srv/detail/device_info__rosidl_typesupport_introspection_cpp.hpp
[4.896s] -- Up-to-date symlink: /home/dcubot/DCUBOT/install/realsense2_camera_msgs/include/realsense2_camera_msgs/realsense2_camera_msgs/srv/detail/hardware_monitor_command_send__rosidl_typesupport_introspection_cpp.hpp
[4.896s] -- Up-to-date symlink: /home/dcubot/DCUBOT/install/realsense2_camera_msgs/include/realsense2_camera_msgs/realsense2_camera_msgs/srv/detail/safety_interface_config_read__rosidl_typesupport_introspection_cpp.hpp
[4.896s] -- Up-to-date symlink: /home/dcubot/DCUBOT/install/realsense2_camera_msgs/include/realsense2_camera_msgs/realsense2_camera_msgs/srv/detail/safety_interface_config_write__rosidl_typesupport_introspection_cpp.hpp
[4.897s] -- Up-to-date symlink: /home/dcubot/DCUBOT/install/realsense2_camera_msgs/include/realsense2_camera_msgs/realsense2_camera_msgs/srv/detail/safety_preset_read__rosidl_typesupport_introspection_cpp.hpp
[4.897s] -- Up-to-date symlink: /home/dcubot/DCUBOT/install/realsense2_camera_msgs/include/realsense2_camera_msgs/realsense2_camera_msgs/srv/detail/safety_preset_write__rosidl_typesupport_introspection_cpp.hpp
[4.897s] -- Up-to-date symlink: /home/dcubot/DCUBOT/install/realsense2_camera_msgs/share/realsense2_camera_msgs/environment/pythonpath.sh
[4.897s] -- Up-to-date symlink: /home/dcubot/DCUBOT/install/realsense2_camera_msgs/share/realsense2_camera_msgs/environment/pythonpath.dsv
[4.897s] -- Up-to-date symlink: /home/dcubot/DCUBOT/install/realsense2_camera_msgs/local/lib/python3.10/dist-packages/realsense2_camera_msgs-4.57.0-py3.10.egg-info/PKG-INFO
[4.897s] -- Up-to-date symlink: /home/dcubot/DCUBOT/install/realsense2_camera_msgs/local/lib/python3.10/dist-packages/realsense2_camera_msgs-4.57.0-py3.10.egg-info/SOURCES.txt
[4.910s] -- Up-to-date symlink: /home/dcubot/DCUBOT/install/realsense2_camera_msgs/local/lib/python3.10/dist-packages/realsense2_camera_msgs-4.57.0-py3.10.egg-info/dependency_links.txt
[4.911s] -- Up-to-date symlink: /home/dcubot/DCUBOT/install/realsense2_camera_msgs/local/lib/python3.10/dist-packages/realsense2_camera_msgs-4.57.0-py3.10.egg-info/top_level.txt
[4.911s] -- Up-to-date symlink: /home/dcubot/DCUBOT/install/realsense2_camera_msgs/local/lib/python3.10/dist-packages/realsense2_camera_msgs/__init__.py
[4.911s] -- Up-to-date symlink: /home/dcubot/DCUBOT/install/realsense2_camera_msgs/local/lib/python3.10/dist-packages/realsense2_camera_msgs/_realsense2_camera_msgs_s.ep.rosidl_typesupport_c.c
[4.911s] -- Up-to-date symlink: /home/dcubot/DCUBOT/install/realsense2_camera_msgs/local/lib/python3.10/dist-packages/realsense2_camera_msgs/_realsense2_camera_msgs_s.ep.rosidl_typesupport_fastrtps_c.c
[4.911s] -- Up-to-date symlink: /home/dcubot/DCUBOT/install/realsense2_camera_msgs/local/lib/python3.10/dist-packages/realsense2_camera_msgs/_realsense2_camera_msgs_s.ep.rosidl_typesupport_introspection_c.c
[4.911s] -- Up-to-date symlink: /home/dcubot/DCUBOT/install/realsense2_camera_msgs/local/lib/python3.10/dist-packages/realsense2_camera_msgs/action/__init__.py
[4.912s] -- Up-to-date symlink: /home/dcubot/DCUBOT/install/realsense2_camera_msgs/local/lib/python3.10/dist-packages/realsense2_camera_msgs/action/_triggered_calibration.py
[4.912s] -- Up-to-date symlink: /home/dcubot/DCUBOT/install/realsense2_camera_msgs/local/lib/python3.10/dist-packages/realsense2_camera_msgs/action/_triggered_calibration_s.c
[4.912s] -- Up-to-date symlink: /home/dcubot/DCUBOT/install/realsense2_camera_msgs/local/lib/python3.10/dist-packages/realsense2_camera_msgs/librealsense2_camera_msgs__rosidl_generator_py.so
[4.912s] -- Up-to-date symlink: /home/dcubot/DCUBOT/install/realsense2_camera_msgs/local/lib/python3.10/dist-packages/realsense2_camera_msgs/msg/__init__.py
[4.912s] -- Up-to-date symlink: /home/dcubot/DCUBOT/install/realsense2_camera_msgs/local/lib/python3.10/dist-packages/realsense2_camera_msgs/msg/_extrinsics.py
[4.912s] -- Up-to-date symlink: /home/dcubot/DCUBOT/install/realsense2_camera_msgs/local/lib/python3.10/dist-packages/realsense2_camera_msgs/msg/_extrinsics_s.c
[4.912s] -- Up-to-date symlink: /home/dcubot/DCUBOT/install/realsense2_camera_msgs/local/lib/python3.10/dist-packages/realsense2_camera_msgs/msg/_imu_info.py
[4.912s] -- Up-to-date symlink: /home/dcubot/DCUBOT/install/realsense2_camera_msgs/local/lib/python3.10/dist-packages/realsense2_camera_msgs/msg/_imu_info_s.c
[4.913s] -- Up-to-date symlink: /home/dcubot/DCUBOT/install/realsense2_camera_msgs/local/lib/python3.10/dist-packages/realsense2_camera_msgs/msg/_metadata.py
[4.913s] -- Up-to-date symlink: /home/dcubot/DCUBOT/install/realsense2_camera_msgs/local/lib/python3.10/dist-packages/realsense2_camera_msgs/msg/_metadata_s.c
[4.913s] -- Up-to-date symlink: /home/dcubot/DCUBOT/install/realsense2_camera_msgs/local/lib/python3.10/dist-packages/realsense2_camera_msgs/msg/_rgbd.py
[4.913s] -- Up-to-date symlink: /home/dcubot/DCUBOT/install/realsense2_camera_msgs/local/lib/python3.10/dist-packages/realsense2_camera_msgs/msg/_rgbd_s.c
[4.914s] -- Up-to-date symlink: /home/dcubot/DCUBOT/install/realsense2_camera_msgs/local/lib/python3.10/dist-packages/realsense2_camera_msgs/realsense2_camera_msgs_s__rosidl_typesupport_c.cpython-310-aarch64-linux-gnu.so
[4.914s] -- Up-to-date symlink: /home/dcubot/DCUBOT/install/realsense2_camera_msgs/local/lib/python3.10/dist-packages/realsense2_camera_msgs/realsense2_camera_msgs_s__rosidl_typesupport_fastrtps_c.cpython-310-aarch64-linux-gnu.so
[4.914s] -- Up-to-date symlink: /home/dcubot/DCUBOT/install/realsense2_camera_msgs/local/lib/python3.10/dist-packages/realsense2_camera_msgs/realsense2_camera_msgs_s__rosidl_typesupport_introspection_c.cpython-310-aarch64-linux-gnu.so
[4.914s] -- Up-to-date symlink: /home/dcubot/DCUBOT/install/realsense2_camera_msgs/local/lib/python3.10/dist-packages/realsense2_camera_msgs/srv/__init__.py
[4.914s] -- Up-to-date symlink: /home/dcubot/DCUBOT/install/realsense2_camera_msgs/local/lib/python3.10/dist-packages/realsense2_camera_msgs/srv/_application_config_read.py
[4.914s] -- Up-to-date symlink: /home/dcubot/DCUBOT/install/realsense2_camera_msgs/local/lib/python3.10/dist-packages/realsense2_camera_msgs/srv/_application_config_read_s.c
[4.915s] -- Up-to-date symlink: /home/dcubot/DCUBOT/install/realsense2_camera_msgs/local/lib/python3.10/dist-packages/realsense2_camera_msgs/srv/_application_config_write.py
[4.915s] -- Up-to-date symlink: /home/dcubot/DCUBOT/install/realsense2_camera_msgs/local/lib/python3.10/dist-packages/realsense2_camera_msgs/srv/_application_config_write_s.c
[4.915s] -- Up-to-date symlink: /home/dcubot/DCUBOT/install/realsense2_camera_msgs/local/lib/python3.10/dist-packages/realsense2_camera_msgs/srv/_calib_config_read.py
[4.915s] -- Up-to-date symlink: /home/dcubot/DCUBOT/install/realsense2_camera_msgs/local/lib/python3.10/dist-packages/realsense2_camera_msgs/srv/_calib_config_read_s.c
[4.915s] -- Up-to-date symlink: /home/dcubot/DCUBOT/install/realsense2_camera_msgs/local/lib/python3.10/dist-packages/realsense2_camera_msgs/srv/_calib_config_write.py
[4.915s] -- Up-to-date symlink: /home/dcubot/DCUBOT/install/realsense2_camera_msgs/local/lib/python3.10/dist-packages/realsense2_camera_msgs/srv/_calib_config_write_s.c
[4.915s] -- Up-to-date symlink: /home/dcubot/DCUBOT/install/realsense2_camera_msgs/local/lib/python3.10/dist-packages/realsense2_camera_msgs/srv/_device_info.py
[4.915s] -- Up-to-date symlink: /home/dcubot/DCUBOT/install/realsense2_camera_msgs/local/lib/python3.10/dist-packages/realsense2_camera_msgs/srv/_device_info_s.c
[4.916s] -- Up-to-date symlink: /home/dcubot/DCUBOT/install/realsense2_camera_msgs/local/lib/python3.10/dist-packages/realsense2_camera_msgs/srv/_hardware_monitor_command_send.py
[4.916s] -- Up-to-date symlink: /home/dcubot/DCUBOT/install/realsense2_camera_msgs/local/lib/python3.10/dist-packages/realsense2_camera_msgs/srv/_hardware_monitor_command_send_s.c
[4.916s] -- Up-to-date symlink: /home/dcubot/DCUBOT/install/realsense2_camera_msgs/local/lib/python3.10/dist-packages/realsense2_camera_msgs/srv/_safety_interface_config_read.py
[4.916s] -- Up-to-date symlink: /home/dcubot/DCUBOT/install/realsense2_camera_msgs/local/lib/python3.10/dist-packages/realsense2_camera_msgs/srv/_safety_interface_config_read_s.c
[4.916s] -- Up-to-date symlink: /home/dcubot/DCUBOT/install/realsense2_camera_msgs/local/lib/python3.10/dist-packages/realsense2_camera_msgs/srv/_safety_interface_config_write.py
[4.916s] -- Up-to-date symlink: /home/dcubot/DCUBOT/install/realsense2_camera_msgs/local/lib/python3.10/dist-packages/realsense2_camera_msgs/srv/_safety_interface_config_write_s.c
[4.916s] -- Up-to-date symlink: /home/dcubot/DCUBOT/install/realsense2_camera_msgs/local/lib/python3.10/dist-packages/realsense2_camera_msgs/srv/_safety_preset_read.py
[4.916s] -- Up-to-date symlink: /home/dcubot/DCUBOT/install/realsense2_camera_msgs/local/lib/python3.10/dist-packages/realsense2_camera_msgs/srv/_safety_preset_read_s.c
[4.917s] -- Up-to-date symlink: /home/dcubot/DCUBOT/install/realsense2_camera_msgs/local/lib/python3.10/dist-packages/realsense2_camera_msgs/srv/_safety_preset_write.py
[4.917s] -- Up-to-date symlink: /home/dcubot/DCUBOT/install/realsense2_camera_msgs/local/lib/python3.10/dist-packages/realsense2_camera_msgs/srv/_safety_preset_write_s.c
[4.917s] -- Up-to-date symlink: /home/dcubot/DCUBOT/install/realsense2_camera_msgs/local/lib/python3.10/dist-packages/realsense2_camera_msgs/realsense2_camera_msgs_s__rosidl_typesupport_fastrtps_c.cpython-310-aarch64-linux-gnu.so
[4.917s] -- Up-to-date symlink: /home/dcubot/DCUBOT/install/realsense2_camera_msgs/local/lib/python3.10/dist-packages/realsense2_camera_msgs/realsense2_camera_msgs_s__rosidl_typesupport_introspection_c.cpython-310-aarch64-linux-gnu.so
[4.917s] -- Up-to-date symlink: /home/dcubot/DCUBOT/install/realsense2_camera_msgs/local/lib/python3.10/dist-packages/realsense2_camera_msgs/realsense2_camera_msgs_s__rosidl_typesupport_c.cpython-310-aarch64-linux-gnu.so
[4.917s] -- Up-to-date symlink: /home/dcubot/DCUBOT/install/realsense2_camera_msgs/share/realsense2_camera_msgs/msg/IMUInfo.idl
[4.917s] -- Up-to-date symlink: /home/dcubot/DCUBOT/install/realsense2_camera_msgs/share/realsense2_camera_msgs/msg/Extrinsics.idl
[4.917s] -- Up-to-date symlink: /home/dcubot/DCUBOT/install/realsense2_camera_msgs/share/realsense2_camera_msgs/msg/Metadata.idl
[4.918s] -- Up-to-date symlink: /home/dcubot/DCUBOT/install/realsense2_camera_msgs/share/realsense2_camera_msgs/msg/RGBD.idl
[4.918s] -- Up-to-date symlink: /home/dcubot/DCUBOT/install/realsense2_camera_msgs/share/realsense2_camera_msgs/srv/DeviceInfo.idl
[4.918s] -- Up-to-date symlink: /home/dcubot/DCUBOT/install/realsense2_camera_msgs/share/realsense2_camera_msgs/srv/SafetyPresetRead.idl
[4.918s] -- Up-to-date symlink: /home/dcubot/DCUBOT/install/realsense2_camera_msgs/share/realsense2_camera_msgs/srv/SafetyPresetWrite.idl
[4.918s] -- Up-to-date symlink: /home/dcubot/DCUBOT/install/realsense2_camera_msgs/share/realsense2_camera_msgs/srv/SafetyInterfaceConfigRead.idl
[4.926s] -- Up-to-date symlink: /home/dcubot/DCUBOT/install/realsense2_camera_msgs/share/realsense2_camera_msgs/srv/SafetyInterfaceConfigWrite.idl
[4.927s] -- Up-to-date symlink: /home/dcubot/DCUBOT/install/realsense2_camera_msgs/share/realsense2_camera_msgs/srv/CalibConfigRead.idl
[4.927s] -- Up-to-date symlink: /home/dcubot/DCUBOT/install/realsense2_camera_msgs/share/realsense2_camera_msgs/srv/CalibConfigWrite.idl
[4.927s] -- Up-to-date symlink: /home/dcubot/DCUBOT/install/realsense2_camera_msgs/share/realsense2_camera_msgs/srv/ApplicationConfigRead.idl
[4.927s] -- Up-to-date symlink: /home/dcubot/DCUBOT/install/realsense2_camera_msgs/share/realsense2_camera_msgs/srv/ApplicationConfigWrite.idl
[4.927s] -- Up-to-date symlink: /home/dcubot/DCUBOT/install/realsense2_camera_msgs/share/realsense2_camera_msgs/srv/HardwareMonitorCommandSend.idl
[4.927s] -- Up-to-date symlink: /home/dcubot/DCUBOT/install/realsense2_camera_msgs/share/realsense2_camera_msgs/action/TriggeredCalibration.idl
[4.927s] -- Up-to-date symlink: /home/dcubot/DCUBOT/install/realsense2_camera_msgs/share/realsense2_camera_msgs/msg/IMUInfo.msg
[4.928s] -- Up-to-date symlink: /home/dcubot/DCUBOT/install/realsense2_camera_msgs/share/realsense2_camera_msgs/msg/Extrinsics.msg
[4.928s] -- Up-to-date symlink: /home/dcubot/DCUBOT/install/realsense2_camera_msgs/share/realsense2_camera_msgs/msg/Metadata.msg
[4.928s] -- Up-to-date symlink: /home/dcubot/DCUBOT/install/realsense2_camera_msgs/share/realsense2_camera_msgs/msg/RGBD.msg
[4.928s] -- Up-to-date symlink: /home/dcubot/DCUBOT/install/realsense2_camera_msgs/share/realsense2_camera_msgs/srv/DeviceInfo.srv
[4.928s] -- Up-to-date symlink: /home/dcubot/DCUBOT/install/realsense2_camera_msgs/share/realsense2_camera_msgs/srv/DeviceInfo_Request.msg
[4.928s] -- Up-to-date symlink: /home/dcubot/DCUBOT/install/realsense2_camera_msgs/share/realsense2_camera_msgs/srv/DeviceInfo_Response.msg
[4.928s] -- Up-to-date symlink: /home/dcubot/DCUBOT/install/realsense2_camera_msgs/share/realsense2_camera_msgs/srv/SafetyPresetRead.srv
[4.929s] -- Up-to-date symlink: /home/dcubot/DCUBOT/install/realsense2_camera_msgs/share/realsense2_camera_msgs/srv/SafetyPresetRead_Request.msg
[4.929s] -- Up-to-date symlink: /home/dcubot/DCUBOT/install/realsense2_camera_msgs/share/realsense2_camera_msgs/srv/SafetyPresetRead_Response.msg
[4.929s] -- Up-to-date symlink: /home/dcubot/DCUBOT/install/realsense2_camera_msgs/share/realsense2_camera_msgs/srv/SafetyPresetWrite.srv
[4.929s] -- Up-to-date symlink: /home/dcubot/DCUBOT/install/realsense2_camera_msgs/share/realsense2_camera_msgs/srv/SafetyPresetWrite_Request.msg
[4.930s] -- Up-to-date symlink: /home/dcubot/DCUBOT/install/realsense2_camera_msgs/share/realsense2_camera_msgs/srv/SafetyPresetWrite_Response.msg
[4.930s] -- Up-to-date symlink: /home/dcubot/DCUBOT/install/realsense2_camera_msgs/share/realsense2_camera_msgs/srv/SafetyInterfaceConfigRead.srv
[4.930s] -- Up-to-date symlink: /home/dcubot/DCUBOT/install/realsense2_camera_msgs/share/realsense2_camera_msgs/srv/SafetyInterfaceConfigRead_Request.msg
[4.930s] -- Up-to-date symlink: /home/dcubot/DCUBOT/install/realsense2_camera_msgs/share/realsense2_camera_msgs/srv/SafetyInterfaceConfigRead_Response.msg
[4.931s] -- Up-to-date symlink: /home/dcubot/DCUBOT/install/realsense2_camera_msgs/share/realsense2_camera_msgs/srv/SafetyInterfaceConfigWrite.srv
[4.931s] -- Up-to-date symlink: /home/dcubot/DCUBOT/install/realsense2_camera_msgs/share/realsense2_camera_msgs/srv/SafetyInterfaceConfigWrite_Request.msg
[4.931s] -- Up-to-date symlink: /home/dcubot/DCUBOT/install/realsense2_camera_msgs/share/realsense2_camera_msgs/srv/SafetyInterfaceConfigWrite_Response.msg
[4.931s] -- Up-to-date symlink: /home/dcubot/DCUBOT/install/realsense2_camera_msgs/share/realsense2_camera_msgs/srv/CalibConfigRead.srv
[4.932s] -- Up-to-date symlink: /home/dcubot/DCUBOT/install/realsense2_camera_msgs/share/realsense2_camera_msgs/srv/CalibConfigRead_Request.msg
[4.932s] -- Up-to-date symlink: /home/dcubot/DCUBOT/install/realsense2_camera_msgs/share/realsense2_camera_msgs/srv/CalibConfigRead_Response.msg
[4.932s] -- Up-to-date symlink: /home/dcubot/DCUBOT/install/realsense2_camera_msgs/share/realsense2_camera_msgs/srv/CalibConfigWrite.srv
[4.932s] -- Up-to-date symlink: /home/dcubot/DCUBOT/install/realsense2_camera_msgs/share/realsense2_camera_msgs/srv/CalibConfigWrite_Request.msg
[4.932s] -- Up-to-date symlink: /home/dcubot/DCUBOT/install/realsense2_camera_msgs/share/realsense2_camera_msgs/srv/CalibConfigWrite_Response.msg
[4.932s] -- Up-to-date symlink: /home/dcubot/DCUBOT/install/realsense2_camera_msgs/share/realsense2_camera_msgs/srv/ApplicationConfigRead.srv
[4.932s] -- Up-to-date symlink: /home/dcubot/DCUBOT/install/realsense2_camera_msgs/share/realsense2_camera_msgs/srv/ApplicationConfigRead_Request.msg
[4.933s] -- Up-to-date symlink: /home/dcubot/DCUBOT/install/realsense2_camera_msgs/share/realsense2_camera_msgs/srv/ApplicationConfigRead_Response.msg
[4.933s] -- Up-to-date symlink: /home/dcubot/DCUBOT/install/realsense2_camera_msgs/share/realsense2_camera_msgs/srv/ApplicationConfigWrite.srv
[4.933s] -- Up-to-date symlink: /home/dcubot/DCUBOT/install/realsense2_camera_msgs/share/realsense2_camera_msgs/srv/ApplicationConfigWrite_Request.msg
[4.934s] -- Up-to-date symlink: /home/dcubot/DCUBOT/install/realsense2_camera_msgs/share/realsense2_camera_msgs/srv/ApplicationConfigWrite_Response.msg
[4.935s] -- Up-to-date symlink: /home/dcubot/DCUBOT/install/realsense2_camera_msgs/share/realsense2_camera_msgs/srv/HardwareMonitorCommandSend.srv
[4.935s] -- Up-to-date symlink: /home/dcubot/DCUBOT/install/realsense2_camera_msgs/share/realsense2_camera_msgs/srv/HardwareMonitorCommandSend_Request.msg
[4.942s] -- Up-to-date symlink: /home/dcubot/DCUBOT/install/realsense2_camera_msgs/share/realsense2_camera_msgs/srv/HardwareMonitorCommandSend_Response.msg
[4.942s] -- Up-to-date symlink: /home/dcubot/DCUBOT/install/realsense2_camera_msgs/share/realsense2_camera_msgs/action/TriggeredCalibration.action
[4.943s] -- Up-to-date symlink: /home/dcubot/DCUBOT/install/realsense2_camera_msgs/share/ament_index/resource_index/package_run_dependencies/realsense2_camera_msgs
[4.943s] -- Up-to-date symlink: /home/dcubot/DCUBOT/install/realsense2_camera_msgs/share/ament_index/resource_index/parent_prefix_path/realsense2_camera_msgs
[4.943s] -- Up-to-date symlink: /home/dcubot/DCUBOT/install/realsense2_camera_msgs/share/realsense2_camera_msgs/environment/ament_prefix_path.sh
[4.943s] -- Up-to-date symlink: /home/dcubot/DCUBOT/install/realsense2_camera_msgs/share/realsense2_camera_msgs/environment/ament_prefix_path.dsv
[4.944s] -- Up-to-date symlink: /home/dcubot/DCUBOT/install/realsense2_camera_msgs/share/realsense2_camera_msgs/environment/path.sh
[4.944s] -- Up-to-date symlink: /home/dcubot/DCUBOT/install/realsense2_camera_msgs/share/realsense2_camera_msgs/environment/path.dsv
[4.944s] -- Up-to-date symlink: /home/dcubot/DCUBOT/install/realsense2_camera_msgs/share/realsense2_camera_msgs/local_setup.bash
[4.944s] -- Up-to-date symlink: /home/dcubot/DCUBOT/install/realsense2_camera_msgs/share/realsense2_camera_msgs/local_setup.sh
[4.944s] -- Up-to-date symlink: /home/dcubot/DCUBOT/install/realsense2_camera_msgs/share/realsense2_camera_msgs/local_setup.zsh
[4.945s] -- Up-to-date symlink: /home/dcubot/DCUBOT/install/realsense2_camera_msgs/share/realsense2_camera_msgs/local_setup.dsv
[4.945s] -- Symlinking: /home/dcubot/DCUBOT/install/realsense2_camera_msgs/share/realsense2_camera_msgs/package.dsv
[4.945s] -- Up-to-date symlink: /home/dcubot/DCUBOT/install/realsense2_camera_msgs/share/ament_index/resource_index/packages/realsense2_camera_msgs
[4.945s] -- Up-to-date symlink: /home/dcubot/DCUBOT/install/realsense2_camera_msgs/share/realsense2_camera_msgs/cmake/rosidl_cmake-extras.cmake
[4.946s] -- Up-to-date symlink: /home/dcubot/DCUBOT/install/realsense2_camera_msgs/share/realsense2_camera_msgs/cmake/ament_cmake_export_dependencies-extras.cmake
[4.946s] -- Up-to-date symlink: /home/dcubot/DCUBOT/install/realsense2_camera_msgs/share/realsense2_camera_msgs/cmake/ament_cmake_export_include_directories-extras.cmake
[4.946s] -- Up-to-date symlink: /home/dcubot/DCUBOT/install/realsense2_camera_msgs/share/realsense2_camera_msgs/cmake/ament_cmake_export_libraries-extras.cmake
[4.946s] -- Up-to-date symlink: /home/dcubot/DCUBOT/install/realsense2_camera_msgs/share/realsense2_camera_msgs/cmake/ament_cmake_export_targets-extras.cmake
[4.946s] -- Up-to-date symlink: /home/dcubot/DCUBOT/install/realsense2_camera_msgs/share/realsense2_camera_msgs/cmake/rosidl_cmake_export_typesupport_targets-extras.cmake
[4.946s] -- Up-to-date symlink: /home/dcubot/DCUBOT/install/realsense2_camera_msgs/share/realsense2_camera_msgs/cmake/rosidl_cmake_export_typesupport_libraries-extras.cmake
[4.946s] -- Up-to-date symlink: /home/dcubot/DCUBOT/install/realsense2_camera_msgs/share/realsense2_camera_msgs/cmake/realsense2_camera_msgsConfig.cmake
[4.947s] -- Up-to-date symlink: /home/dcubot/DCUBOT/install/realsense2_camera_msgs/share/realsense2_camera_msgs/cmake/realsense2_camera_msgsConfig-version.cmake
[4.947s] -- Up-to-date symlink: /home/dcubot/DCUBOT/install/realsense2_camera_msgs/share/realsense2_camera_msgs/package.xml
[4.947s] -- Up-to-date: /home/dcubot/DCUBOT/install/realsense2_camera_msgs/lib/librealsense2_camera_msgs__rosidl_generator_c.so
[4.947s] -- Up-to-date: /home/dcubot/DCUBOT/install/realsense2_camera_msgs/lib/librealsense2_camera_msgs__rosidl_typesupport_fastrtps_c.so
[4.947s] -- Up-to-date: /home/dcubot/DCUBOT/install/realsense2_camera_msgs/lib/librealsense2_camera_msgs__rosidl_typesupport_introspection_c.so
[4.947s] -- Up-to-date: /home/dcubot/DCUBOT/install/realsense2_camera_msgs/lib/librealsense2_camera_msgs__rosidl_typesupport_c.so
[4.947s] -- Up-to-date: /home/dcubot/DCUBOT/install/realsense2_camera_msgs/lib/librealsense2_camera_msgs__rosidl_typesupport_fastrtps_cpp.so
[4.947s] -- Up-to-date: /home/dcubot/DCUBOT/install/realsense2_camera_msgs/lib/librealsense2_camera_msgs__rosidl_typesupport_introspection_cpp.so
[4.948s] -- Up-to-date: /home/dcubot/DCUBOT/install/realsense2_camera_msgs/lib/librealsense2_camera_msgs__rosidl_typesupport_cpp.so
[5.140s] Listing '/home/dcubot/DCUBOT/install/realsense2_camera_msgs/local/lib/python3.10/dist-packages/realsense2_camera_msgs'...
[5.140s] Compiling '/home/dcubot/DCUBOT/install/realsense2_camera_msgs/local/lib/python3.10/dist-packages/realsense2_camera_msgs/__init__.py'...
[5.140s] Listing '/home/dcubot/DCUBOT/install/realsense2_camera_msgs/local/lib/python3.10/dist-packages/realsense2_camera_msgs/action'...
[5.141s] Listing '/home/dcubot/DCUBOT/install/realsense2_camera_msgs/local/lib/python3.10/dist-packages/realsense2_camera_msgs/msg'...
[5.141s] Listing '/home/dcubot/DCUBOT/install/realsense2_camera_msgs/local/lib/python3.10/dist-packages/realsense2_camera_msgs/srv'...
[5.192s] -- Up-to-date: /home/dcubot/DCUBOT/install/realsense2_camera_msgs/lib/librealsense2_camera_msgs__rosidl_generator_py.so
[5.192s] -- Up-to-date: /home/dcubot/DCUBOT/install/realsense2_camera_msgs/share/realsense2_camera_msgs/cmake/export_realsense2_camera_msgs__rosidl_generator_cExport.cmake
[5.193s] -- Up-to-date: /home/dcubot/DCUBOT/install/realsense2_camera_msgs/share/realsense2_camera_msgs/cmake/export_realsense2_camera_msgs__rosidl_generator_cExport-noconfig.cmake
[5.193s] -- Up-to-date: /home/dcubot/DCUBOT/install/realsense2_camera_msgs/share/realsense2_camera_msgs/cmake/export_realsense2_camera_msgs__rosidl_typesupport_fastrtps_cExport.cmake
[5.193s] -- Up-to-date: /home/dcubot/DCUBOT/install/realsense2_camera_msgs/share/realsense2_camera_msgs/cmake/export_realsense2_camera_msgs__rosidl_typesupport_fastrtps_cExport-noconfig.cmake
[5.193s] -- Up-to-date: /home/dcubot/DCUBOT/install/realsense2_camera_msgs/share/realsense2_camera_msgs/cmake/realsense2_camera_msgs__rosidl_typesupport_introspection_cExport.cmake
[5.193s] -- Up-to-date: /home/dcubot/DCUBOT/install/realsense2_camera_msgs/share/realsense2_camera_msgs/cmake/realsense2_camera_msgs__rosidl_typesupport_introspection_cExport-noconfig.cmake
[5.194s] -- Up-to-date: /home/dcubot/DCUBOT/install/realsense2_camera_msgs/share/realsense2_camera_msgs/cmake/realsense2_camera_msgs__rosidl_typesupport_cExport.cmake
[5.194s] -- Up-to-date: /home/dcubot/DCUBOT/install/realsense2_camera_msgs/share/realsense2_camera_msgs/cmake/realsense2_camera_msgs__rosidl_typesupport_cExport-noconfig.cmake
[5.194s] -- Up-to-date: /home/dcubot/DCUBOT/install/realsense2_camera_msgs/share/realsense2_camera_msgs/cmake/export_realsense2_camera_msgs__rosidl_generator_cppExport.cmake
[5.194s] -- Up-to-date: /home/dcubot/DCUBOT/install/realsense2_camera_msgs/share/realsense2_camera_msgs/cmake/export_realsense2_camera_msgs__rosidl_typesupport_fastrtps_cppExport.cmake
[5.194s] -- Up-to-date: /home/dcubot/DCUBOT/install/realsense2_camera_msgs/share/realsense2_camera_msgs/cmake/export_realsense2_camera_msgs__rosidl_typesupport_fastrtps_cppExport-noconfig.cmake
[5.195s] -- Up-to-date: /home/dcubot/DCUBOT/install/realsense2_camera_msgs/share/realsense2_camera_msgs/cmake/realsense2_camera_msgs__rosidl_typesupport_introspection_cppExport.cmake
[5.195s] -- Up-to-date: /home/dcubot/DCUBOT/install/realsense2_camera_msgs/share/realsense2_camera_msgs/cmake/realsense2_camera_msgs__rosidl_typesupport_introspection_cppExport-noconfig.cmake
[5.195s] -- Up-to-date: /home/dcubot/DCUBOT/install/realsense2_camera_msgs/share/realsense2_camera_msgs/cmake/realsense2_camera_msgs__rosidl_typesupport_cppExport.cmake
[5.195s] -- Up-to-date: /home/dcubot/DCUBOT/install/realsense2_camera_msgs/share/realsense2_camera_msgs/cmake/realsense2_camera_msgs__rosidl_typesupport_cppExport-noconfig.cmake
[5.195s] -- Up-to-date: /home/dcubot/DCUBOT/install/realsense2_camera_msgs/share/realsense2_camera_msgs/cmake/export_realsense2_camera_msgs__rosidl_generator_pyExport.cmake
[5.195s] -- Up-to-date: /home/dcubot/DCUBOT/install/realsense2_camera_msgs/share/realsense2_camera_msgs/cmake/export_realsense2_camera_msgs__rosidl_generator_pyExport-noconfig.cmake
[5.204s] Invoked command in '/home/dcubot/DCUBOT/build/realsense2_camera_msgs' returned '0': CMAKE_PREFIX_PATH=${CMAKE_PREFIX_PATH}:/home/dcubot/DCUBOT/install/powertrain:/opt/ros/humble /usr/bin/cmake --install /home/dcubot/DCUBOT/build/realsense2_camera_msgs
