[0.228s] DEBUG:colcon:Command line arguments: ['/usr/bin/colcon', 'build', '--symlink-install', '--packages-select', 'realsense2_camera_msgs', 'realsense2_camera', 'realsense2_description']
[0.228s] DEBUG:colcon:Parsed command line arguments: Namespace(log_base=None, log_level=None, verb_name='build', build_base='build', install_base='install', merge_install=False, symlink_install=True, test_result_base=None, continue_on_error=False, executor='parallel', parallel_workers=6, event_handlers=None, ignore_user_meta=False, metas=['./colcon.meta'], base_paths=['.'], packages_ignore=None, packages_ignore_regex=None, paths=None, packages_up_to=None, packages_up_to_regex=None, packages_above=None, packages_above_and_dependencies=None, packages_above_depth=None, packages_select_by_dep=None, packages_skip_by_dep=None, packages_skip_up_to=None, packages_select_build_failed=False, packages_skip_build_finished=False, packages_select_test_failures=False, packages_skip_test_passed=False, packages_select=['realsense2_camera_msgs', 'realsense2_camera', 'realsense2_description'], packages_skip=None, packages_select_regex=None, packages_skip_regex=None, packages_start=None, packages_end=None, allow_overriding=[], cmake_args=None, cmake_target=None, cmake_target_skip_unavailable=False, cmake_clean_cache=False, cmake_clean_first=False, cmake_force_configure=False, ament_cmake_args=None, catkin_cmake_args=None, catkin_skip_building_tests=False, mixin_files=None, mixin=None, verb_parser=<colcon_mixin.mixin.mixin_argument.MixinArgumentDecorator object at 0xffff989de8f0>, verb_extension=<colcon_core.verb.build.BuildVerb object at 0xffff989ddf30>, main=<bound method BuildVerb.main of <colcon_core.verb.build.BuildVerb object at 0xffff989ddf30>>, mixin_verb=('build',))
[0.601s] Level 1:colcon.colcon_core.package_discovery:discover_packages(colcon_meta) check parameters
[0.602s] Level 1:colcon.colcon_core.package_discovery:discover_packages(recursive) check parameters
[0.602s] Level 1:colcon.colcon_core.package_discovery:discover_packages(ignore) check parameters
[0.602s] Level 1:colcon.colcon_core.package_discovery:discover_packages(path) check parameters
[0.602s] Level 1:colcon.colcon_core.package_discovery:discover_packages(colcon_meta) discover
[0.602s] Level 1:colcon.colcon_core.package_discovery:discover_packages(recursive) discover
[0.602s] INFO:colcon.colcon_core.package_discovery:Crawling recursively for packages in '/home/dcubot/DCUBOT'
[0.603s] Level 1:colcon.colcon_core.package_identification:_identify(.) by extensions ['ignore', 'ignore_ament_install']
[0.603s] Level 1:colcon.colcon_core.package_identification:_identify(.) by extension 'ignore'
[0.603s] Level 1:colcon.colcon_core.package_identification:_identify(.) by extension 'ignore_ament_install'
[0.604s] Level 1:colcon.colcon_core.package_identification:_identify(.) by extensions ['colcon_pkg']
[0.604s] Level 1:colcon.colcon_core.package_identification:_identify(.) by extension 'colcon_pkg'
[0.604s] Level 1:colcon.colcon_core.package_identification:_identify(.) by extensions ['colcon_meta']
[0.604s] Level 1:colcon.colcon_core.package_identification:_identify(.) by extension 'colcon_meta'
[0.604s] Level 1:colcon.colcon_core.package_identification:_identify(.) by extensions ['ros']
[0.604s] Level 1:colcon.colcon_core.package_identification:_identify(.) by extension 'ros'
[0.630s] Level 1:colcon.colcon_core.package_identification:_identify(.) by extensions ['cmake', 'python']
[0.631s] Level 1:colcon.colcon_core.package_identification:_identify(.) by extension 'cmake'
[0.631s] Level 1:colcon.colcon_core.package_identification:_identify(.) by extension 'python'
[0.631s] Level 1:colcon.colcon_core.package_identification:_identify(.) by extensions ['python_setup_py']
[0.631s] Level 1:colcon.colcon_core.package_identification:_identify(.) by extension 'python_setup_py'
[0.632s] Level 1:colcon.colcon_core.package_identification:_identify(build) by extensions ['ignore', 'ignore_ament_install']
[0.632s] Level 1:colcon.colcon_core.package_identification:_identify(build) by extension 'ignore'
[0.632s] Level 1:colcon.colcon_core.package_identification:_identify(build) ignored
[0.632s] Level 1:colcon.colcon_core.package_identification:_identify(install) by extensions ['ignore', 'ignore_ament_install']
[0.633s] Level 1:colcon.colcon_core.package_identification:_identify(install) by extension 'ignore'
[0.633s] Level 1:colcon.colcon_core.package_identification:_identify(install) ignored
[0.633s] Level 1:colcon.colcon_core.package_identification:_identify(librealsense) by extensions ['ignore', 'ignore_ament_install']
[0.633s] Level 1:colcon.colcon_core.package_identification:_identify(librealsense) by extension 'ignore'
[0.633s] Level 1:colcon.colcon_core.package_identification:_identify(librealsense) by extension 'ignore_ament_install'
[0.633s] Level 1:colcon.colcon_core.package_identification:_identify(librealsense) by extensions ['colcon_pkg']
[0.634s] Level 1:colcon.colcon_core.package_identification:_identify(librealsense) by extension 'colcon_pkg'
[0.634s] Level 1:colcon.colcon_core.package_identification:_identify(librealsense) by extensions ['colcon_meta']
[0.634s] Level 1:colcon.colcon_core.package_identification:_identify(librealsense) by extension 'colcon_meta'
[0.634s] Level 1:colcon.colcon_core.package_identification:_identify(librealsense) by extensions ['ros']
[0.634s] Level 1:colcon.colcon_core.package_identification:_identify(librealsense) by extension 'ros'
[0.640s] DEBUG:colcon.colcon_core.package_identification:Package 'librealsense' with type 'ros.cmake' and name 'librealsense2'
[0.640s] Level 1:colcon.colcon_core.package_identification:_identify(log) by extensions ['ignore', 'ignore_ament_install']
[0.641s] Level 1:colcon.colcon_core.package_identification:_identify(log) by extension 'ignore'
[0.641s] Level 1:colcon.colcon_core.package_identification:_identify(log) ignored
[0.641s] Level 1:colcon.colcon_core.package_identification:_identify(src) by extensions ['ignore', 'ignore_ament_install']
[0.641s] Level 1:colcon.colcon_core.package_identification:_identify(src) by extension 'ignore'
[0.641s] Level 1:colcon.colcon_core.package_identification:_identify(src) by extension 'ignore_ament_install'
[0.641s] Level 1:colcon.colcon_core.package_identification:_identify(src) by extensions ['colcon_pkg']
[0.642s] Level 1:colcon.colcon_core.package_identification:_identify(src) by extension 'colcon_pkg'
[0.642s] Level 1:colcon.colcon_core.package_identification:_identify(src) by extensions ['colcon_meta']
[0.642s] Level 1:colcon.colcon_core.package_identification:_identify(src) by extension 'colcon_meta'
[0.642s] Level 1:colcon.colcon_core.package_identification:_identify(src) by extensions ['ros']
[0.642s] Level 1:colcon.colcon_core.package_identification:_identify(src) by extension 'ros'
[0.642s] Level 1:colcon.colcon_core.package_identification:_identify(src) by extensions ['cmake', 'python']
[0.642s] Level 1:colcon.colcon_core.package_identification:_identify(src) by extension 'cmake'
[0.642s] Level 1:colcon.colcon_core.package_identification:_identify(src) by extension 'python'
[0.642s] Level 1:colcon.colcon_core.package_identification:_identify(src) by extensions ['python_setup_py']
[0.642s] Level 1:colcon.colcon_core.package_identification:_identify(src) by extension 'python_setup_py'
[0.643s] Level 1:colcon.colcon_core.package_identification:_identify(src/Micro-XRCE-DDS-Agent) by extensions ['ignore', 'ignore_ament_install']
[0.643s] Level 1:colcon.colcon_core.package_identification:_identify(src/Micro-XRCE-DDS-Agent) by extension 'ignore'
[0.643s] Level 1:colcon.colcon_core.package_identification:_identify(src/Micro-XRCE-DDS-Agent) by extension 'ignore_ament_install'
[0.643s] Level 1:colcon.colcon_core.package_identification:_identify(src/Micro-XRCE-DDS-Agent) by extensions ['colcon_pkg']
[0.643s] Level 1:colcon.colcon_core.package_identification:_identify(src/Micro-XRCE-DDS-Agent) by extension 'colcon_pkg'
[0.646s] INFO:colcon.colcon_metadata.metadata.colcon_pkg:Setting type 'cmake' of package 'src/Micro-XRCE-DDS-Agent' from colcon.pkg
[0.646s] INFO:colcon.colcon_metadata.metadata.colcon_pkg:Setting name 'microxrcedds_agent' of package 'src/Micro-XRCE-DDS-Agent' from colcon.pkg
[0.646s] DEBUG:colcon.colcon_core.package_identification:Package 'src/Micro-XRCE-DDS-Agent' with type 'cmake' and name 'microxrcedds_agent'
[0.647s] Level 1:colcon.colcon_core.package_identification:_identify(src/powertrain) by extensions ['ignore', 'ignore_ament_install']
[0.647s] Level 1:colcon.colcon_core.package_identification:_identify(src/powertrain) by extension 'ignore'
[0.647s] Level 1:colcon.colcon_core.package_identification:_identify(src/powertrain) by extension 'ignore_ament_install'
[0.647s] Level 1:colcon.colcon_core.package_identification:_identify(src/powertrain) by extensions ['colcon_pkg']
[0.648s] Level 1:colcon.colcon_core.package_identification:_identify(src/powertrain) by extension 'colcon_pkg'
[0.648s] Level 1:colcon.colcon_core.package_identification:_identify(src/powertrain) by extensions ['colcon_meta']
[0.648s] Level 1:colcon.colcon_core.package_identification:_identify(src/powertrain) by extension 'colcon_meta'
[0.648s] Level 1:colcon.colcon_core.package_identification:_identify(src/powertrain) by extensions ['ros']
[0.648s] Level 1:colcon.colcon_core.package_identification:_identify(src/powertrain) by extension 'ros'
[0.649s] DEBUG:colcon.colcon_core.package_identification:Package 'src/powertrain' with type 'ros.ament_python' and name 'powertrain'
[0.650s] Level 1:colcon.colcon_core.package_identification:_identify(src/realsense-ros) by extensions ['ignore', 'ignore_ament_install']
[0.650s] Level 1:colcon.colcon_core.package_identification:_identify(src/realsense-ros) by extension 'ignore'
[0.650s] Level 1:colcon.colcon_core.package_identification:_identify(src/realsense-ros) by extension 'ignore_ament_install'
[0.650s] Level 1:colcon.colcon_core.package_identification:_identify(src/realsense-ros) by extensions ['colcon_pkg']
[0.650s] Level 1:colcon.colcon_core.package_identification:_identify(src/realsense-ros) by extension 'colcon_pkg'
[0.650s] Level 1:colcon.colcon_core.package_identification:_identify(src/realsense-ros) by extensions ['colcon_meta']
[0.650s] Level 1:colcon.colcon_core.package_identification:_identify(src/realsense-ros) by extension 'colcon_meta'
[0.650s] Level 1:colcon.colcon_core.package_identification:_identify(src/realsense-ros) by extensions ['ros']
[0.651s] Level 1:colcon.colcon_core.package_identification:_identify(src/realsense-ros) by extension 'ros'
[0.651s] Level 1:colcon.colcon_core.package_identification:_identify(src/realsense-ros) by extensions ['cmake', 'python']
[0.651s] Level 1:colcon.colcon_core.package_identification:_identify(src/realsense-ros) by extension 'cmake'
[0.651s] Level 1:colcon.colcon_core.package_identification:_identify(src/realsense-ros) by extension 'python'
[0.651s] Level 1:colcon.colcon_core.package_identification:_identify(src/realsense-ros) by extensions ['python_setup_py']
[0.651s] Level 1:colcon.colcon_core.package_identification:_identify(src/realsense-ros) by extension 'python_setup_py'
[0.651s] Level 1:colcon.colcon_core.package_identification:_identify(src/realsense-ros/realsense2_camera) by extensions ['ignore', 'ignore_ament_install']
[0.651s] Level 1:colcon.colcon_core.package_identification:_identify(src/realsense-ros/realsense2_camera) by extension 'ignore'
[0.652s] Level 1:colcon.colcon_core.package_identification:_identify(src/realsense-ros/realsense2_camera) by extension 'ignore_ament_install'
[0.652s] Level 1:colcon.colcon_core.package_identification:_identify(src/realsense-ros/realsense2_camera) by extensions ['colcon_pkg']
[0.652s] Level 1:colcon.colcon_core.package_identification:_identify(src/realsense-ros/realsense2_camera) by extension 'colcon_pkg'
[0.652s] Level 1:colcon.colcon_core.package_identification:_identify(src/realsense-ros/realsense2_camera) by extensions ['colcon_meta']
[0.652s] Level 1:colcon.colcon_core.package_identification:_identify(src/realsense-ros/realsense2_camera) by extension 'colcon_meta'
[0.652s] Level 1:colcon.colcon_core.package_identification:_identify(src/realsense-ros/realsense2_camera) by extensions ['ros']
[0.652s] Level 1:colcon.colcon_core.package_identification:_identify(src/realsense-ros/realsense2_camera) by extension 'ros'
[0.703s] DEBUG:colcon.colcon_core.package_identification:Package 'src/realsense-ros/realsense2_camera' with type 'ros.ament_cmake' and name 'realsense2_camera'
[0.704s] Level 1:colcon.colcon_core.package_identification:_identify(src/realsense-ros/realsense2_camera_msgs) by extensions ['ignore', 'ignore_ament_install']
[0.704s] Level 1:colcon.colcon_core.package_identification:_identify(src/realsense-ros/realsense2_camera_msgs) by extension 'ignore'
[0.704s] Level 1:colcon.colcon_core.package_identification:_identify(src/realsense-ros/realsense2_camera_msgs) by extension 'ignore_ament_install'
[0.704s] Level 1:colcon.colcon_core.package_identification:_identify(src/realsense-ros/realsense2_camera_msgs) by extensions ['colcon_pkg']
[0.704s] Level 1:colcon.colcon_core.package_identification:_identify(src/realsense-ros/realsense2_camera_msgs) by extension 'colcon_pkg'
[0.704s] Level 1:colcon.colcon_core.package_identification:_identify(src/realsense-ros/realsense2_camera_msgs) by extensions ['colcon_meta']
[0.704s] Level 1:colcon.colcon_core.package_identification:_identify(src/realsense-ros/realsense2_camera_msgs) by extension 'colcon_meta'
[0.705s] Level 1:colcon.colcon_core.package_identification:_identify(src/realsense-ros/realsense2_camera_msgs) by extensions ['ros']
[0.705s] Level 1:colcon.colcon_core.package_identification:_identify(src/realsense-ros/realsense2_camera_msgs) by extension 'ros'
[0.707s] DEBUG:colcon.colcon_core.package_identification:Package 'src/realsense-ros/realsense2_camera_msgs' with type 'ros.ament_cmake' and name 'realsense2_camera_msgs'
[0.707s] Level 1:colcon.colcon_core.package_identification:_identify(src/realsense-ros/realsense2_description) by extensions ['ignore', 'ignore_ament_install']
[0.707s] Level 1:colcon.colcon_core.package_identification:_identify(src/realsense-ros/realsense2_description) by extension 'ignore'
[0.707s] Level 1:colcon.colcon_core.package_identification:_identify(src/realsense-ros/realsense2_description) by extension 'ignore_ament_install'
[0.707s] Level 1:colcon.colcon_core.package_identification:_identify(src/realsense-ros/realsense2_description) by extensions ['colcon_pkg']
[0.707s] Level 1:colcon.colcon_core.package_identification:_identify(src/realsense-ros/realsense2_description) by extension 'colcon_pkg'
[0.708s] Level 1:colcon.colcon_core.package_identification:_identify(src/realsense-ros/realsense2_description) by extensions ['colcon_meta']
[0.708s] Level 1:colcon.colcon_core.package_identification:_identify(src/realsense-ros/realsense2_description) by extension 'colcon_meta'
[0.708s] Level 1:colcon.colcon_core.package_identification:_identify(src/realsense-ros/realsense2_description) by extensions ['ros']
[0.708s] Level 1:colcon.colcon_core.package_identification:_identify(src/realsense-ros/realsense2_description) by extension 'ros'
[0.709s] DEBUG:colcon.colcon_core.package_identification:Package 'src/realsense-ros/realsense2_description' with type 'ros.ament_cmake' and name 'realsense2_description'
[0.710s] Level 1:colcon.colcon_core.package_identification:_identify(src/realsense-ros/realsense2_rgbd_plugin) by extensions ['ignore', 'ignore_ament_install']
[0.710s] Level 1:colcon.colcon_core.package_identification:_identify(src/realsense-ros/realsense2_rgbd_plugin) by extension 'ignore'
[0.710s] Level 1:colcon.colcon_core.package_identification:_identify(src/realsense-ros/realsense2_rgbd_plugin) by extension 'ignore_ament_install'
[0.710s] Level 1:colcon.colcon_core.package_identification:_identify(src/realsense-ros/realsense2_rgbd_plugin) by extensions ['colcon_pkg']
[0.710s] Level 1:colcon.colcon_core.package_identification:_identify(src/realsense-ros/realsense2_rgbd_plugin) by extension 'colcon_pkg'
[0.710s] Level 1:colcon.colcon_core.package_identification:_identify(src/realsense-ros/realsense2_rgbd_plugin) by extensions ['colcon_meta']
[0.710s] Level 1:colcon.colcon_core.package_identification:_identify(src/realsense-ros/realsense2_rgbd_plugin) by extension 'colcon_meta'
[0.711s] Level 1:colcon.colcon_core.package_identification:_identify(src/realsense-ros/realsense2_rgbd_plugin) by extensions ['ros']
[0.711s] Level 1:colcon.colcon_core.package_identification:_identify(src/realsense-ros/realsense2_rgbd_plugin) by extension 'ros'
[0.713s] DEBUG:colcon.colcon_core.package_identification:Package 'src/realsense-ros/realsense2_rgbd_plugin' with type 'ros.ament_cmake' and name 'realsense2_rviz_plugin'
[0.713s] Level 1:colcon.colcon_core.package_identification:_identify(src/realsense-ros/realsense2_ros_mqtt_bridge) by extensions ['ignore', 'ignore_ament_install']
[0.713s] Level 1:colcon.colcon_core.package_identification:_identify(src/realsense-ros/realsense2_ros_mqtt_bridge) by extension 'ignore'
[0.714s] Level 1:colcon.colcon_core.package_identification:_identify(src/realsense-ros/realsense2_ros_mqtt_bridge) by extension 'ignore_ament_install'
[0.714s] Level 1:colcon.colcon_core.package_identification:_identify(src/realsense-ros/realsense2_ros_mqtt_bridge) by extensions ['colcon_pkg']
[0.714s] Level 1:colcon.colcon_core.package_identification:_identify(src/realsense-ros/realsense2_ros_mqtt_bridge) by extension 'colcon_pkg'
[0.714s] Level 1:colcon.colcon_core.package_identification:_identify(src/realsense-ros/realsense2_ros_mqtt_bridge) by extensions ['colcon_meta']
[0.714s] Level 1:colcon.colcon_core.package_identification:_identify(src/realsense-ros/realsense2_ros_mqtt_bridge) by extension 'colcon_meta'
[0.714s] Level 1:colcon.colcon_core.package_identification:_identify(src/realsense-ros/realsense2_ros_mqtt_bridge) by extensions ['ros']
[0.714s] Level 1:colcon.colcon_core.package_identification:_identify(src/realsense-ros/realsense2_ros_mqtt_bridge) by extension 'ros'
[0.716s] DEBUG:colcon.colcon_core.package_identification:Package 'src/realsense-ros/realsense2_ros_mqtt_bridge' with type 'ros.ament_python' and name 'realsense2_ros_mqtt_bridge'
[0.716s] Level 1:colcon.colcon_core.package_identification:_identify(src/realsense-ros/res) by extensions ['ignore', 'ignore_ament_install']
[0.716s] Level 1:colcon.colcon_core.package_identification:_identify(src/realsense-ros/res) by extension 'ignore'
[0.716s] Level 1:colcon.colcon_core.package_identification:_identify(src/realsense-ros/res) by extension 'ignore_ament_install'
[0.717s] Level 1:colcon.colcon_core.package_identification:_identify(src/realsense-ros/res) by extensions ['colcon_pkg']
[0.717s] Level 1:colcon.colcon_core.package_identification:_identify(src/realsense-ros/res) by extension 'colcon_pkg'
[0.717s] Level 1:colcon.colcon_core.package_identification:_identify(src/realsense-ros/res) by extensions ['colcon_meta']
[0.717s] Level 1:colcon.colcon_core.package_identification:_identify(src/realsense-ros/res) by extension 'colcon_meta'
[0.717s] Level 1:colcon.colcon_core.package_identification:_identify(src/realsense-ros/res) by extensions ['ros']
[0.717s] Level 1:colcon.colcon_core.package_identification:_identify(src/realsense-ros/res) by extension 'ros'
[0.717s] Level 1:colcon.colcon_core.package_identification:_identify(src/realsense-ros/res) by extensions ['cmake', 'python']
[0.717s] Level 1:colcon.colcon_core.package_identification:_identify(src/realsense-ros/res) by extension 'cmake'
[0.717s] Level 1:colcon.colcon_core.package_identification:_identify(src/realsense-ros/res) by extension 'python'
[0.717s] Level 1:colcon.colcon_core.package_identification:_identify(src/realsense-ros/res) by extensions ['python_setup_py']
[0.718s] Level 1:colcon.colcon_core.package_identification:_identify(src/realsense-ros/res) by extension 'python_setup_py'
[0.718s] Level 1:colcon.colcon_core.package_identification:_identify(src/realsense-ros/scripts) by extensions ['ignore', 'ignore_ament_install']
[0.718s] Level 1:colcon.colcon_core.package_identification:_identify(src/realsense-ros/scripts) by extension 'ignore'
[0.718s] Level 1:colcon.colcon_core.package_identification:_identify(src/realsense-ros/scripts) by extension 'ignore_ament_install'
[0.718s] Level 1:colcon.colcon_core.package_identification:_identify(src/realsense-ros/scripts) by extensions ['colcon_pkg']
[0.718s] Level 1:colcon.colcon_core.package_identification:_identify(src/realsense-ros/scripts) by extension 'colcon_pkg'
[0.718s] Level 1:colcon.colcon_core.package_identification:_identify(src/realsense-ros/scripts) by extensions ['colcon_meta']
[0.718s] Level 1:colcon.colcon_core.package_identification:_identify(src/realsense-ros/scripts) by extension 'colcon_meta'
[0.719s] Level 1:colcon.colcon_core.package_identification:_identify(src/realsense-ros/scripts) by extensions ['ros']
[0.719s] Level 1:colcon.colcon_core.package_identification:_identify(src/realsense-ros/scripts) by extension 'ros'
[0.719s] Level 1:colcon.colcon_core.package_identification:_identify(src/realsense-ros/scripts) by extensions ['cmake', 'python']
[0.719s] Level 1:colcon.colcon_core.package_identification:_identify(src/realsense-ros/scripts) by extension 'cmake'
[0.719s] Level 1:colcon.colcon_core.package_identification:_identify(src/realsense-ros/scripts) by extension 'python'
[0.719s] Level 1:colcon.colcon_core.package_identification:_identify(src/realsense-ros/scripts) by extensions ['python_setup_py']
[0.719s] Level 1:colcon.colcon_core.package_identification:_identify(src/realsense-ros/scripts) by extension 'python_setup_py'
[0.719s] Level 1:colcon.colcon_core.package_identification:_identify(src/rplidar_ros) by extensions ['ignore', 'ignore_ament_install']
[0.720s] Level 1:colcon.colcon_core.package_identification:_identify(src/rplidar_ros) by extension 'ignore'
[0.720s] Level 1:colcon.colcon_core.package_identification:_identify(src/rplidar_ros) by extension 'ignore_ament_install'
[0.720s] Level 1:colcon.colcon_core.package_identification:_identify(src/rplidar_ros) by extensions ['colcon_pkg']
[0.720s] Level 1:colcon.colcon_core.package_identification:_identify(src/rplidar_ros) by extension 'colcon_pkg'
[0.720s] Level 1:colcon.colcon_core.package_identification:_identify(src/rplidar_ros) by extensions ['colcon_meta']
[0.720s] Level 1:colcon.colcon_core.package_identification:_identify(src/rplidar_ros) by extension 'colcon_meta'
[0.720s] Level 1:colcon.colcon_core.package_identification:_identify(src/rplidar_ros) by extensions ['ros']
[0.720s] Level 1:colcon.colcon_core.package_identification:_identify(src/rplidar_ros) by extension 'ros'
[0.722s] DEBUG:colcon.colcon_core.package_identification:Package 'src/rplidar_ros' with type 'ros.ament_cmake' and name 'rplidar_ros'
[0.722s] Level 1:colcon.colcon_core.package_discovery:discover_packages(recursive) using defaults
[0.722s] Level 1:colcon.colcon_core.package_discovery:discover_packages(ignore) discover
[0.722s] Level 1:colcon.colcon_core.package_discovery:discover_packages(ignore) using defaults
[0.722s] Level 1:colcon.colcon_core.package_discovery:discover_packages(path) discover
[0.722s] Level 1:colcon.colcon_core.package_discovery:discover_packages(path) using defaults
[0.764s] INFO:colcon.colcon_metadata.metadata.colcon_pkg:Updating descriptor of package 'src/Micro-XRCE-DDS-Agent' from colcon.pkg: {'name': 'microxrcedds_agent', 'type': 'cmake', 'dependencies': ['fastcdr', 'fastrtps'], 'cmake-args': ['-DUAGENT_ISOLATED_INSTALL=OFF']}
[0.769s] INFO:colcon.colcon_core.package_selection:Skipping not selected package 'librealsense2' in 'librealsense'
[0.769s] INFO:colcon.colcon_core.package_selection:Skipping not selected package 'microxrcedds_agent' in 'src/Micro-XRCE-DDS-Agent'
[0.769s] INFO:colcon.colcon_core.package_selection:Skipping not selected package 'powertrain' in 'src/powertrain'
[0.769s] INFO:colcon.colcon_core.package_selection:Skipping not selected package 'realsense2_ros_mqtt_bridge' in 'src/realsense-ros/realsense2_ros_mqtt_bridge'
[0.769s] INFO:colcon.colcon_core.package_selection:Skipping not selected package 'rplidar_ros' in 'src/rplidar_ros'
[0.769s] INFO:colcon.colcon_core.package_selection:Skipping not selected package 'realsense2_rviz_plugin' in 'src/realsense-ros/realsense2_rgbd_plugin'
[0.770s] Level 1:colcon.colcon_core.package_discovery:discover_packages(prefix_path) check parameters
[0.770s] Level 1:colcon.colcon_core.package_discovery:discover_packages(prefix_path) discover
[0.772s] WARNING:colcon.colcon_ros.prefix_path.ament:The path '/home/dcubot/DCUBOT/install/realsense2_camera_msgs' in the environment variable AMENT_PREFIX_PATH doesn't exist
[0.773s] WARNING:colcon.colcon_ros.prefix_path.ament:The path '/home/dcubot/DCUBOT/install/rplidar_ros' in the environment variable AMENT_PREFIX_PATH doesn't exist
[0.773s] WARNING:colcon.colcon_ros.prefix_path.ament:The path '/home/dcubot/DCUBOT/install/powertrain' in the environment variable AMENT_PREFIX_PATH doesn't exist
[0.773s] WARNING:colcon.colcon_ros.prefix_path.ament:The path '/home/dcubot/DCUBOT/install/micro_ros_setup' in the environment variable AMENT_PREFIX_PATH doesn't exist
[0.773s] WARNING:colcon.colcon_ros.prefix_path.ament:The path '/home/dcubot/DCUBOT/install/micro_ros_agent' in the environment variable AMENT_PREFIX_PATH doesn't exist
[0.773s] WARNING:colcon.colcon_ros.prefix_path.ament:The path '/home/dcubot/DCUBOT/install/micro_ros_msgs' in the environment variable AMENT_PREFIX_PATH doesn't exist
[0.773s] WARNING:colcon.colcon_ros.prefix_path.catkin:The path '/home/dcubot/DCUBOT/install/realsense2_camera_msgs' in the environment variable CMAKE_PREFIX_PATH doesn't exist
[0.773s] WARNING:colcon.colcon_ros.prefix_path.catkin:The path '/home/dcubot/DCUBOT/install/rplidar_ros' in the environment variable CMAKE_PREFIX_PATH doesn't exist
[0.773s] WARNING:colcon.colcon_ros.prefix_path.catkin:The path '/home/dcubot/DCUBOT/install/librealsense2' in the environment variable CMAKE_PREFIX_PATH doesn't exist
[0.773s] WARNING:colcon.colcon_ros.prefix_path.catkin:The path '/home/dcubot/DCUBOT/install/microxrcedds_agent' in the environment variable CMAKE_PREFIX_PATH doesn't exist
[0.773s] WARNING:colcon.colcon_ros.prefix_path.catkin:The path '/home/dcubot/DCUBOT/install/micro_ros_setup' in the environment variable CMAKE_PREFIX_PATH doesn't exist
[0.774s] WARNING:colcon.colcon_ros.prefix_path.catkin:The path '/home/dcubot/DCUBOT/install/micro_ros_agent' in the environment variable CMAKE_PREFIX_PATH doesn't exist
[0.774s] WARNING:colcon.colcon_ros.prefix_path.catkin:The path '/home/dcubot/DCUBOT/install/micro_ros_msgs' in the environment variable CMAKE_PREFIX_PATH doesn't exist
[0.775s] DEBUG:colcon.colcon_installed_package_information.package_discovery:Found 0 installed packages in /home/dcubot/DCUBOT/install
[0.777s] DEBUG:colcon.colcon_installed_package_information.package_discovery:Found 306 installed packages in /opt/ros/humble
[0.782s] Level 1:colcon.colcon_core.package_discovery:discover_packages(prefix_path) using defaults
[0.869s] Level 5:colcon.colcon_core.verb:set package 'realsense2_camera_msgs' build argument 'cmake_args' from command line to 'None'
[0.869s] Level 5:colcon.colcon_core.verb:set package 'realsense2_camera_msgs' build argument 'cmake_target' from command line to 'None'
[0.869s] Level 5:colcon.colcon_core.verb:set package 'realsense2_camera_msgs' build argument 'cmake_target_skip_unavailable' from command line to 'False'
[0.869s] Level 5:colcon.colcon_core.verb:set package 'realsense2_camera_msgs' build argument 'cmake_clean_cache' from command line to 'False'
[0.869s] Level 5:colcon.colcon_core.verb:set package 'realsense2_camera_msgs' build argument 'cmake_clean_first' from command line to 'False'
[0.869s] Level 5:colcon.colcon_core.verb:set package 'realsense2_camera_msgs' build argument 'cmake_force_configure' from command line to 'False'
[0.869s] Level 5:colcon.colcon_core.verb:set package 'realsense2_camera_msgs' build argument 'ament_cmake_args' from command line to 'None'
[0.869s] Level 5:colcon.colcon_core.verb:set package 'realsense2_camera_msgs' build argument 'catkin_cmake_args' from command line to 'None'
[0.869s] Level 5:colcon.colcon_core.verb:set package 'realsense2_camera_msgs' build argument 'catkin_skip_building_tests' from command line to 'False'
[0.869s] DEBUG:colcon.colcon_core.verb:Building package 'realsense2_camera_msgs' with the following arguments: {'ament_cmake_args': None, 'build_base': '/home/dcubot/DCUBOT/build/realsense2_camera_msgs', 'catkin_cmake_args': None, 'catkin_skip_building_tests': False, 'cmake_args': None, 'cmake_clean_cache': False, 'cmake_clean_first': False, 'cmake_force_configure': False, 'cmake_target': None, 'cmake_target_skip_unavailable': False, 'install_base': '/home/dcubot/DCUBOT/install/realsense2_camera_msgs', 'merge_install': False, 'path': '/home/dcubot/DCUBOT/src/realsense-ros/realsense2_camera_msgs', 'symlink_install': True, 'test_result_base': None}
[0.870s] Level 5:colcon.colcon_core.verb:set package 'realsense2_camera' build argument 'cmake_args' from command line to 'None'
[0.870s] Level 5:colcon.colcon_core.verb:set package 'realsense2_camera' build argument 'cmake_target' from command line to 'None'
[0.870s] Level 5:colcon.colcon_core.verb:set package 'realsense2_camera' build argument 'cmake_target_skip_unavailable' from command line to 'False'
[0.870s] Level 5:colcon.colcon_core.verb:set package 'realsense2_camera' build argument 'cmake_clean_cache' from command line to 'False'
[0.870s] Level 5:colcon.colcon_core.verb:set package 'realsense2_camera' build argument 'cmake_clean_first' from command line to 'False'
[0.870s] Level 5:colcon.colcon_core.verb:set package 'realsense2_camera' build argument 'cmake_force_configure' from command line to 'False'
[0.871s] Level 5:colcon.colcon_core.verb:set package 'realsense2_camera' build argument 'ament_cmake_args' from command line to 'None'
[0.871s] Level 5:colcon.colcon_core.verb:set package 'realsense2_camera' build argument 'catkin_cmake_args' from command line to 'None'
[0.871s] Level 5:colcon.colcon_core.verb:set package 'realsense2_camera' build argument 'catkin_skip_building_tests' from command line to 'False'
[0.871s] DEBUG:colcon.colcon_core.verb:Building package 'realsense2_camera' with the following arguments: {'ament_cmake_args': None, 'build_base': '/home/dcubot/DCUBOT/build/realsense2_camera', 'catkin_cmake_args': None, 'catkin_skip_building_tests': False, 'cmake_args': None, 'cmake_clean_cache': False, 'cmake_clean_first': False, 'cmake_force_configure': False, 'cmake_target': None, 'cmake_target_skip_unavailable': False, 'install_base': '/home/dcubot/DCUBOT/install/realsense2_camera', 'merge_install': False, 'path': '/home/dcubot/DCUBOT/src/realsense-ros/realsense2_camera', 'symlink_install': True, 'test_result_base': None}
[0.871s] Level 5:colcon.colcon_core.verb:set package 'realsense2_description' build argument 'cmake_args' from command line to 'None'
[0.871s] Level 5:colcon.colcon_core.verb:set package 'realsense2_description' build argument 'cmake_target' from command line to 'None'
[0.871s] Level 5:colcon.colcon_core.verb:set package 'realsense2_description' build argument 'cmake_target_skip_unavailable' from command line to 'False'
[0.871s] Level 5:colcon.colcon_core.verb:set package 'realsense2_description' build argument 'cmake_clean_cache' from command line to 'False'
[0.872s] Level 5:colcon.colcon_core.verb:set package 'realsense2_description' build argument 'cmake_clean_first' from command line to 'False'
[0.872s] Level 5:colcon.colcon_core.verb:set package 'realsense2_description' build argument 'cmake_force_configure' from command line to 'False'
[0.872s] Level 5:colcon.colcon_core.verb:set package 'realsense2_description' build argument 'ament_cmake_args' from command line to 'None'
[0.872s] Level 5:colcon.colcon_core.verb:set package 'realsense2_description' build argument 'catkin_cmake_args' from command line to 'None'
[0.872s] Level 5:colcon.colcon_core.verb:set package 'realsense2_description' build argument 'catkin_skip_building_tests' from command line to 'False'
[0.872s] DEBUG:colcon.colcon_core.verb:Building package 'realsense2_description' with the following arguments: {'ament_cmake_args': None, 'build_base': '/home/dcubot/DCUBOT/build/realsense2_description', 'catkin_cmake_args': None, 'catkin_skip_building_tests': False, 'cmake_args': None, 'cmake_clean_cache': False, 'cmake_clean_first': False, 'cmake_force_configure': False, 'cmake_target': None, 'cmake_target_skip_unavailable': False, 'install_base': '/home/dcubot/DCUBOT/install/realsense2_description', 'merge_install': False, 'path': '/home/dcubot/DCUBOT/src/realsense-ros/realsense2_description', 'symlink_install': True, 'test_result_base': None}
[0.872s] INFO:colcon.colcon_core.executor:Executing jobs using 'parallel' executor
[0.874s] DEBUG:colcon.colcon_parallel_executor.executor.parallel:run_until_complete
[0.875s] INFO:colcon.colcon_ros.task.ament_cmake.build:Building ROS package in '/home/dcubot/DCUBOT/src/realsense-ros/realsense2_camera_msgs' with build type 'ament_cmake'
[0.875s] INFO:colcon.colcon_cmake.task.cmake.build:Building CMake package in '/home/dcubot/DCUBOT/src/realsense-ros/realsense2_camera_msgs'
[0.880s] INFO:colcon.colcon_core.plugin_system:Skipping extension 'colcon_core.shell.bat': Not used on non-Windows systems
[0.880s] INFO:colcon.colcon_core.shell:Skip shell extension 'powershell' for command environment: Not usable outside of PowerShell
[0.880s] DEBUG:colcon.colcon_core.shell:Skip shell extension 'dsv' for command environment
[0.895s] DEBUG:colcon.colcon_core.event_handler.log_command:Invoking command in '/home/dcubot/DCUBOT/build/realsense2_camera_msgs': CMAKE_PREFIX_PATH=${CMAKE_PREFIX_PATH}:/home/dcubot/DCUBOT/install/powertrain:/opt/ros/humble /usr/bin/cmake /home/dcubot/DCUBOT/src/realsense-ros/realsense2_camera_msgs -DAMENT_CMAKE_SYMLINK_INSTALL=1 -DCMAKE_INSTALL_PREFIX=/home/dcubot/DCUBOT/install/realsense2_camera_msgs
[5.014s] DEBUG:colcon.colcon_core.event_handler.log_command:Invoked command in '/home/dcubot/DCUBOT/build/realsense2_camera_msgs' returned '0': CMAKE_PREFIX_PATH=${CMAKE_PREFIX_PATH}:/home/dcubot/DCUBOT/install/powertrain:/opt/ros/humble /usr/bin/cmake /home/dcubot/DCUBOT/src/realsense-ros/realsense2_camera_msgs -DAMENT_CMAKE_SYMLINK_INSTALL=1 -DCMAKE_INSTALL_PREFIX=/home/dcubot/DCUBOT/install/realsense2_camera_msgs
[5.018s] DEBUG:colcon.colcon_core.event_handler.log_command:Invoking command in '/home/dcubot/DCUBOT/build/realsense2_camera_msgs': CMAKE_PREFIX_PATH=${CMAKE_PREFIX_PATH}:/home/dcubot/DCUBOT/install/powertrain:/opt/ros/humble /usr/bin/cmake --build /home/dcubot/DCUBOT/build/realsense2_camera_msgs -- -j6 -l6
[28.228s] DEBUG:colcon.colcon_core.event_handler.log_command:Invoked command in '/home/dcubot/DCUBOT/build/realsense2_camera_msgs' returned '0': CMAKE_PREFIX_PATH=${CMAKE_PREFIX_PATH}:/home/dcubot/DCUBOT/install/powertrain:/opt/ros/humble /usr/bin/cmake --build /home/dcubot/DCUBOT/build/realsense2_camera_msgs -- -j6 -l6
[28.249s] DEBUG:colcon.colcon_core.event_handler.log_command:Invoking command in '/home/dcubot/DCUBOT/build/realsense2_camera_msgs': CMAKE_PREFIX_PATH=${CMAKE_PREFIX_PATH}:/home/dcubot/DCUBOT/install/powertrain:/opt/ros/humble /usr/bin/cmake --install /home/dcubot/DCUBOT/build/realsense2_camera_msgs
[33.541s] Level 1:colcon.colcon_core.environment:create_environment_scripts_only(realsense2_camera_msgs)
[33.542s] DEBUG:colcon.colcon_core.event_handler.log_command:Invoked command in '/home/dcubot/DCUBOT/build/realsense2_camera_msgs' returned '0': CMAKE_PREFIX_PATH=${CMAKE_PREFIX_PATH}:/home/dcubot/DCUBOT/install/powertrain:/opt/ros/humble /usr/bin/cmake --install /home/dcubot/DCUBOT/build/realsense2_camera_msgs
[33.548s] Level 1:colcon.colcon_core.environment:checking '/home/dcubot/DCUBOT/install/realsense2_camera_msgs' for CMake module files
[33.550s] Level 1:colcon.colcon_core.environment:checking '/home/dcubot/DCUBOT/install/realsense2_camera_msgs' for CMake config files
[33.552s] Level 1:colcon.colcon_core.shell:create_environment_hook('realsense2_camera_msgs', 'cmake_prefix_path')
[33.553s] INFO:colcon.colcon_core.shell:Creating environment hook '/home/dcubot/DCUBOT/install/realsense2_camera_msgs/share/realsense2_camera_msgs/hook/cmake_prefix_path.ps1'
[33.554s] INFO:colcon.colcon_core.shell:Creating environment descriptor '/home/dcubot/DCUBOT/install/realsense2_camera_msgs/share/realsense2_camera_msgs/hook/cmake_prefix_path.dsv'
[33.555s] INFO:colcon.colcon_core.shell:Creating environment hook '/home/dcubot/DCUBOT/install/realsense2_camera_msgs/share/realsense2_camera_msgs/hook/cmake_prefix_path.sh'
[33.557s] Level 1:colcon.colcon_core.environment:checking '/home/dcubot/DCUBOT/install/realsense2_camera_msgs/lib'
[33.557s] Level 1:colcon.colcon_core.shell:create_environment_hook('realsense2_camera_msgs', 'ld_library_path_lib')
[33.558s] INFO:colcon.colcon_core.shell:Creating environment hook '/home/dcubot/DCUBOT/install/realsense2_camera_msgs/share/realsense2_camera_msgs/hook/ld_library_path_lib.ps1'
[33.558s] INFO:colcon.colcon_core.shell:Creating environment descriptor '/home/dcubot/DCUBOT/install/realsense2_camera_msgs/share/realsense2_camera_msgs/hook/ld_library_path_lib.dsv'
[33.559s] INFO:colcon.colcon_core.shell:Creating environment hook '/home/dcubot/DCUBOT/install/realsense2_camera_msgs/share/realsense2_camera_msgs/hook/ld_library_path_lib.sh'
[33.560s] Level 1:colcon.colcon_core.environment:checking '/home/dcubot/DCUBOT/install/realsense2_camera_msgs/bin'
[33.560s] Level 1:colcon.colcon_core.environment:checking '/home/dcubot/DCUBOT/install/realsense2_camera_msgs/lib/pkgconfig/realsense2_camera_msgs.pc'
[33.560s] Level 1:colcon.colcon_core.environment:checking '/home/dcubot/DCUBOT/install/realsense2_camera_msgs/lib/python3.10/site-packages'
[33.561s] Level 1:colcon.colcon_core.environment:checking '/home/dcubot/DCUBOT/install/realsense2_camera_msgs/bin'
[33.562s] INFO:colcon.colcon_core.shell:Creating package script '/home/dcubot/DCUBOT/install/realsense2_camera_msgs/share/realsense2_camera_msgs/package.ps1'
[33.563s] INFO:colcon.colcon_core.shell:Creating package descriptor '/home/dcubot/DCUBOT/install/realsense2_camera_msgs/share/realsense2_camera_msgs/package.dsv'
[33.564s] INFO:colcon.colcon_core.shell:Creating package script '/home/dcubot/DCUBOT/install/realsense2_camera_msgs/share/realsense2_camera_msgs/package.sh'
[33.566s] INFO:colcon.colcon_core.shell:Creating package script '/home/dcubot/DCUBOT/install/realsense2_camera_msgs/share/realsense2_camera_msgs/package.bash'
[33.567s] INFO:colcon.colcon_core.shell:Creating package script '/home/dcubot/DCUBOT/install/realsense2_camera_msgs/share/realsense2_camera_msgs/package.zsh'
[33.568s] Level 1:colcon.colcon_core.environment:create_file_with_runtime_dependencies(/home/dcubot/DCUBOT/install/realsense2_camera_msgs/share/colcon-core/packages/realsense2_camera_msgs)
[33.570s] Level 1:colcon.colcon_core.environment:create_environment_scripts_only(realsense2_camera_msgs)
[33.571s] Level 1:colcon.colcon_core.environment:checking '/home/dcubot/DCUBOT/install/realsense2_camera_msgs' for CMake module files
[33.573s] Level 1:colcon.colcon_core.environment:checking '/home/dcubot/DCUBOT/install/realsense2_camera_msgs' for CMake config files
[33.575s] Level 1:colcon.colcon_core.shell:create_environment_hook('realsense2_camera_msgs', 'cmake_prefix_path')
[33.575s] INFO:colcon.colcon_core.shell:Creating environment hook '/home/dcubot/DCUBOT/install/realsense2_camera_msgs/share/realsense2_camera_msgs/hook/cmake_prefix_path.ps1'
[33.576s] INFO:colcon.colcon_core.shell:Creating environment descriptor '/home/dcubot/DCUBOT/install/realsense2_camera_msgs/share/realsense2_camera_msgs/hook/cmake_prefix_path.dsv'
[33.577s] INFO:colcon.colcon_core.shell:Creating environment hook '/home/dcubot/DCUBOT/install/realsense2_camera_msgs/share/realsense2_camera_msgs/hook/cmake_prefix_path.sh'
[33.579s] Level 1:colcon.colcon_core.environment:checking '/home/dcubot/DCUBOT/install/realsense2_camera_msgs/lib'
[33.579s] Level 1:colcon.colcon_core.shell:create_environment_hook('realsense2_camera_msgs', 'ld_library_path_lib')
[33.580s] INFO:colcon.colcon_core.shell:Creating environment hook '/home/dcubot/DCUBOT/install/realsense2_camera_msgs/share/realsense2_camera_msgs/hook/ld_library_path_lib.ps1'
[33.581s] INFO:colcon.colcon_core.shell:Creating environment descriptor '/home/dcubot/DCUBOT/install/realsense2_camera_msgs/share/realsense2_camera_msgs/hook/ld_library_path_lib.dsv'
[33.581s] INFO:colcon.colcon_core.shell:Creating environment hook '/home/dcubot/DCUBOT/install/realsense2_camera_msgs/share/realsense2_camera_msgs/hook/ld_library_path_lib.sh'
[33.582s] Level 1:colcon.colcon_core.environment:checking '/home/dcubot/DCUBOT/install/realsense2_camera_msgs/bin'
[33.582s] Level 1:colcon.colcon_core.environment:checking '/home/dcubot/DCUBOT/install/realsense2_camera_msgs/lib/pkgconfig/realsense2_camera_msgs.pc'
[33.583s] Level 1:colcon.colcon_core.environment:checking '/home/dcubot/DCUBOT/install/realsense2_camera_msgs/lib/python3.10/site-packages'
[33.584s] Level 1:colcon.colcon_core.environment:checking '/home/dcubot/DCUBOT/install/realsense2_camera_msgs/bin'
[33.585s] INFO:colcon.colcon_core.shell:Creating package script '/home/dcubot/DCUBOT/install/realsense2_camera_msgs/share/realsense2_camera_msgs/package.ps1'
[33.586s] INFO:colcon.colcon_core.shell:Creating package descriptor '/home/dcubot/DCUBOT/install/realsense2_camera_msgs/share/realsense2_camera_msgs/package.dsv'
[33.587s] INFO:colcon.colcon_core.shell:Creating package script '/home/dcubot/DCUBOT/install/realsense2_camera_msgs/share/realsense2_camera_msgs/package.sh'
[33.588s] INFO:colcon.colcon_core.shell:Creating package script '/home/dcubot/DCUBOT/install/realsense2_camera_msgs/share/realsense2_camera_msgs/package.bash'
[33.589s] INFO:colcon.colcon_core.shell:Creating package script '/home/dcubot/DCUBOT/install/realsense2_camera_msgs/share/realsense2_camera_msgs/package.zsh'
[33.590s] Level 1:colcon.colcon_core.environment:create_file_with_runtime_dependencies(/home/dcubot/DCUBOT/install/realsense2_camera_msgs/share/colcon-core/packages/realsense2_camera_msgs)
[33.591s] INFO:colcon.colcon_ros.task.ament_cmake.build:Building ROS package in '/home/dcubot/DCUBOT/src/realsense-ros/realsense2_camera' with build type 'ament_cmake'
[33.592s] INFO:colcon.colcon_cmake.task.cmake.build:Building CMake package in '/home/dcubot/DCUBOT/src/realsense-ros/realsense2_camera'
[33.592s] INFO:colcon.colcon_core.shell:Skip shell extension 'powershell' for command environment: Not usable outside of PowerShell
[33.592s] DEBUG:colcon.colcon_core.shell:Skip shell extension 'dsv' for command environment
[33.597s] ERROR:colcon.colcon_cmake.task.cmake.build:Failed to find the following files:
- /home/dcubot/DCUBOT/install/librealsense2/share/librealsense2/package.sh
Check that the following packages have been built:
- librealsense2
[33.597s] Level 1:colcon.colcon_core.environment:create_environment_scripts_only(realsense2_camera)
[33.598s] Level 1:colcon.colcon_core.environment:checking '/home/dcubot/DCUBOT/install/realsense2_camera' for CMake module files
[33.598s] Level 1:colcon.colcon_core.environment:checking '/home/dcubot/DCUBOT/install/realsense2_camera' for CMake config files
[33.599s] Level 1:colcon.colcon_core.environment:checking '/home/dcubot/DCUBOT/install/realsense2_camera/bin'
[33.599s] Level 1:colcon.colcon_core.environment:checking '/home/dcubot/DCUBOT/install/realsense2_camera/lib/pkgconfig/realsense2_camera.pc'
[33.599s] Level 1:colcon.colcon_core.environment:checking '/home/dcubot/DCUBOT/install/realsense2_camera/lib/python3.10/site-packages'
[33.600s] Level 1:colcon.colcon_core.environment:checking '/home/dcubot/DCUBOT/install/realsense2_camera/bin'
[33.601s] INFO:colcon.colcon_core.shell:Creating package script '/home/dcubot/DCUBOT/install/realsense2_camera/share/realsense2_camera/package.ps1'
[33.602s] INFO:colcon.colcon_core.shell:Creating package descriptor '/home/dcubot/DCUBOT/install/realsense2_camera/share/realsense2_camera/package.dsv'
[33.603s] INFO:colcon.colcon_core.shell:Creating package script '/home/dcubot/DCUBOT/install/realsense2_camera/share/realsense2_camera/package.sh'
[33.603s] INFO:colcon.colcon_core.shell:Creating package script '/home/dcubot/DCUBOT/install/realsense2_camera/share/realsense2_camera/package.bash'
[33.605s] INFO:colcon.colcon_core.shell:Creating package script '/home/dcubot/DCUBOT/install/realsense2_camera/share/realsense2_camera/package.zsh'
[33.607s] Level 1:colcon.colcon_core.environment:create_file_with_runtime_dependencies(/home/dcubot/DCUBOT/install/realsense2_camera/share/colcon-core/packages/realsense2_camera)
[33.608s] INFO:colcon.colcon_ros.task.ament_cmake.build:Building ROS package in '/home/dcubot/DCUBOT/src/realsense-ros/realsense2_description' with build type 'ament_cmake'
[33.608s] INFO:colcon.colcon_cmake.task.cmake.build:Building CMake package in '/home/dcubot/DCUBOT/src/realsense-ros/realsense2_description'
[33.609s] INFO:colcon.colcon_core.shell:Skip shell extension 'powershell' for command environment: Not usable outside of PowerShell
[33.609s] DEBUG:colcon.colcon_core.shell:Skip shell extension 'dsv' for command environment
[33.627s] DEBUG:colcon.colcon_parallel_executor.executor.parallel:closing loop
[33.627s] DEBUG:colcon.colcon_parallel_executor.executor.parallel:loop closed
[33.628s] DEBUG:colcon.colcon_parallel_executor.executor.parallel:run_until_complete finished with '1'
[33.628s] DEBUG:colcon.colcon_core.event_reactor:joining thread
[33.638s] INFO:colcon.colcon_core.plugin_system:Skipping extension 'colcon_notification.desktop_notification.terminal_notifier': Not used on non-Darwin systems
[33.639s] INFO:colcon.colcon_core.plugin_system:Skipping extension 'colcon_notification.desktop_notification.win32': Not used on non-Windows systems
[33.639s] INFO:colcon.colcon_notification.desktop_notification:Sending desktop notification using 'notify2'
[33.666s] DEBUG:colcon.colcon_core.event_reactor:joined thread
[33.667s] INFO:colcon.colcon_core.shell:Creating prefix script '/home/dcubot/DCUBOT/install/local_setup.ps1'
[33.669s] INFO:colcon.colcon_core.shell:Creating prefix util module '/home/dcubot/DCUBOT/install/_local_setup_util_ps1.py'
[33.672s] INFO:colcon.colcon_core.shell:Creating prefix chain script '/home/dcubot/DCUBOT/install/setup.ps1'
[33.674s] INFO:colcon.colcon_core.shell:Creating prefix script '/home/dcubot/DCUBOT/install/local_setup.sh'
[33.676s] INFO:colcon.colcon_core.shell:Creating prefix util module '/home/dcubot/DCUBOT/install/_local_setup_util_sh.py'
[33.677s] INFO:colcon.colcon_core.shell:Creating prefix chain script '/home/dcubot/DCUBOT/install/setup.sh'
[33.679s] INFO:colcon.colcon_core.shell:Creating prefix script '/home/dcubot/DCUBOT/install/local_setup.bash'
[33.680s] INFO:colcon.colcon_core.shell:Creating prefix chain script '/home/dcubot/DCUBOT/install/setup.bash'
[33.681s] INFO:colcon.colcon_core.shell:Creating prefix script '/home/dcubot/DCUBOT/install/local_setup.zsh'
[33.682s] INFO:colcon.colcon_core.shell:Creating prefix chain script '/home/dcubot/DCUBOT/install/setup.zsh'
