[2.064s] Invoking command in '/home/dcubot/DCUBOT/src/powertrain': PYTHONPATH=/home/dcubot/DCUBOT/build/powertrain/prefix_override:/usr/lib/python3/dist-packages/colcon_core/task/python/colcon_distutils_commands:/home/dcubot/DCUBOT/install/powertrain/lib/python3.10/site-packages:${PYTHONPATH} /usr/bin/python3 -W ignore:setup.py install is deprecated -W ignore:easy_install command is deprecated setup.py egg_info --egg-base ../../build/powertrain build --build-base /home/dcubot/DCUBOT/build/powertrain/build install --record /home/dcubot/DCUBOT/build/powertrain/install.log --single-version-externally-managed install_data
[2.766s] running egg_info
[2.768s] creating ../../build/powertrain/powertrain.egg-info
[2.768s] writing ../../build/powertrain/powertrain.egg-info/PKG-INFO
[2.770s] writing dependency_links to ../../build/powertrain/powertrain.egg-info/dependency_links.txt
[2.774s] writing entry points to ../../build/powertrain/powertrain.egg-info/entry_points.txt
[2.774s] writing requirements to ../../build/powertrain/powertrain.egg-info/requires.txt
[2.774s] writing top-level names to ../../build/powertrain/powertrain.egg-info/top_level.txt
[2.775s] writing manifest file '../../build/powertrain/powertrain.egg-info/SOURCES.txt'
[2.775s] reading manifest file '../../build/powertrain/powertrain.egg-info/SOURCES.txt'
[2.775s] writing manifest file '../../build/powertrain/powertrain.egg-info/SOURCES.txt'
[2.775s] running build
[2.775s] running build_py
[2.775s] creating /home/dcubot/DCUBOT/build/powertrain/build
[2.775s] creating /home/dcubot/DCUBOT/build/powertrain/build/lib
[2.775s] creating /home/dcubot/DCUBOT/build/powertrain/build/lib/powertrain
[2.776s] copying powertrain/__init__.py -> /home/dcubot/DCUBOT/build/powertrain/build/lib/powertrain
[2.776s] running install
[2.776s] running install_lib
[2.776s] creating /home/dcubot/DCUBOT/install/powertrain/lib/python3.10/site-packages/powertrain
[2.776s] copying /home/dcubot/DCUBOT/build/powertrain/build/lib/powertrain/__init__.py -> /home/dcubot/DCUBOT/install/powertrain/lib/python3.10/site-packages/powertrain
[2.777s] byte-compiling /home/dcubot/DCUBOT/install/powertrain/lib/python3.10/site-packages/powertrain/__init__.py to __init__.cpython-310.pyc
[2.777s] running install_data
[2.777s] creating /home/dcubot/DCUBOT/install/powertrain/share/ament_index
[2.777s] creating /home/dcubot/DCUBOT/install/powertrain/share/ament_index/resource_index
[2.777s] creating /home/dcubot/DCUBOT/install/powertrain/share/ament_index/resource_index/packages
[2.778s] copying resource/powertrain -> /home/dcubot/DCUBOT/install/powertrain/share/ament_index/resource_index/packages
[2.778s] copying package.xml -> /home/dcubot/DCUBOT/install/powertrain/share/powertrain
[2.779s] running install_egg_info
[2.779s] Copying ../../build/powertrain/powertrain.egg-info to /home/dcubot/DCUBOT/install/powertrain/lib/python3.10/site-packages/powertrain-0.0.0-py3.10.egg-info
[2.779s] running install_scripts
[2.779s] writing list of installed files to '/home/dcubot/DCUBOT/build/powertrain/install.log'
[2.799s] Invoked command in '/home/dcubot/DCUBOT/src/powertrain' returned '0': PYTHONPATH=/home/dcubot/DCUBOT/build/powertrain/prefix_override:/usr/lib/python3/dist-packages/colcon_core/task/python/colcon_distutils_commands:/home/dcubot/DCUBOT/install/powertrain/lib/python3.10/site-packages:${PYTHONPATH} /usr/bin/python3 -W ignore:setup.py install is deprecated -W ignore:easy_install command is deprecated setup.py egg_info --egg-base ../../build/powertrain build --build-base /home/dcubot/DCUBOT/build/powertrain/build install --record /home/dcubot/DCUBOT/build/powertrain/install.log --single-version-externally-managed install_data
