[1.391s] Invoking command in '/home/dcubot/DCUBOT/build/powertrain': PYTHONPATH=/home/dcubot/DCUBOT/build/powertrain/prefix_override:/usr/lib/python3/dist-packages/colcon_core/task/python/colcon_distutils_commands:/home/dcubot/DCUBOT/install/powertrain/lib/python3.10/site-packages:${PYTHONPATH} /usr/bin/python3 -W ignore:setup.py install is deprecated -W ignore:easy_install command is deprecated setup.py develop --editable --build-directory /home/dcubot/DCUBOT/build/powertrain/build --no-deps symlink_data
[1.950s] running develop
[2.304s] running egg_info
[2.305s] creating powertrain.egg-info
[2.305s] writing powertrain.egg-info/PKG-INFO
[2.305s] writing dependency_links to powertrain.egg-info/dependency_links.txt
[2.306s] writing entry points to powertrain.egg-info/entry_points.txt
[2.306s] writing requirements to powertrain.egg-info/requires.txt
[2.306s] writing top-level names to powertrain.egg-info/top_level.txt
[2.307s] writing manifest file 'powertrain.egg-info/SOURCES.txt'
[2.310s] reading manifest file 'powertrain.egg-info/SOURCES.txt'
[2.311s] writing manifest file 'powertrain.egg-info/SOURCES.txt'
[2.314s] running build_ext
[2.315s] Creating /home/dcubot/DCUBOT/install/powertrain/lib/python3.10/site-packages/powertrain.egg-link (link to .)
[2.317s] 
[2.317s] Installed /home/dcubot/DCUBOT/build/powertrain
[2.317s] running symlink_data
[2.317s] creating /home/dcubot/DCUBOT/install/powertrain/share/ament_index
[2.317s] creating /home/dcubot/DCUBOT/install/powertrain/share/ament_index/resource_index
[2.317s] creating /home/dcubot/DCUBOT/install/powertrain/share/ament_index/resource_index/packages
[2.318s] symbolically linking /home/dcubot/DCUBOT/build/powertrain/resource/powertrain -> /home/dcubot/DCUBOT/install/powertrain/share/ament_index/resource_index/packages
[2.318s] symbolically linking /home/dcubot/DCUBOT/build/powertrain/package.xml -> /home/dcubot/DCUBOT/install/powertrain/share/powertrain
[2.407s] Invoked command in '/home/dcubot/DCUBOT/build/powertrain' returned '0': PYTHONPATH=/home/dcubot/DCUBOT/build/powertrain/prefix_override:/usr/lib/python3/dist-packages/colcon_core/task/python/colcon_distutils_commands:/home/dcubot/DCUBOT/install/powertrain/lib/python3.10/site-packages:${PYTHONPATH} /usr/bin/python3 -W ignore:setup.py install is deprecated -W ignore:easy_install command is deprecated setup.py develop --editable --build-directory /home/dcubot/DCUBOT/build/powertrain/build --no-deps symlink_data
