[0.102s] Invoking command in '/home/dcubot/DCUBOT/build/realsense2_description': CMAKE_PREFIX_PATH=${CMAKE_PREFIX_PATH}:/home/dcubot/DCUBOT/install/powertrain:/opt/ros/humble LD_LIBRARY_PATH=/home/dcubot/DCUBOT/install/realsense2_camera_msgs/lib:/home/dcubot/DCUBOT/install/librealsense2/lib:/home/dcubot/DCUBOT/install/microxrcedds_agent/lib:/home/dcubot/DCUBOT/install/micro_ros_agent/lib:/home/dcubot/DCUBOT/install/micro_ros_msgs/lib:/usr/local/cuda/lib64:/opt/ros/humble/opt/rviz_ogre_vendor/lib:/opt/ros/humble/lib/aarch64-linux-gnu:/opt/ros/humble/lib:/usr/local/cuda-12.6/lib64 /usr/bin/cmake /home/dcubot/DCUBOT/src/realsense-ros/realsense2_description -DCMAKE_INSTALL_PREFIX=/home/dcubot/DCUBOT/install/realsense2_description
[0.413s] -- The C compiler identification is GNU 11.4.0
[0.694s] -- The CXX compiler identification is GNU 11.4.0
[0.725s] -- Detecting C compiler ABI info
[1.158s] -- Detecting C compiler ABI info - done
[1.184s] -- Check for working C compiler: /usr/bin/cc - skipped
[1.184s] -- Detecting C compile features
[1.185s] -- Detecting C compile features - done
[1.191s] -- Detecting CXX compiler ABI info
[1.670s] -- Detecting CXX compiler ABI info - done
[1.697s] -- Check for working CXX compiler: /usr/bin/c++ - skipped
[1.698s] -- Detecting CXX compile features
[1.700s] -- Detecting CXX compile features - done
[1.710s] -- Found ament_cmake: 1.3.12 (/opt/ros/humble/share/ament_cmake/cmake)
[2.557s] -- Found Python3: /usr/bin/python3 (found version "3.10.12") found components: Interpreter 
[3.512s] -- Configuring done
[3.527s] -- Generating done
[3.540s] -- Build files have been written to: /home/dcubot/DCUBOT/build/realsense2_description
[3.584s] Invoked command in '/home/dcubot/DCUBOT/build/realsense2_description' returned '0': CMAKE_PREFIX_PATH=${CMAKE_PREFIX_PATH}:/home/dcubot/DCUBOT/install/powertrain:/opt/ros/humble LD_LIBRARY_PATH=/home/dcubot/DCUBOT/install/realsense2_camera_msgs/lib:/home/dcubot/DCUBOT/install/librealsense2/lib:/home/dcubot/DCUBOT/install/microxrcedds_agent/lib:/home/dcubot/DCUBOT/install/micro_ros_agent/lib:/home/dcubot/DCUBOT/install/micro_ros_msgs/lib:/usr/local/cuda/lib64:/opt/ros/humble/opt/rviz_ogre_vendor/lib:/opt/ros/humble/lib/aarch64-linux-gnu:/opt/ros/humble/lib:/usr/local/cuda-12.6/lib64 /usr/bin/cmake /home/dcubot/DCUBOT/src/realsense-ros/realsense2_description -DCMAKE_INSTALL_PREFIX=/home/dcubot/DCUBOT/install/realsense2_description
[3.585s] Invoking command in '/home/dcubot/DCUBOT/build/realsense2_description': CMAKE_PREFIX_PATH=${CMAKE_PREFIX_PATH}:/home/dcubot/DCUBOT/install/powertrain:/opt/ros/humble LD_LIBRARY_PATH=/home/dcubot/DCUBOT/install/realsense2_camera_msgs/lib:/home/dcubot/DCUBOT/install/librealsense2/lib:/home/dcubot/DCUBOT/install/microxrcedds_agent/lib:/home/dcubot/DCUBOT/install/micro_ros_agent/lib:/home/dcubot/DCUBOT/install/micro_ros_msgs/lib:/usr/local/cuda/lib64:/opt/ros/humble/opt/rviz_ogre_vendor/lib:/opt/ros/humble/lib/aarch64-linux-gnu:/opt/ros/humble/lib:/usr/local/cuda-12.6/lib64 /usr/bin/cmake --build /home/dcubot/DCUBOT/build/realsense2_description -- -j6 -l6
[3.892s] Invoked command in '/home/dcubot/DCUBOT/build/realsense2_description' returned '0': CMAKE_PREFIX_PATH=${CMAKE_PREFIX_PATH}:/home/dcubot/DCUBOT/install/powertrain:/opt/ros/humble LD_LIBRARY_PATH=/home/dcubot/DCUBOT/install/realsense2_camera_msgs/lib:/home/dcubot/DCUBOT/install/librealsense2/lib:/home/dcubot/DCUBOT/install/microxrcedds_agent/lib:/home/dcubot/DCUBOT/install/micro_ros_agent/lib:/home/dcubot/DCUBOT/install/micro_ros_msgs/lib:/usr/local/cuda/lib64:/opt/ros/humble/opt/rviz_ogre_vendor/lib:/opt/ros/humble/lib/aarch64-linux-gnu:/opt/ros/humble/lib:/usr/local/cuda-12.6/lib64 /usr/bin/cmake --build /home/dcubot/DCUBOT/build/realsense2_description -- -j6 -l6
[3.893s] Invoking command in '/home/dcubot/DCUBOT/build/realsense2_description': CMAKE_PREFIX_PATH=${CMAKE_PREFIX_PATH}:/home/dcubot/DCUBOT/install/powertrain:/opt/ros/humble LD_LIBRARY_PATH=/home/dcubot/DCUBOT/install/realsense2_camera_msgs/lib:/home/dcubot/DCUBOT/install/librealsense2/lib:/home/dcubot/DCUBOT/install/microxrcedds_agent/lib:/home/dcubot/DCUBOT/install/micro_ros_agent/lib:/home/dcubot/DCUBOT/install/micro_ros_msgs/lib:/usr/local/cuda/lib64:/opt/ros/humble/opt/rviz_ogre_vendor/lib:/opt/ros/humble/lib/aarch64-linux-gnu:/opt/ros/humble/lib:/usr/local/cuda-12.6/lib64 /usr/bin/cmake --install /home/dcubot/DCUBOT/build/realsense2_description
[3.936s] -- Install configuration: ""
[3.937s] -- Installing: /home/dcubot/DCUBOT/install/realsense2_description/share/realsense2_description/launch
[3.937s] -- Installing: /home/dcubot/DCUBOT/install/realsense2_description/share/realsense2_description/launch/view_model.launch.py
[3.938s] -- Installing: /home/dcubot/DCUBOT/install/realsense2_description/share/realsense2_description/launch/launch_utils.py
[3.939s] -- Installing: /home/dcubot/DCUBOT/install/realsense2_description/share/realsense2_description/meshes
[3.940s] -- Installing: /home/dcubot/DCUBOT/install/realsense2_description/share/realsense2_description/meshes/d455.stl
[3.946s] -- Installing: /home/dcubot/DCUBOT/install/realsense2_description/share/realsense2_description/meshes/plug.stl
[3.965s] -- Installing: /home/dcubot/DCUBOT/install/realsense2_description/share/realsense2_description/meshes/d436.dae
[4.041s] -- Installing: /home/dcubot/DCUBOT/install/realsense2_description/share/realsense2_description/meshes/d405.stl
[4.042s] -- Installing: /home/dcubot/DCUBOT/install/realsense2_description/share/realsense2_description/meshes/l515.dae
[4.240s] -- Installing: /home/dcubot/DCUBOT/install/realsense2_description/share/realsense2_description/meshes/d585.stl
[4.286s] -- Installing: /home/dcubot/DCUBOT/install/realsense2_description/share/realsense2_description/meshes/plug_collision.stl
[4.303s] -- Installing: /home/dcubot/DCUBOT/install/realsense2_description/share/realsense2_description/meshes/d435.dae
[4.401s] -- Installing: /home/dcubot/DCUBOT/install/realsense2_description/share/realsense2_description/meshes/d415.stl
[4.539s] -- Installing: /home/dcubot/DCUBOT/install/realsense2_description/share/realsense2_description/rviz
[4.540s] -- Installing: /home/dcubot/DCUBOT/install/realsense2_description/share/realsense2_description/rviz/urdf.rviz
[4.540s] -- Installing: /home/dcubot/DCUBOT/install/realsense2_description/share/realsense2_description/urdf
[4.540s] -- Installing: /home/dcubot/DCUBOT/install/realsense2_description/share/realsense2_description/urdf/_r430.urdf.xacro
[4.541s] -- Installing: /home/dcubot/DCUBOT/install/realsense2_description/share/realsense2_description/urdf/test_d455_camera.urdf.xacro
[4.541s] -- Installing: /home/dcubot/DCUBOT/install/realsense2_description/share/realsense2_description/urdf/_d435.urdf.xacro
[4.541s] -- Installing: /home/dcubot/DCUBOT/install/realsense2_description/share/realsense2_description/urdf/test_d415_camera.urdf.xacro
[4.541s] -- Installing: /home/dcubot/DCUBOT/install/realsense2_description/share/realsense2_description/urdf/_materials.urdf.xacro
[4.541s] -- Installing: /home/dcubot/DCUBOT/install/realsense2_description/share/realsense2_description/urdf/_d436.urdf.xacro
[4.542s] -- Installing: /home/dcubot/DCUBOT/install/realsense2_description/share/realsense2_description/urdf/test_d436_camera.urdf.xacro
[4.542s] -- Installing: /home/dcubot/DCUBOT/install/realsense2_description/share/realsense2_description/urdf/test_r410_camera.urdf.xacro
[4.542s] -- Installing: /home/dcubot/DCUBOT/install/realsense2_description/share/realsense2_description/urdf/test_r430_camera.urdf.xacro
[4.542s] -- Installing: /home/dcubot/DCUBOT/install/realsense2_description/share/realsense2_description/urdf/_r410.urdf.xacro
[4.542s] -- Installing: /home/dcubot/DCUBOT/install/realsense2_description/share/realsense2_description/urdf/_usb_plug.urdf.xacro
[4.543s] -- Installing: /home/dcubot/DCUBOT/install/realsense2_description/share/realsense2_description/urdf/_d435i_imu_modules.urdf.xacro
[4.543s] -- Installing: /home/dcubot/DCUBOT/install/realsense2_description/share/realsense2_description/urdf/test_d585_camera.urdf.xacro
[4.543s] -- Installing: /home/dcubot/DCUBOT/install/realsense2_description/share/realsense2_description/urdf/test_d435_multiple_cameras.urdf.xacro
[4.543s] -- Installing: /home/dcubot/DCUBOT/install/realsense2_description/share/realsense2_description/urdf/_d455.urdf.xacro
[4.543s] -- Installing: /home/dcubot/DCUBOT/install/realsense2_description/share/realsense2_description/urdf/_d405.urdf.xacro
[4.544s] -- Installing: /home/dcubot/DCUBOT/install/realsense2_description/share/realsense2_description/urdf/_d435i.urdf.xacro
[4.544s] -- Installing: /home/dcubot/DCUBOT/install/realsense2_description/share/realsense2_description/urdf/test_d405_camera.urdf.xacro
[4.544s] -- Installing: /home/dcubot/DCUBOT/install/realsense2_description/share/realsense2_description/urdf/_d415.urdf.xacro
[4.544s] -- Installing: /home/dcubot/DCUBOT/install/realsense2_description/share/realsense2_description/urdf/test_d435_camera.urdf.xacro
[4.544s] -- Installing: /home/dcubot/DCUBOT/install/realsense2_description/share/realsense2_description/urdf/test_d435i_camera.urdf.xacro
[4.545s] -- Installing: /home/dcubot/DCUBOT/install/realsense2_description/share/realsense2_description/urdf/_d585.urdf.xacro
[4.545s] -- Installing: /home/dcubot/DCUBOT/install/realsense2_description/share/ament_index/resource_index/package_run_dependencies/realsense2_description
[4.545s] -- Installing: /home/dcubot/DCUBOT/install/realsense2_description/share/ament_index/resource_index/parent_prefix_path/realsense2_description
[4.546s] -- Installing: /home/dcubot/DCUBOT/install/realsense2_description/share/realsense2_description/environment/ament_prefix_path.sh
[4.546s] -- Installing: /home/dcubot/DCUBOT/install/realsense2_description/share/realsense2_description/environment/ament_prefix_path.dsv
[4.546s] -- Installing: /home/dcubot/DCUBOT/install/realsense2_description/share/realsense2_description/environment/path.sh
[4.547s] -- Installing: /home/dcubot/DCUBOT/install/realsense2_description/share/realsense2_description/environment/path.dsv
[4.547s] -- Installing: /home/dcubot/DCUBOT/install/realsense2_description/share/realsense2_description/local_setup.bash
[4.547s] -- Installing: /home/dcubot/DCUBOT/install/realsense2_description/share/realsense2_description/local_setup.sh
[4.547s] -- Installing: /home/dcubot/DCUBOT/install/realsense2_description/share/realsense2_description/local_setup.zsh
[4.548s] -- Installing: /home/dcubot/DCUBOT/install/realsense2_description/share/realsense2_description/local_setup.dsv
[4.548s] -- Installing: /home/dcubot/DCUBOT/install/realsense2_description/share/realsense2_description/package.dsv
[4.548s] -- Installing: /home/dcubot/DCUBOT/install/realsense2_description/share/ament_index/resource_index/packages/realsense2_description
[4.548s] -- Installing: /home/dcubot/DCUBOT/install/realsense2_description/share/realsense2_description/cmake/realsense2_descriptionConfig.cmake
[4.549s] -- Installing: /home/dcubot/DCUBOT/install/realsense2_description/share/realsense2_description/cmake/realsense2_descriptionConfig-version.cmake
[4.549s] -- Installing: /home/dcubot/DCUBOT/install/realsense2_description/share/realsense2_description/package.xml
[4.568s] Invoked command in '/home/dcubot/DCUBOT/build/realsense2_description' returned '0': CMAKE_PREFIX_PATH=${CMAKE_PREFIX_PATH}:/home/dcubot/DCUBOT/install/powertrain:/opt/ros/humble LD_LIBRARY_PATH=/home/dcubot/DCUBOT/install/realsense2_camera_msgs/lib:/home/dcubot/DCUBOT/install/librealsense2/lib:/home/dcubot/DCUBOT/install/microxrcedds_agent/lib:/home/dcubot/DCUBOT/install/micro_ros_agent/lib:/home/dcubot/DCUBOT/install/micro_ros_msgs/lib:/usr/local/cuda/lib64:/opt/ros/humble/opt/rviz_ogre_vendor/lib:/opt/ros/humble/lib/aarch64-linux-gnu:/opt/ros/humble/lib:/usr/local/cuda-12.6/lib64 /usr/bin/cmake --install /home/dcubot/DCUBOT/build/realsense2_description
