[0.085s] Invoking command in '/home/dcubot/DCUBOT/build/realsense2_rviz_plugin': CMAKE_PREFIX_PATH=${CMAKE_PREFIX_PATH}:/home/dcubot/DCUBOT/install/powertrain:/opt/ros/humble LD_LIBRARY_PATH=/home/dcubot/DCUBOT/install/realsense2_camera_msgs/lib:/home/dcubot/DCUBOT/install/librealsense2/lib:/home/dcubot/DCUBOT/install/microxrcedds_agent/lib:/home/dcubot/DCUBOT/install/micro_ros_agent/lib:/home/dcubot/DCUBOT/install/micro_ros_msgs/lib:/usr/local/cuda/lib64:/opt/ros/humble/opt/rviz_ogre_vendor/lib:/opt/ros/humble/lib/aarch64-linux-gnu:/opt/ros/humble/lib:/usr/local/cuda-12.6/lib64 /usr/bin/cmake /home/dcubot/DCUBOT/src/realsense-ros/realsense2_rgbd_plugin -DCMAKE_INSTALL_PREFIX=/home/dcubot/DCUBOT/install/realsense2_rviz_plugin
[0.419s] -- The C compiler identification is GNU 11.4.0
[0.689s] -- The CXX compiler identification is GNU 11.4.0
[0.723s] -- Detecting C compiler ABI info
[1.081s] -- Detecting C compiler ABI info - done
[1.102s] -- Check for working C compiler: /usr/bin/cc - skipped
[1.102s] -- Detecting C compile features
[1.103s] -- Detecting C compile features - done
[1.114s] -- Detecting CXX compiler ABI info
[1.581s] -- Detecting CXX compiler ABI info - done
[1.603s] -- Check for working CXX compiler: /usr/bin/c++ - skipped
[1.613s] -- Detecting CXX compile features
[1.622s] -- Detecting CXX compile features - done
[1.627s] -- Found ament_cmake: 1.3.12 (/opt/ros/humble/share/ament_cmake/cmake)
[2.458s] -- Found Python3: /usr/bin/python3 (found version "3.10.12") found components: Interpreter 
[2.985s] -- RVIZ_RGBD_PLUGIN is DISABLED: Plugin will not be built.
[3.500s] -- Configuring done
[3.508s] -- Generating done
[3.530s] -- Build files have been written to: /home/dcubot/DCUBOT/build/realsense2_rviz_plugin
[3.580s] Invoked command in '/home/dcubot/DCUBOT/build/realsense2_rviz_plugin' returned '0': CMAKE_PREFIX_PATH=${CMAKE_PREFIX_PATH}:/home/dcubot/DCUBOT/install/powertrain:/opt/ros/humble LD_LIBRARY_PATH=/home/dcubot/DCUBOT/install/realsense2_camera_msgs/lib:/home/dcubot/DCUBOT/install/librealsense2/lib:/home/dcubot/DCUBOT/install/microxrcedds_agent/lib:/home/dcubot/DCUBOT/install/micro_ros_agent/lib:/home/dcubot/DCUBOT/install/micro_ros_msgs/lib:/usr/local/cuda/lib64:/opt/ros/humble/opt/rviz_ogre_vendor/lib:/opt/ros/humble/lib/aarch64-linux-gnu:/opt/ros/humble/lib:/usr/local/cuda-12.6/lib64 /usr/bin/cmake /home/dcubot/DCUBOT/src/realsense-ros/realsense2_rgbd_plugin -DCMAKE_INSTALL_PREFIX=/home/dcubot/DCUBOT/install/realsense2_rviz_plugin
[3.581s] Invoking command in '/home/dcubot/DCUBOT/build/realsense2_rviz_plugin': CMAKE_PREFIX_PATH=${CMAKE_PREFIX_PATH}:/home/dcubot/DCUBOT/install/powertrain:/opt/ros/humble LD_LIBRARY_PATH=/home/dcubot/DCUBOT/install/realsense2_camera_msgs/lib:/home/dcubot/DCUBOT/install/librealsense2/lib:/home/dcubot/DCUBOT/install/microxrcedds_agent/lib:/home/dcubot/DCUBOT/install/micro_ros_agent/lib:/home/dcubot/DCUBOT/install/micro_ros_msgs/lib:/usr/local/cuda/lib64:/opt/ros/humble/opt/rviz_ogre_vendor/lib:/opt/ros/humble/lib/aarch64-linux-gnu:/opt/ros/humble/lib:/usr/local/cuda-12.6/lib64 /usr/bin/cmake --build /home/dcubot/DCUBOT/build/realsense2_rviz_plugin -- -j6 -l6
[3.891s] Invoked command in '/home/dcubot/DCUBOT/build/realsense2_rviz_plugin' returned '0': CMAKE_PREFIX_PATH=${CMAKE_PREFIX_PATH}:/home/dcubot/DCUBOT/install/powertrain:/opt/ros/humble LD_LIBRARY_PATH=/home/dcubot/DCUBOT/install/realsense2_camera_msgs/lib:/home/dcubot/DCUBOT/install/librealsense2/lib:/home/dcubot/DCUBOT/install/microxrcedds_agent/lib:/home/dcubot/DCUBOT/install/micro_ros_agent/lib:/home/dcubot/DCUBOT/install/micro_ros_msgs/lib:/usr/local/cuda/lib64:/opt/ros/humble/opt/rviz_ogre_vendor/lib:/opt/ros/humble/lib/aarch64-linux-gnu:/opt/ros/humble/lib:/usr/local/cuda-12.6/lib64 /usr/bin/cmake --build /home/dcubot/DCUBOT/build/realsense2_rviz_plugin -- -j6 -l6
[3.893s] Invoking command in '/home/dcubot/DCUBOT/build/realsense2_rviz_plugin': CMAKE_PREFIX_PATH=${CMAKE_PREFIX_PATH}:/home/dcubot/DCUBOT/install/powertrain:/opt/ros/humble LD_LIBRARY_PATH=/home/dcubot/DCUBOT/install/realsense2_camera_msgs/lib:/home/dcubot/DCUBOT/install/librealsense2/lib:/home/dcubot/DCUBOT/install/microxrcedds_agent/lib:/home/dcubot/DCUBOT/install/micro_ros_agent/lib:/home/dcubot/DCUBOT/install/micro_ros_msgs/lib:/usr/local/cuda/lib64:/opt/ros/humble/opt/rviz_ogre_vendor/lib:/opt/ros/humble/lib/aarch64-linux-gnu:/opt/ros/humble/lib:/usr/local/cuda-12.6/lib64 /usr/bin/cmake --install /home/dcubot/DCUBOT/build/realsense2_rviz_plugin
[3.946s] -- Install configuration: ""
[3.946s] -- Installing: /home/dcubot/DCUBOT/install/realsense2_rviz_plugin/share/realsense2_rviz_plugin/config/rviz_rgbd_plugin_settings.yaml
[3.947s] -- Installing: /home/dcubot/DCUBOT/install/realsense2_rviz_plugin/share/ament_index/resource_index/package_run_dependencies/realsense2_rviz_plugin
[3.947s] -- Installing: /home/dcubot/DCUBOT/install/realsense2_rviz_plugin/share/ament_index/resource_index/parent_prefix_path/realsense2_rviz_plugin
[3.947s] -- Installing: /home/dcubot/DCUBOT/install/realsense2_rviz_plugin/share/realsense2_rviz_plugin/environment/ament_prefix_path.sh
[3.947s] -- Installing: /home/dcubot/DCUBOT/install/realsense2_rviz_plugin/share/realsense2_rviz_plugin/environment/ament_prefix_path.dsv
[3.948s] -- Installing: /home/dcubot/DCUBOT/install/realsense2_rviz_plugin/share/realsense2_rviz_plugin/environment/path.sh
[3.948s] -- Installing: /home/dcubot/DCUBOT/install/realsense2_rviz_plugin/share/realsense2_rviz_plugin/environment/path.dsv
[3.948s] -- Installing: /home/dcubot/DCUBOT/install/realsense2_rviz_plugin/share/realsense2_rviz_plugin/local_setup.bash
[3.949s] -- Installing: /home/dcubot/DCUBOT/install/realsense2_rviz_plugin/share/realsense2_rviz_plugin/local_setup.sh
[3.949s] -- Installing: /home/dcubot/DCUBOT/install/realsense2_rviz_plugin/share/realsense2_rviz_plugin/local_setup.zsh
[3.949s] -- Installing: /home/dcubot/DCUBOT/install/realsense2_rviz_plugin/share/realsense2_rviz_plugin/local_setup.dsv
[3.949s] -- Installing: /home/dcubot/DCUBOT/install/realsense2_rviz_plugin/share/realsense2_rviz_plugin/package.dsv
[3.950s] -- Installing: /home/dcubot/DCUBOT/install/realsense2_rviz_plugin/share/ament_index/resource_index/packages/realsense2_rviz_plugin
[3.950s] -- Installing: /home/dcubot/DCUBOT/install/realsense2_rviz_plugin/share/realsense2_rviz_plugin/cmake/realsense2_rviz_pluginConfig.cmake
[3.950s] -- Installing: /home/dcubot/DCUBOT/install/realsense2_rviz_plugin/share/realsense2_rviz_plugin/cmake/realsense2_rviz_pluginConfig-version.cmake
[3.950s] -- Installing: /home/dcubot/DCUBOT/install/realsense2_rviz_plugin/share/realsense2_rviz_plugin/package.xml
[3.972s] Invoked command in '/home/dcubot/DCUBOT/build/realsense2_rviz_plugin' returned '0': CMAKE_PREFIX_PATH=${CMAKE_PREFIX_PATH}:/home/dcubot/DCUBOT/install/powertrain:/opt/ros/humble LD_LIBRARY_PATH=/home/dcubot/DCUBOT/install/realsense2_camera_msgs/lib:/home/dcubot/DCUBOT/install/librealsense2/lib:/home/dcubot/DCUBOT/install/microxrcedds_agent/lib:/home/dcubot/DCUBOT/install/micro_ros_agent/lib:/home/dcubot/DCUBOT/install/micro_ros_msgs/lib:/usr/local/cuda/lib64:/opt/ros/humble/opt/rviz_ogre_vendor/lib:/opt/ros/humble/lib/aarch64-linux-gnu:/opt/ros/humble/lib:/usr/local/cuda-12.6/lib64 /usr/bin/cmake --install /home/dcubot/DCUBOT/build/realsense2_rviz_plugin
