running egg_info
creating ../build/powertrain/powertrain.egg-info
writing ../build/powertrain/powertrain.egg-info/PKG-INFO
writing dependency_links to ../build/powertrain/powertrain.egg-info/dependency_links.txt
writing entry points to ../build/powertrain/powertrain.egg-info/entry_points.txt
writing requirements to ../build/powertrain/powertrain.egg-info/requires.txt
writing top-level names to ../build/powertrain/powertrain.egg-info/top_level.txt
writing manifest file '../build/powertrain/powertrain.egg-info/SOURCES.txt'
reading manifest file '../build/powertrain/powertrain.egg-info/SOURCES.txt'
writing manifest file '../build/powertrain/powertrain.egg-info/SOURCES.txt'
running build
running build_py
creating /home/choe/DCUBOT/src/build/powertrain/build
creating /home/choe/DCUBOT/src/build/powertrain/build/lib
creating /home/choe/DCUBOT/src/build/powertrain/build/lib/powertrain
copying powertrain/__init__.py -> /home/choe/DCUBOT/src/build/powertrain/build/lib/powertrain
running install
running install_lib
creating /home/choe/DCUBOT/src/install/powertrain/lib/python3.10/site-packages/powertrain
copying /home/choe/DCUBOT/src/build/powertrain/build/lib/powertrain/__init__.py -> /home/choe/DCUBOT/src/install/powertrain/lib/python3.10/site-packages/powertrain
byte-compiling /home/choe/DCUBOT/src/install/powertrain/lib/python3.10/site-packages/powertrain/__init__.py to __init__.cpython-310.pyc
running install_data
creating /home/choe/DCUBOT/src/install/powertrain/share/ament_index
creating /home/choe/DCUBOT/src/install/powertrain/share/ament_index/resource_index
creating /home/choe/DCUBOT/src/install/powertrain/share/ament_index/resource_index/packages
copying resource/powertrain -> /home/choe/DCUBOT/src/install/powertrain/share/ament_index/resource_index/packages
copying package.xml -> /home/choe/DCUBOT/src/install/powertrain/share/powertrain
running install_egg_info
Copying ../build/powertrain/powertrain.egg-info to /home/choe/DCUBOT/src/install/powertrain/lib/python3.10/site-packages/powertrain-0.0.0-py3.10.egg-info
running install_scripts
writing list of installed files to '/home/choe/DCUBOT/src/build/powertrain/install.log'
