[0.705s] Invoking command in '/home/choe/DCUBOT/src/powertrain': PYTHONPATH=/home/choe/DCUBOT/src/build/powertrain/prefix_override:/usr/lib/python3/dist-packages/colcon_core/task/python/colcon_distutils_commands:/home/choe/DCUBOT/src/install/powertrain/lib/python3.10/site-packages:${PYTHONPATH} /usr/bin/python3 -W ignore:setup.py install is deprecated -W ignore:easy_install command is deprecated setup.py egg_info --egg-base ../build/powertrain build --build-base /home/choe/DCUBOT/src/build/powertrain/build install --record /home/choe/DCUBOT/src/build/powertrain/install.log --single-version-externally-managed install_data
[0.902s] running egg_info
[0.902s] creating ../build/powertrain/powertrain.egg-info
[0.903s] writing ../build/powertrain/powertrain.egg-info/PKG-INFO
[0.903s] writing dependency_links to ../build/powertrain/powertrain.egg-info/dependency_links.txt
[0.903s] writing entry points to ../build/powertrain/powertrain.egg-info/entry_points.txt
[0.903s] writing requirements to ../build/powertrain/powertrain.egg-info/requires.txt
[0.903s] writing top-level names to ../build/powertrain/powertrain.egg-info/top_level.txt
[0.903s] writing manifest file '../build/powertrain/powertrain.egg-info/SOURCES.txt'
[0.904s] reading manifest file '../build/powertrain/powertrain.egg-info/SOURCES.txt'
[0.905s] writing manifest file '../build/powertrain/powertrain.egg-info/SOURCES.txt'
[0.905s] running build
[0.905s] running build_py
[0.905s] creating /home/choe/DCUBOT/src/build/powertrain/build
[0.905s] creating /home/choe/DCUBOT/src/build/powertrain/build/lib
[0.906s] creating /home/choe/DCUBOT/src/build/powertrain/build/lib/powertrain
[0.906s] copying powertrain/__init__.py -> /home/choe/DCUBOT/src/build/powertrain/build/lib/powertrain
[0.906s] running install
[0.906s] running install_lib
[0.907s] creating /home/choe/DCUBOT/src/install/powertrain/lib/python3.10/site-packages/powertrain
[0.907s] copying /home/choe/DCUBOT/src/build/powertrain/build/lib/powertrain/__init__.py -> /home/choe/DCUBOT/src/install/powertrain/lib/python3.10/site-packages/powertrain
[0.908s] byte-compiling /home/choe/DCUBOT/src/install/powertrain/lib/python3.10/site-packages/powertrain/__init__.py to __init__.cpython-310.pyc
[0.908s] running install_data
[0.908s] creating /home/choe/DCUBOT/src/install/powertrain/share/ament_index
[0.908s] creating /home/choe/DCUBOT/src/install/powertrain/share/ament_index/resource_index
[0.909s] creating /home/choe/DCUBOT/src/install/powertrain/share/ament_index/resource_index/packages
[0.909s] copying resource/powertrain -> /home/choe/DCUBOT/src/install/powertrain/share/ament_index/resource_index/packages
[0.909s] copying package.xml -> /home/choe/DCUBOT/src/install/powertrain/share/powertrain
[0.909s] running install_egg_info
[0.910s] Copying ../build/powertrain/powertrain.egg-info to /home/choe/DCUBOT/src/install/powertrain/lib/python3.10/site-packages/powertrain-0.0.0-py3.10.egg-info
[0.911s] running install_scripts
[0.927s] writing list of installed files to '/home/choe/DCUBOT/src/build/powertrain/install.log'
[0.944s] Invoked command in '/home/choe/DCUBOT/src/powertrain' returned '0': PYTHONPATH=/home/choe/DCUBOT/src/build/powertrain/prefix_override:/usr/lib/python3/dist-packages/colcon_core/task/python/colcon_distutils_commands:/home/choe/DCUBOT/src/install/powertrain/lib/python3.10/site-packages:${PYTHONPATH} /usr/bin/python3 -W ignore:setup.py install is deprecated -W ignore:easy_install command is deprecated setup.py egg_info --egg-base ../build/powertrain build --build-base /home/choe/DCUBOT/src/build/powertrain/build install --record /home/choe/DCUBOT/src/build/powertrain/install.log --single-version-externally-managed install_data
