[0.089s] Invoking command in '/home/dcubot/DCUBOT/build/realsense2_camera': CMAKE_PREFIX_PATH=/home/dcubot/DCUBOT/install/realsense2_camera_msgs:/home/dcubot/DCUBOT/install/rplidar_ros:/home/dcubot/DCUBOT/install/realsense2_description:/home/dcubot/DCUBOT/install/realsense2_camera:/home/dcubot/DCUBOT/install/powertrain:/opt/ros/humble LD_LIBRARY_PATH=/home/dcubot/DCUBOT/install/realsense2_camera_msgs/lib:/home/dcubot/DCUBOT/install/realsense2_camera/lib:/usr/local/cuda/lib64:/opt/ros/humble/opt/rviz_ogre_vendor/lib:/opt/ros/humble/lib/aarch64-linux-gnu:/opt/ros/humble/lib:/usr/local/cuda-12.6/lib64 /usr/bin/cmake /home/dcubot/DCUBOT/src/realsense-ros/realsense2_camera -DCMAKE_BUILD_TYPE=Release -DAMENT_CMAKE_SYMLINK_INSTALL=1 -DCMAKE_INSTALL_PREFIX=/home/dcubot/DCUBOT/install/realsense2_camera
[0.379s] -- The C compiler identification is GNU 11.4.0
[0.558s] -- The CXX compiler identification is GNU 11.4.0
[0.580s] -- Detecting C compiler ABI info
[0.886s] -- Detecting C compiler ABI info - done
[0.912s] -- Check for working C compiler: /usr/bin/cc - skipped
[0.912s] -- Detecting C compile features
[0.912s] -- Detecting C compile features - done
[0.919s] -- Detecting CXX compiler ABI info
[1.393s] -- Detecting CXX compiler ABI info - done
[1.411s] -- Check for working CXX compiler: /usr/bin/c++ - skipped
[1.411s] -- Detecting CXX compile features
[1.412s] -- Detecting CXX compile features - done
[1.414s] -- Create Release Build.
[1.432s] -- Found ament_cmake: 1.3.12 (/opt/ros/humble/share/ament_cmake/cmake)
[2.118s] -- Found Python3: /usr/bin/python3 (found version "3.10.12") found components: Interpreter 
[2.281s] -- Override CMake install command with custom implementation using symlinks instead of copying resources
[2.350s] -- Found builtin_interfaces: 1.2.2 (/opt/ros/humble/share/builtin_interfaces/cmake)
[2.416s] -- Found rosidl_generator_c: 3.1.8 (/opt/ros/humble/share/rosidl_generator_c/cmake)
[2.426s] -- Found rosidl_adapter: 3.1.8 (/opt/ros/humble/share/rosidl_adapter/cmake)
[2.445s] -- Found rosidl_generator_cpp: 3.1.8 (/opt/ros/humble/share/rosidl_generator_cpp/cmake)
[2.469s] -- Using all available rosidl_typesupport_c: rosidl_typesupport_fastrtps_c;rosidl_typesupport_introspection_c
[2.504s] -- Using all available rosidl_typesupport_cpp: rosidl_typesupport_fastrtps_cpp;rosidl_typesupport_introspection_cpp
[2.539s] -- Found cv_bridge: 3.2.1 (/opt/ros/humble/share/cv_bridge/cmake)
[2.659s] -- Found image_transport: 3.1.12 (/opt/ros/humble/share/image_transport/cmake)
[2.758s] -- Found rmw_implementation_cmake: 6.1.2 (/opt/ros/humble/share/rmw_implementation_cmake/cmake)
[2.765s] -- Found rmw_fastrtps_cpp: 6.2.9 (/opt/ros/humble/share/rmw_fastrtps_cpp/cmake)
[2.955s] -- Found OpenSSL: /usr/lib/aarch64-linux-gnu/libcrypto.so (found version "3.0.2")  
[3.015s] -- Found FastRTPS: /opt/ros/humble/include  
[3.101s] -- Using RMW implementation 'rmw_fastrtps_cpp' as default
[3.119s] -- Looking for pthread.h
[3.261s] -- Looking for pthread.h - found
[3.262s] -- Performing Test CMAKE_HAVE_LIBC_PTHREAD
[3.409s] -- Performing Test CMAKE_HAVE_LIBC_PTHREAD - Success
[3.412s] -- Found Threads: TRUE  
[3.571s] -- Found rclcpp_components: 16.0.17 (/opt/ros/humble/share/rclcpp_components/cmake)
[3.622s] -- Found realsense2_camera_msgs: 4.54.1 (/home/dcubot/DCUBOT/install/realsense2_camera_msgs/share/realsense2_camera_msgs/cmake)
[3.655s] -- Found nav_msgs: 4.9.0 (/opt/ros/humble/share/nav_msgs/cmake)
[3.700s] -- Found tf2_ros: 0.25.18 (/opt/ros/humble/share/tf2_ros/cmake)
[3.925s] -- Found diagnostic_updater: 4.0.6 (/opt/ros/humble/share/diagnostic_updater/cmake)
[3.984s] -- Build for ROS2 Humble
[4.169s] -- Configuring done
[4.220s] -- Generating done
[4.234s] -- Build files have been written to: /home/dcubot/DCUBOT/build/realsense2_camera
[4.266s] Invoked command in '/home/dcubot/DCUBOT/build/realsense2_camera' returned '0': CMAKE_PREFIX_PATH=/home/dcubot/DCUBOT/install/realsense2_camera_msgs:/home/dcubot/DCUBOT/install/rplidar_ros:/home/dcubot/DCUBOT/install/realsense2_description:/home/dcubot/DCUBOT/install/realsense2_camera:/home/dcubot/DCUBOT/install/powertrain:/opt/ros/humble LD_LIBRARY_PATH=/home/dcubot/DCUBOT/install/realsense2_camera_msgs/lib:/home/dcubot/DCUBOT/install/realsense2_camera/lib:/usr/local/cuda/lib64:/opt/ros/humble/opt/rviz_ogre_vendor/lib:/opt/ros/humble/lib/aarch64-linux-gnu:/opt/ros/humble/lib:/usr/local/cuda-12.6/lib64 /usr/bin/cmake /home/dcubot/DCUBOT/src/realsense-ros/realsense2_camera -DCMAKE_BUILD_TYPE=Release -DAMENT_CMAKE_SYMLINK_INSTALL=1 -DCMAKE_INSTALL_PREFIX=/home/dcubot/DCUBOT/install/realsense2_camera
[4.269s] Invoking command in '/home/dcubot/DCUBOT/build/realsense2_camera': CMAKE_PREFIX_PATH=/home/dcubot/DCUBOT/install/realsense2_camera_msgs:/home/dcubot/DCUBOT/install/rplidar_ros:/home/dcubot/DCUBOT/install/realsense2_description:/home/dcubot/DCUBOT/install/realsense2_camera:/home/dcubot/DCUBOT/install/powertrain:/opt/ros/humble LD_LIBRARY_PATH=/home/dcubot/DCUBOT/install/realsense2_camera_msgs/lib:/home/dcubot/DCUBOT/install/realsense2_camera/lib:/usr/local/cuda/lib64:/opt/ros/humble/opt/rviz_ogre_vendor/lib:/opt/ros/humble/lib/aarch64-linux-gnu:/opt/ros/humble/lib:/usr/local/cuda-12.6/lib64 /usr/bin/cmake --build /home/dcubot/DCUBOT/build/realsense2_camera -- -j6 -l6
[4.378s] [ 12%] [32mBuilding CXX object CMakeFiles/realsense2_camera.dir/src/realsense_node_factory.cpp.o[0m
[4.378s] [ 12%] [32mBuilding CXX object CMakeFiles/realsense2_camera.dir/src/base_realsense_node.cpp.o[0m
[4.384s] [ 18%] [32mBuilding CXX object CMakeFiles/realsense2_camera_node.dir/rclcpp_components/node_main_realsense2_camera_node.cpp.o[0m
[4.396s] [ 25%] [32mBuilding CXX object CMakeFiles/realsense2_camera.dir/src/ros_sensor.cpp.o[0m
[4.398s] [ 31%] [32mBuilding CXX object CMakeFiles/realsense2_camera.dir/src/parameters.cpp.o[0m
[4.402s] [ 37%] [32mBuilding CXX object CMakeFiles/realsense2_camera.dir/src/rs_node_setup.cpp.o[0m
[15.183s] [ 43%] [32m[1mLinking CXX executable realsense2_camera_node[0m
[15.682s] [ 43%] Built target realsense2_camera_node
[15.700s] [ 50%] [32mBuilding CXX object CMakeFiles/realsense2_camera.dir/src/ros_utils.cpp.o[0m
[24.802s] [ 56%] [32mBuilding CXX object CMakeFiles/realsense2_camera.dir/src/dynamic_params.cpp.o[0m
[25.476s] [ 62%] [32mBuilding CXX object CMakeFiles/realsense2_camera.dir/src/sensor_params.cpp.o[0m
[25.880s] [ 68%] [32mBuilding CXX object CMakeFiles/realsense2_camera.dir/src/named_filter.cpp.o[0m
[35.421s] [ 75%] [32mBuilding CXX object CMakeFiles/realsense2_camera.dir/src/profile_manager.cpp.o[0m
[40.512s] [ 81%] [32mBuilding CXX object CMakeFiles/realsense2_camera.dir/src/image_publisher.cpp.o[0m
[40.560s] [ 87%] [32mBuilding CXX object CMakeFiles/realsense2_camera.dir/src/tfs.cpp.o[0m
[40.689s] [ 93%] [32mBuilding CXX object CMakeFiles/realsense2_camera.dir/src/ros_param_backend_foxy.cpp.o[0m
[64.801s] [100%] [32m[1mLinking CXX shared library librealsense2_camera.so[0m
[66.258s] [100%] Built target realsense2_camera
[66.294s] Invoked command in '/home/dcubot/DCUBOT/build/realsense2_camera' returned '0': CMAKE_PREFIX_PATH=/home/dcubot/DCUBOT/install/realsense2_camera_msgs:/home/dcubot/DCUBOT/install/rplidar_ros:/home/dcubot/DCUBOT/install/realsense2_description:/home/dcubot/DCUBOT/install/realsense2_camera:/home/dcubot/DCUBOT/install/powertrain:/opt/ros/humble LD_LIBRARY_PATH=/home/dcubot/DCUBOT/install/realsense2_camera_msgs/lib:/home/dcubot/DCUBOT/install/realsense2_camera/lib:/usr/local/cuda/lib64:/opt/ros/humble/opt/rviz_ogre_vendor/lib:/opt/ros/humble/lib/aarch64-linux-gnu:/opt/ros/humble/lib:/usr/local/cuda-12.6/lib64 /usr/bin/cmake --build /home/dcubot/DCUBOT/build/realsense2_camera -- -j6 -l6
[66.300s] Invoking command in '/home/dcubot/DCUBOT/build/realsense2_camera': CMAKE_PREFIX_PATH=/home/dcubot/DCUBOT/install/realsense2_camera_msgs:/home/dcubot/DCUBOT/install/rplidar_ros:/home/dcubot/DCUBOT/install/realsense2_description:/home/dcubot/DCUBOT/install/realsense2_camera:/home/dcubot/DCUBOT/install/powertrain:/opt/ros/humble LD_LIBRARY_PATH=/home/dcubot/DCUBOT/install/realsense2_camera_msgs/lib:/home/dcubot/DCUBOT/install/realsense2_camera/lib:/usr/local/cuda/lib64:/opt/ros/humble/opt/rviz_ogre_vendor/lib:/opt/ros/humble/lib/aarch64-linux-gnu:/opt/ros/humble/lib:/usr/local/cuda-12.6/lib64 /usr/bin/cmake --install /home/dcubot/DCUBOT/build/realsense2_camera
[66.321s] -- Install configuration: "Release"
[66.322s] -- Execute custom install script
[66.324s] -- Symlinking: /home/dcubot/DCUBOT/install/realsense2_camera/lib/realsense2_camera/realsense2_camera_node
[66.349s] -- Symlinking: /home/dcubot/DCUBOT/install/realsense2_camera/lib/librealsense2_camera.so
[66.371s] -- Symlinking: /home/dcubot/DCUBOT/install/realsense2_camera/include/base_realsense_node.h
[66.391s] -- Symlinking: /home/dcubot/DCUBOT/install/realsense2_camera/include/constants.h
[66.410s] -- Symlinking: /home/dcubot/DCUBOT/install/realsense2_camera/include/dynamic_params.h
[66.434s] -- Symlinking: /home/dcubot/DCUBOT/install/realsense2_camera/include/image_publisher.h
[66.454s] -- Symlinking: /home/dcubot/DCUBOT/install/realsense2_camera/include/named_filter.h
[66.477s] -- Symlinking: /home/dcubot/DCUBOT/install/realsense2_camera/include/profile_manager.h
[66.499s] -- Symlinking: /home/dcubot/DCUBOT/install/realsense2_camera/include/realsense_node_factory.h
[66.521s] -- Symlinking: /home/dcubot/DCUBOT/install/realsense2_camera/include/ros_param_backend.h
[66.544s] -- Symlinking: /home/dcubot/DCUBOT/install/realsense2_camera/include/ros_sensor.h
[66.564s] -- Symlinking: /home/dcubot/DCUBOT/install/realsense2_camera/include/ros_utils.h
[66.585s] -- Symlinking: /home/dcubot/DCUBOT/install/realsense2_camera/include/sensor_params.h
[66.610s] -- Symlinking: /home/dcubot/DCUBOT/install/realsense2_camera/share/realsense2_camera/launch/default.rviz
[66.631s] -- Symlinking: /home/dcubot/DCUBOT/install/realsense2_camera/share/realsense2_camera/launch/rs_intra_process_demo_launch.py
[66.655s] -- Symlinking: /home/dcubot/DCUBOT/install/realsense2_camera/share/realsense2_camera/launch/rs_launch.py
[66.677s] -- Symlinking: /home/dcubot/DCUBOT/install/realsense2_camera/share/realsense2_camera/launch/rs_multi_camera_launch.py
[66.699s] -- Symlinking: /home/dcubot/DCUBOT/install/realsense2_camera/share/realsense2_camera/environment/library_path.sh
[66.721s] -- Symlinking: /home/dcubot/DCUBOT/install/realsense2_camera/share/realsense2_camera/environment/library_path.dsv
[66.746s] -- Symlinking: /home/dcubot/DCUBOT/install/realsense2_camera/share/ament_index/resource_index/package_run_dependencies/realsense2_camera
[66.767s] -- Symlinking: /home/dcubot/DCUBOT/install/realsense2_camera/share/ament_index/resource_index/parent_prefix_path/realsense2_camera
[66.785s] -- Symlinking: /home/dcubot/DCUBOT/install/realsense2_camera/share/realsense2_camera/environment/ament_prefix_path.sh
[66.806s] -- Symlinking: /home/dcubot/DCUBOT/install/realsense2_camera/share/realsense2_camera/environment/ament_prefix_path.dsv
[66.828s] -- Symlinking: /home/dcubot/DCUBOT/install/realsense2_camera/share/realsense2_camera/environment/path.sh
[66.849s] -- Symlinking: /home/dcubot/DCUBOT/install/realsense2_camera/share/realsense2_camera/environment/path.dsv
[66.876s] -- Symlinking: /home/dcubot/DCUBOT/install/realsense2_camera/share/realsense2_camera/local_setup.bash
[66.895s] -- Symlinking: /home/dcubot/DCUBOT/install/realsense2_camera/share/realsense2_camera/local_setup.sh
[66.917s] -- Symlinking: /home/dcubot/DCUBOT/install/realsense2_camera/share/realsense2_camera/local_setup.zsh
[66.942s] -- Symlinking: /home/dcubot/DCUBOT/install/realsense2_camera/share/realsense2_camera/local_setup.dsv
[66.962s] -- Symlinking: /home/dcubot/DCUBOT/install/realsense2_camera/share/realsense2_camera/package.dsv
[66.985s] -- Symlinking: /home/dcubot/DCUBOT/install/realsense2_camera/share/ament_index/resource_index/packages/realsense2_camera
[67.007s] -- Symlinking: /home/dcubot/DCUBOT/install/realsense2_camera/share/ament_index/resource_index/rclcpp_components/realsense2_camera
[67.028s] -- Symlinking: /home/dcubot/DCUBOT/install/realsense2_camera/share/realsense2_camera/cmake/ament_cmake_export_include_directories-extras.cmake
[67.050s] -- Symlinking: /home/dcubot/DCUBOT/install/realsense2_camera/share/realsense2_camera/cmake/ament_cmake_export_libraries-extras.cmake
[67.071s] -- Symlinking: /home/dcubot/DCUBOT/install/realsense2_camera/share/realsense2_camera/cmake/ament_cmake_export_dependencies-extras.cmake
[67.092s] -- Symlinking: /home/dcubot/DCUBOT/install/realsense2_camera/share/realsense2_camera/cmake/realsense2_cameraConfig.cmake
[67.114s] -- Symlinking: /home/dcubot/DCUBOT/install/realsense2_camera/share/realsense2_camera/cmake/realsense2_cameraConfig-version.cmake
[67.139s] -- Symlinking: /home/dcubot/DCUBOT/install/realsense2_camera/share/realsense2_camera/package.xml
[67.167s] Invoked command in '/home/dcubot/DCUBOT/build/realsense2_camera' returned '0': CMAKE_PREFIX_PATH=/home/dcubot/DCUBOT/install/realsense2_camera_msgs:/home/dcubot/DCUBOT/install/rplidar_ros:/home/dcubot/DCUBOT/install/realsense2_description:/home/dcubot/DCUBOT/install/realsense2_camera:/home/dcubot/DCUBOT/install/powertrain:/opt/ros/humble LD_LIBRARY_PATH=/home/dcubot/DCUBOT/install/realsense2_camera_msgs/lib:/home/dcubot/DCUBOT/install/realsense2_camera/lib:/usr/local/cuda/lib64:/opt/ros/humble/opt/rviz_ogre_vendor/lib:/opt/ros/humble/lib/aarch64-linux-gnu:/opt/ros/humble/lib:/usr/local/cuda-12.6/lib64 /usr/bin/cmake --install /home/dcubot/DCUBOT/build/realsense2_camera
