[0.067s] Invoking command in '/home/dcubot/DCUBOT/build/librealsense2': CMAKE_PREFIX_PATH=${CMAKE_PREFIX_PATH}:/home/dcubot/DCUBOT/install/powertrain:/opt/ros/humble /usr/bin/cmake /home/dcubot/DCUBOT/librealsense -DCMAKE_INSTALL_PREFIX=/home/dcubot/DCUBOT/install/librealsense2
[1.278s] -- The CXX compiler identification is GNU 11.4.0
[1.278s] -- The C compiler identification is GNU 11.4.0
[1.278s] -- Detecting CXX compiler ABI info
[1.278s] -- Detecting CXX compiler ABI info - done
[1.278s] -- Check for working CXX compiler: /usr/bin/c++ - skipped
[1.279s] -- Detecting CXX compile features
[1.279s] -- Detecting CXX compile features - done
[1.279s] -- Detecting C compiler ABI info
[1.279s] -- Detecting C compiler ABI info - done
[1.279s] -- Check for working C compiler: /usr/bin/cc - skipped
[1.279s] -- Detecting C compile features
[1.279s] -- Detecting C compile features - done
[1.279s] -- Checking internet connection...
[1.879s] -- Internet connection identified
[1.884s] -- Info: REALSENSE_VERSION_STRING=2.57.5
[1.885s] -- Setting Unix configurations
[1.885s] -- No output directory set; using /home/dcubot/DCUBOT/build/librealsense2/Release/
[1.900s] -- Building libcurl enabled
[2.060s] -- Found OpenSSL: /usr/lib/aarch64-linux-gnu/libcrypto.so (found version "3.0.2")  
[2.065s] -- using RS2_USE_V4L2_BACKEND
[2.079s] -- Found usb: /usr/lib/aarch64-linux-gnu/libusb-1.0.so  
[2.090s] -- Found PkgConfig: /usr/bin/pkg-config (found version "0.29.2") 
[2.092s] -- Checking for module 'libudev'
[2.122s] --   Found libudev, version 249
[2.193s] -- Found Udev: /usr/include  
[2.208s] -- Fetching nlohmann/json...
[2.589s] Cloning into 'json'...
[6.576s] -- Using the multi-header code from /home/dcubot/DCUBOT/build/librealsense2/third-party/json/include/
[6.578s] -- Fetching nlohmann/json - Done
[6.658s] -- Found OpenGL: /usr/lib/aarch64-linux-gnu/libOpenGL.so   
[6.708s] -- Looking for pthread.h
[7.140s] -- Looking for pthread.h - found
[7.141s] -- Performing Test CMAKE_HAVE_LIBC_PTHREAD
[7.603s] -- Performing Test CMAKE_HAVE_LIBC_PTHREAD - Success
[7.605s] -- Found Threads: TRUE  
[7.701s] -- Check for updates capability added to realsense-viewer
[7.715s] -- Check for updates capability added to realsense-depth-quality
[7.720s] -- Fetching recommended firmwares:
[7.720s] -- disable link time optimization for fw project
[7.721s] -- ... https://librealsense.intel.com/Releases/RS4xx/FW/D4XX_FW_Image-5.17.0.10.bin
[8.754s] -- Downloaded firmware D4XX_FW_Image-5.17.0.10.bin
[10.605s] -- Configuring done
[11.811s] -- Generating done
[12.098s] -- Build files have been written to: /home/dcubot/DCUBOT/build/librealsense2
[12.197s] Invoked command in '/home/dcubot/DCUBOT/build/librealsense2' returned '0': CMAKE_PREFIX_PATH=${CMAKE_PREFIX_PATH}:/home/dcubot/DCUBOT/install/powertrain:/opt/ros/humble /usr/bin/cmake /home/dcubot/DCUBOT/librealsense -DCMAKE_INSTALL_PREFIX=/home/dcubot/DCUBOT/install/librealsense2
[12.198s] Invoking command in '/home/dcubot/DCUBOT/build/librealsense2': CMAKE_PREFIX_PATH=${CMAKE_PREFIX_PATH}:/home/dcubot/DCUBOT/install/powertrain:/opt/ros/humble /usr/bin/cmake --build /home/dcubot/DCUBOT/build/librealsense2 -- -j6 -l6
[12.592s] [  0%] [32mBuilding CXX object third-party/rsutils/CMakeFiles/rsutils.dir/__/easyloggingpp/src/easylogging++.cc.o[0m
[12.604s] [  0%] [32mBuilding CXX object third-party/rsutils/CMakeFiles/rsutils.dir/src/byte-manipulation.cpp.o[0m
[12.651s] [  0%] [32mBuilding CXX object third-party/realsense-file/CMakeFiles/realsense-file.dir/rosbag/console_bridge/src/console.cpp.o[0m
[12.657s] [  0%] [34m[1mCreating directories for 'libcurl'[0m
[12.696s] [  0%] [32mBuilding C object common/fw/CMakeFiles/fw.dir/empty.c.o[0m
[12.741s] [  0%] [32mBuilding CXX object tools/embed/CMakeFiles/rs-embed.dir/rs-embed.cpp.o[0m
[12.921s] [  0%] [32mBuilding C object common/fw/CMakeFiles/fw.dir/D4XX_FW_Image.c.o[0m
[12.992s] [  0%] [32mBuilding CXX object third-party/rsutils/CMakeFiles/rsutils.dir/src/configure-elpp-logger.cpp.o[0m
[13.212s] [  0%] [34m[1mPerforming download step (git clone) for 'libcurl'[0m
[13.236s] [  0%] [32m[1mLinking C static library ../../Release/libfw.a[0m
[13.364s] Cloning into 'libcurl'...
[14.073s] [  0%] Built target fw
[14.128s] [  0%] [32mBuilding CXX object third-party/rsutils/CMakeFiles/rsutils.dir/src/control-c-handler.cpp.o[0m
[16.408s] [  0%] [32mBuilding CXX object third-party/realsense-file/CMakeFiles/realsense-file.dir/rosbag/cpp_common/src/debug.cpp.o[0m
[20.337s] [  0%] [32mBuilding CXX object third-party/realsense-file/CMakeFiles/realsense-file.dir/rosbag/cpp_common/src/header.cpp.o[0m
[21.261s] [  0%] [32mBuilding CXX object third-party/realsense-file/CMakeFiles/realsense-file.dir/rosbag/rosbag_storage/src/bag.cpp.o[0m
[23.441s] [  1%] [32mBuilding CXX object third-party/rsutils/CMakeFiles/rsutils.dir/src/crc32.cpp.o[0m
[23.760s] [  1%] [32mBuilding CXX object third-party/rsutils/CMakeFiles/rsutils.dir/src/dispatcher.cpp.o[0m
[25.719s] [  2%] [32mBuilding CXX object third-party/realsense-file/CMakeFiles/realsense-file.dir/rosbag/rosbag_storage/src/bag_player.cpp.o[0m
[40.082s] [  2%] [32mBuilding CXX object third-party/realsense-file/CMakeFiles/realsense-file.dir/rosbag/rosbag_storage/src/buffer.cpp.o[0m
[40.340s] [  2%] [32mBuilding CXX object third-party/realsense-file/CMakeFiles/realsense-file.dir/rosbag/rosbag_storage/src/chunked_file.cpp.o[0m
[42.909s] [  2%] [32mBuilding CXX object third-party/realsense-file/CMakeFiles/realsense-file.dir/rosbag/rosbag_storage/src/lz4_stream.cpp.o[0m
[44.791s] [  2%] [32mBuilding CXX object third-party/realsense-file/CMakeFiles/realsense-file.dir/rosbag/rosbag_storage/src/message_instance.cpp.o[0m
[46.194s] [  2%] [32mBuilding CXX object third-party/rsutils/CMakeFiles/rsutils.dir/src/ensure-console.cpp.o[0m
[46.363s] [  2%] [32mBuilding CXX object third-party/rsutils/CMakeFiles/rsutils.dir/src/eth-config.cpp.o[0m
[47.232s] [  3%] [32mBuilding CXX object third-party/realsense-file/CMakeFiles/realsense-file.dir/rosbag/rosbag_storage/src/query.cpp.o[0m
[48.883s] [  3%] [32mBuilding CXX object third-party/rsutils/CMakeFiles/rsutils.dir/src/executable-name.cpp.o[0m
[48.938s] [  4%] [32mBuilding C object tools/embed/CMakeFiles/rs-embed.dir/__/__/third-party/realsense-file/lz4/lz4.c.o[0m
[49.997s] [  5%] [32mBuilding CXX object third-party/rsutils/CMakeFiles/rsutils.dir/src/float3.cpp.o[0m
[50.196s] [  5%] [32mBuilding CXX object third-party/realsense-file/CMakeFiles/realsense-file.dir/rosbag/rosbag_storage/src/uncompressed_stream.cpp.o[0m
[51.876s] [  5%] [32mBuilding CXX object third-party/realsense-file/CMakeFiles/realsense-file.dir/rosbag/rosbag_storage/src/stream.cpp.o[0m
[53.264s] [  5%] [32mBuilding CXX object third-party/realsense-file/CMakeFiles/realsense-file.dir/rosbag/rosbag_storage/src/view.cpp.o[0m
[56.714s] [  5%] [32mBuilding CXX object third-party/realsense-file/CMakeFiles/realsense-file.dir/rosbag/roscpp_serialization/src/serialization.cpp.o[0m
[56.803s] [  5%] [32mBuilding CXX object third-party/rsutils/CMakeFiles/rsutils.dir/src/from.cpp.o[0m
[57.626s] [  5%] [32mBuilding CXX object third-party/rsutils/CMakeFiles/rsutils.dir/src/fourcc.cpp.o[0m
[58.394s] [  5%] [32mBuilding CXX object third-party/rsutils/CMakeFiles/rsutils.dir/src/hexarray.cpp.o[0m
[58.406s] [  5%] [32mBuilding C object third-party/realsense-file/CMakeFiles/realsense-file.dir/rosbag/roslz4/src/xxhash.c.o[0m
[58.620s] [  5%] [32mBuilding CXX object third-party/realsense-file/CMakeFiles/realsense-file.dir/rosbag/rostime/src/duration.cpp.o[0m
[60.190s] [  6%] [32mBuilding C object third-party/realsense-file/CMakeFiles/realsense-file.dir/rosbag/roslz4/src/lz4s.c.o[0m
[61.382s] [  6%] [32m[1mLinking CXX executable ../../Release/rs-embed[0m
[61.652s] [  6%] [32mBuilding CXX object third-party/realsense-file/CMakeFiles/realsense-file.dir/rosbag/rostime/src/rate.cpp.o[0m
[61.825s] [  6%] Built target rs-embed
[62.432s] HEAD is now at fd567d4f06 RELEASE-NOTES: synced
[62.578s] [  6%] [34m[1mNo update step for 'libcurl'[0m
[62.638s] [  6%] [34m[1mNo patch step for 'libcurl'[0m
[62.664s] [  6%] [32mBuilding CXX object third-party/realsense-file/CMakeFiles/realsense-file.dir/rosbag/rostime/src/time.cpp.o[0m
[62.701s] [  7%] [34m[1mPerforming configure step for 'libcurl'[0m
[62.724s] -- Using CMake version 3.22.1
[62.848s] [  8%] [32mBuilding CXX object third-party/rsutils/CMakeFiles/rsutils.dir/src/ip-address.cpp.o[0m
[62.857s] -- The C compiler identification is GNU 11.4.0
[62.892s] -- Detecting C compiler ABI info
[63.055s] -- Detecting C compiler ABI info - done
[63.082s] -- Check for working C compiler: /usr/bin/cc - skipped
[63.084s] -- Detecting C compile features
[63.086s] -- Detecting C compile features - done
[63.088s] -- curl version=[8.8.0-DEV]
[63.091s] -- Performing Test OPT_Wdouble_promotion
[63.240s] -- Performing Test OPT_Wdouble_promotion - Success
[63.241s] -- Performing Test OPT_Wenum_conversion
[63.411s] -- Performing Test OPT_Wenum_conversion - Success
[63.413s] -- Performing Test OPT_Wpragmas
[63.563s] -- Performing Test OPT_Wpragmas - Success
[63.566s] -- Performing Test OPT_Wunused_const_variable
[63.719s] -- Performing Test OPT_Wunused_const_variable - Success
[63.720s] -- Picky compiler options: -W -Wall -pedantic -Wbad-function-cast -Wconversion -Winline -Wmissing-declarations -Wmissing-prototypes -Wnested-externs -Wno-long-long -Wno-multichar -Wpointer-arith -Wshadow -Wsign-compare -Wundef -Wunused -Wwrite-strings -Waddress -Wattributes -Wcast-align -Wdeclaration-after-statement -Wdiv-by-zero -Wempty-body -Wendif-labels -Wfloat-equal -Wformat-security -Wignored-qualifiers -Wmissing-field-initializers -Wmissing-noreturn -Wno-format-nonliteral -Wno-system-headers -Wold-style-definition -Wredundant-decls -Wsign-conversion -Wno-error=sign-conversion -Wstrict-prototypes -Wtype-limits -Wunreachable-code -Wunused-parameter -Wvla -Wclobbered -Wmissing-parameter-type -Wold-style-declaration -Wstrict-aliasing=3 -Wtrampolines -Wformat=2 -Warray-bounds=2 -ftree-vrp -Wduplicated-cond -Wnull-dereference -fdelete-null-pointer-checks -Wshift-negative-value -Wshift-overflow=2 -Walloc-zero -Wduplicated-branches -Wformat-overflow=2 -Wformat-truncation=2 -Wimplicit-fallthrough -Wrestrict -Warith-conversion -Wdouble-promotion -Wenum-conversion -Wpragmas -Wunused-const-variable
[63.725s] -- Performing Test HAVE_SOCKADDR_IN6_SIN6_ADDR
[63.895s] -- Performing Test HAVE_SOCKADDR_IN6_SIN6_ADDR - Success
[63.896s] -- Performing Test HAVE_SOCKADDR_IN6_SIN6_SCOPE_ID
[64.057s] -- Performing Test HAVE_SOCKADDR_IN6_SIN6_SCOPE_ID - Success
[64.152s] -- Found Perl: /usr/bin/perl (found version "5.34.0") 
[64.162s] -- Looking for pthread.h
[64.352s] -- Looking for pthread.h - found
[64.353s] -- Performing Test CMAKE_HAVE_LIBC_PTHREAD
[64.367s] [  8%] [32mBuilding C object third-party/realsense-file/CMakeFiles/realsense-file.dir/lz4/lz4.c.o[0m
[64.523s] -- Performing Test CMAKE_HAVE_LIBC_PTHREAD - Success
[64.524s] -- Found Threads: TRUE  
[64.525s] -- Looking for connect in socket
[64.662s] -- Looking for connect in socket - not found
[64.662s] -- Looking for gethostname
[64.824s] -- Looking for gethostname - found
[64.975s] -- Found OpenSSL: /usr/lib/aarch64-linux-gnu/libcrypto.so (found version "3.0.2")  
[64.978s] -- Looking for OPENSSL_IS_BORINGSSL
[65.041s] -- Looking for OPENSSL_IS_BORINGSSL - not found
[65.042s] -- Looking for OPENSSL_IS_AWSLC
[65.106s] -- Looking for OPENSSL_IS_AWSLC - not found
[65.108s] -- Looking for SSL_set0_wbio
[65.521s] -- Looking for SSL_set0_wbio - found
[65.522s] -- Looking for SSL_CTX_set_srp_username
[65.891s] -- Looking for SSL_CTX_set_srp_username - found
[65.891s] -- Looking for idn2_lookup_ul in idn2
[66.022s] -- Looking for idn2_lookup_ul in idn2 - not found
[66.023s] -- Performing Test USE_UNIX_SOCKETS
[66.179s] -- Performing Test USE_UNIX_SOCKETS - Success
[66.182s] -- Found CA bundle: /etc/ssl/certs/ca-certificates.crt
[66.184s] -- Looking for include file sys/filio.h
[66.252s] -- Looking for include file sys/filio.h - not found
[66.253s] -- Looking for include file sys/wait.h
[66.415s] -- Looking for include file sys/wait.h - found
[66.415s] -- Looking for include files sys/wait.h, sys/ioctl.h
[66.571s] -- Looking for include files sys/wait.h, sys/ioctl.h - found
[66.571s] -- Looking for 3 include files sys/wait.h, ..., sys/param.h
[66.792s] -- Looking for 3 include files sys/wait.h, ..., sys/param.h - found
[66.793s] -- Looking for 4 include files sys/wait.h, ..., sys/poll.h
[66.957s] -- Looking for 4 include files sys/wait.h, ..., sys/poll.h - found
[66.958s] -- Looking for 5 include files sys/wait.h, ..., sys/resource.h
[67.126s] -- Looking for 5 include files sys/wait.h, ..., sys/resource.h - found
[67.127s] -- Looking for 6 include files sys/wait.h, ..., sys/select.h
[67.139s] [  8%] [32mBuilding CXX object third-party/rsutils/CMakeFiles/rsutils.dir/src/json.cpp.o[0m
[67.285s] -- Looking for 6 include files sys/wait.h, ..., sys/select.h - found
[67.285s] -- Looking for 7 include files sys/wait.h, ..., sys/socket.h
[67.458s] -- Looking for 7 include files sys/wait.h, ..., sys/socket.h - found
[67.459s] -- Looking for 8 include files sys/wait.h, ..., sys/sockio.h
[67.541s] -- Looking for 8 include files sys/wait.h, ..., sys/sockio.h - not found
[67.542s] -- Looking for 8 include files sys/wait.h, ..., sys/stat.h
[67.713s] -- Looking for 8 include files sys/wait.h, ..., sys/stat.h - found
[67.714s] -- Looking for 9 include files sys/wait.h, ..., sys/time.h
[67.879s] -- Looking for 9 include files sys/wait.h, ..., sys/time.h - found
[67.880s] -- Looking for 10 include files sys/wait.h, ..., sys/types.h
[68.043s] -- Looking for 10 include files sys/wait.h, ..., sys/types.h - found
[68.044s] -- Looking for 11 include files sys/wait.h, ..., sys/un.h
[68.212s] -- Looking for 11 include files sys/wait.h, ..., sys/un.h - found
[68.213s] -- Looking for 12 include files sys/wait.h, ..., sys/utime.h
[68.295s] -- Looking for 12 include files sys/wait.h, ..., sys/utime.h - not found
[68.296s] -- Looking for 12 include files sys/wait.h, ..., sys/xattr.h
[68.466s] -- Looking for 12 include files sys/wait.h, ..., sys/xattr.h - found
[68.467s] -- Looking for 13 include files sys/wait.h, ..., arpa/inet.h
[68.645s] -- Looking for 13 include files sys/wait.h, ..., arpa/inet.h - found
[68.645s] -- Looking for 14 include files sys/wait.h, ..., dirent.h
[68.825s] -- Looking for 14 include files sys/wait.h, ..., dirent.h - found
[68.826s] -- Looking for 15 include files sys/wait.h, ..., fcntl.h
[68.998s] -- Looking for 15 include files sys/wait.h, ..., fcntl.h - found
[68.999s] -- Looking for 16 include files sys/wait.h, ..., ifaddrs.h
[69.177s] -- Looking for 16 include files sys/wait.h, ..., ifaddrs.h - found
[69.178s] -- Looking for 17 include files sys/wait.h, ..., io.h
[69.264s] -- Looking for 17 include files sys/wait.h, ..., io.h - not found
[69.265s] -- Looking for 17 include files sys/wait.h, ..., libgen.h
[69.445s] -- Looking for 17 include files sys/wait.h, ..., libgen.h - found
[69.446s] -- Looking for 18 include files sys/wait.h, ..., locale.h
[69.621s] -- Looking for 18 include files sys/wait.h, ..., locale.h - found
[69.621s] -- Looking for 19 include files sys/wait.h, ..., net/if.h
[69.804s] -- Looking for 19 include files sys/wait.h, ..., net/if.h - found
[69.804s] -- Looking for 20 include files sys/wait.h, ..., netdb.h
[69.975s] -- Looking for 20 include files sys/wait.h, ..., netdb.h - found
[69.976s] -- Looking for 21 include files sys/wait.h, ..., netinet/in.h
[70.152s] -- Looking for 21 include files sys/wait.h, ..., netinet/in.h - found
[70.153s] -- Looking for 22 include files sys/wait.h, ..., netinet/tcp.h
[70.334s] -- Looking for 22 include files sys/wait.h, ..., netinet/tcp.h - found
[70.334s] -- Looking for 23 include files sys/wait.h, ..., netinet/udp.h
[70.512s] -- Looking for 23 include files sys/wait.h, ..., netinet/udp.h - found
[70.516s] -- Looking for linux/tcp.h
[70.671s] -- Looking for linux/tcp.h - found
[70.672s] -- Looking for 24 include files sys/wait.h, ..., poll.h
[70.850s] -- Looking for 24 include files sys/wait.h, ..., poll.h - found
[70.850s] -- Looking for 25 include files sys/wait.h, ..., pwd.h
[71.028s] -- Looking for 25 include files sys/wait.h, ..., pwd.h - found
[71.029s] -- Looking for 26 include files sys/wait.h, ..., stdatomic.h
[71.204s] -- Looking for 26 include files sys/wait.h, ..., stdatomic.h - found
[71.205s] -- Looking for 27 include files sys/wait.h, ..., stdbool.h
[71.382s] -- Looking for 27 include files sys/wait.h, ..., stdbool.h - found
[71.383s] -- Looking for 28 include files sys/wait.h, ..., strings.h
[71.561s] -- Looking for 28 include files sys/wait.h, ..., strings.h - found
[71.562s] -- Looking for 29 include files sys/wait.h, ..., stropts.h
[71.654s] -- Looking for 29 include files sys/wait.h, ..., stropts.h - not found
[71.655s] -- Looking for 29 include files sys/wait.h, ..., termio.h
[71.841s] -- Looking for 29 include files sys/wait.h, ..., termio.h - found
[71.842s] -- Looking for 30 include files sys/wait.h, ..., termios.h
[72.017s] -- Looking for 30 include files sys/wait.h, ..., termios.h - found
[72.020s] -- Looking for 31 include files sys/wait.h, ..., unistd.h
[72.200s] -- Looking for 31 include files sys/wait.h, ..., unistd.h - found
[72.201s] -- Looking for 32 include files sys/wait.h, ..., utime.h
[72.382s] -- Looking for 32 include files sys/wait.h, ..., utime.h - found
[72.383s] -- Looking for stdint.h
[72.544s] -- Looking for stdint.h - found
[72.544s] -- Looking for stddef.h
[72.680s] -- Looking for stddef.h - found
[72.681s] -- Check size of size_t
[72.839s] -- Check size of size_t - done
[72.839s] -- Check size of ssize_t
[72.915s] [  9%] [32m[1mLinking CXX static library ../../Release/librealsense-file.a[0m
[72.993s] -- Check size of ssize_t - done
[72.993s] -- Check size of long long
[73.158s] -- Check size of long long - done
[73.158s] -- Check size of long
[73.232s] [  9%] Built target realsense-file
[73.315s] -- Check size of long - done
[73.315s] -- Check size of int
[73.467s] -- Check size of int - done
[73.467s] -- Check size of __int64
[73.537s] -- Check size of __int64 - failed
[73.537s] -- Check size of time_t
[73.685s] -- Check size of time_t - done
[73.685s] -- Check size of suseconds_t
[73.835s] -- Check size of suseconds_t - done
[73.837s] -- Looking for fnmatch
[74.015s] -- Looking for fnmatch - found
[74.016s] -- Looking for basename
[74.188s] -- Looking for basename - found
[74.189s] -- Looking for opendir
[74.367s] -- Looking for opendir - found
[74.368s] -- Looking for socket
[74.555s] -- Looking for socket - found
[74.556s] -- Looking for sched_yield
[74.737s] -- Looking for sched_yield - found
[74.738s] -- Looking for socketpair
[74.917s] -- Looking for socketpair - found
[74.918s] -- Looking for recv
[75.098s] -- Looking for recv - found
[75.099s] -- Looking for send
[75.281s] -- Looking for send - found
[75.282s] -- Looking for sendmsg
[75.462s] -- Looking for sendmsg - found
[75.462s] -- Looking for select
[75.644s] -- Looking for select - found
[75.645s] -- Looking for strdup
[75.824s] -- Looking for strdup - found
[75.825s] -- Looking for strtok_r
[76.007s] -- Looking for strtok_r - found
[76.008s] -- Looking for strcasecmp
[76.196s] -- Looking for strcasecmp - found
[76.197s] -- Looking for stricmp
[76.355s] -- Looking for stricmp - not found
[76.356s] -- Looking for strcmpi
[76.455s] -- Looking for strcmpi - not found
[76.456s] -- Looking for memrchr
[76.554s] -- Looking for memrchr - not found
[76.556s] -- Looking for alarm
[76.747s] -- Looking for alarm - found
[76.748s] -- Looking for arc4random
[76.851s] -- Looking for arc4random - not found
[76.852s] -- Looking for fcntl
[77.031s] -- Looking for fcntl - found
[77.032s] -- Looking for getppid
[77.217s] -- Looking for getppid - found
[77.218s] -- Looking for utimes
[77.432s] -- Looking for utimes - found
[77.433s] -- Looking for gettimeofday
[77.635s] -- Looking for gettimeofday - found
[77.636s] -- Looking for closesocket
[77.780s] -- Looking for closesocket - not found
[77.781s] -- Looking for sigsetjmp
[78.009s] -- Looking for sigsetjmp - found
[78.010s] -- Looking for getpass_r
[78.113s] -- Looking for getpass_r - not found
[78.114s] -- Looking for getpwuid
[78.382s] -- Looking for getpwuid - found
[78.384s] -- Looking for getpwuid_r
[78.576s] -- Looking for getpwuid_r - found
[78.577s] -- Looking for geteuid
[78.812s] -- Looking for geteuid - found
[78.813s] -- Looking for utime
[79.017s] -- Looking for utime - found
[79.018s] -- Looking for gmtime_r
[79.035s] [  9%] [32mBuilding CXX object third-party/rsutils/CMakeFiles/rsutils.dir/src/os.cpp.o[0m
[79.210s] -- Looking for gmtime_r - found
[79.211s] -- Looking for gethostbyname_r
[79.397s] -- Looking for gethostbyname_r - found
[79.398s] -- Looking for signal
[79.480s] [  9%] [32mBuilding CXX object third-party/rsutils/CMakeFiles/rsutils.dir/src/rsutilgpu.cpp.o[0m
[79.577s] -- Looking for signal - found
[79.578s] -- Looking for strtoll
[79.763s] -- Looking for strtoll - found
[79.764s] -- Looking for strerror_r
[79.950s] -- Looking for strerror_r - found
[79.952s] -- Looking for sigaction
[80.110s] -- Looking for sigaction - found
[80.111s] -- Looking for siginterrupt
[80.297s] -- Looking for siginterrupt - found
[80.298s] -- Looking for getaddrinfo
[80.486s] -- Looking for getaddrinfo - found
[80.487s] -- Looking for getifaddrs
[80.698s] -- Looking for getifaddrs - found
[80.700s] -- Looking for freeaddrinfo
[80.892s] -- Looking for freeaddrinfo - found
[80.893s] -- Looking for pipe
[81.086s] -- Looking for pipe - found
[81.087s] -- Looking for ftruncate
[81.268s] -- Looking for ftruncate - found
[81.269s] -- Looking for _fseeki64
[81.373s] -- Looking for _fseeki64 - not found
[81.374s] -- Looking for getpeername
[81.438s] [ 10%] [32mBuilding CXX object third-party/rsutils/CMakeFiles/rsutils.dir/src/shorten-json-string.cpp.o[0m
[81.555s] -- Looking for getpeername - found
[81.556s] -- Looking for getsockname
[81.737s] -- Looking for getsockname - found
[81.737s] -- Looking for if_nametoindex
[81.921s] -- Looking for if_nametoindex - found
[81.922s] -- Looking for getrlimit
[82.105s] -- Looking for getrlimit - found
[82.106s] -- Looking for setlocale
[82.137s] [ 10%] [32mBuilding CXX object third-party/rsutils/CMakeFiles/rsutils.dir/src/special-folder.cpp.o[0m
[82.288s] -- Looking for setlocale - found
[82.289s] -- Looking for setmode
[82.383s] -- Looking for setmode - not found
[82.385s] -- Looking for setrlimit
[82.569s] -- Looking for setrlimit - found
[82.569s] -- Looking for snprintf
[82.721s] -- Looking for snprintf - found
[82.721s] -- Looking for mach_absolute_time
[82.876s] -- Looking for mach_absolute_time - not found
[82.877s] -- Looking for inet_ntop
[83.071s] -- Looking for inet_ntop - found
[83.072s] -- Looking for inet_pton
[83.262s] -- Looking for inet_pton - found
[83.265s] -- Looking for fsetxattr
[83.449s] -- Looking for fsetxattr - found
[83.449s] -- Performing Test HAVE_FSETXATTR_5
[83.610s] -- Performing Test HAVE_FSETXATTR_5 - Success
[83.611s] -- Performing Test HAVE_FSETXATTR_6
[83.685s] -- Performing Test HAVE_FSETXATTR_6 - Failed
[83.686s] -- Check size of sa_family_t
[83.856s] -- Check size of sa_family_t - done
[83.856s] -- Performing Test HAVE_FCNTL_O_NONBLOCK
[84.022s] -- Performing Test HAVE_FCNTL_O_NONBLOCK - Success
[84.022s] -- Performing Test HAVE_IOCTLSOCKET
[84.084s] -- Performing Test HAVE_IOCTLSOCKET - Failed
[84.084s] -- Performing Test HAVE_IOCTLSOCKET_CAMEL
[84.177s] [ 10%] [32mBuilding CXX object third-party/rsutils/CMakeFiles/rsutils.dir/src/version.cpp.o[0m
[84.238s] -- Performing Test HAVE_IOCTLSOCKET_CAMEL - Failed
[84.238s] -- Performing Test HAVE_IOCTLSOCKET_CAMEL_FIONBIO
[84.307s] -- Performing Test HAVE_IOCTLSOCKET_CAMEL_FIONBIO - Failed
[84.307s] -- Performing Test HAVE_IOCTLSOCKET_FIONBIO
[84.386s] -- Performing Test HAVE_IOCTLSOCKET_FIONBIO - Failed
[84.386s] -- Performing Test HAVE_IOCTL_FIONBIO
[84.556s] -- Performing Test HAVE_IOCTL_FIONBIO - Success
[84.557s] -- Performing Test HAVE_IOCTL_SIOCGIFADDR
[84.719s] -- Performing Test HAVE_IOCTL_SIOCGIFADDR - Success
[84.719s] -- Performing Test HAVE_SETSOCKOPT_SO_NONBLOCK
[84.790s] -- Performing Test HAVE_SETSOCKOPT_SO_NONBLOCK - Failed
[84.790s] -- Performing Test HAVE_O_NONBLOCK
[84.900s] [ 10%] [32mBuilding CXX object third-party/rsutils/CMakeFiles/rsutils.dir/src/word-format.cpp.o[0m
[84.941s] -- Performing Test HAVE_O_NONBLOCK - Failed
[84.941s] -- Performing Test HAVE_GETHOSTBYNAME_R_3
[85.013s] -- Performing Test HAVE_GETHOSTBYNAME_R_3 - Failed
[85.014s] -- Performing Test HAVE_GETHOSTBYNAME_R_5
[85.087s] -- Performing Test HAVE_GETHOSTBYNAME_R_5 - Failed
[85.087s] -- Performing Test HAVE_GETHOSTBYNAME_R_6
[85.257s] -- Performing Test HAVE_GETHOSTBYNAME_R_6 - Success
[85.258s] -- Performing Test HAVE_GETHOSTBYNAME_R_3_REENTRANT
[85.346s] -- Performing Test HAVE_GETHOSTBYNAME_R_3_REENTRANT - Failed
[85.346s] -- Performing Test HAVE_GETHOSTBYNAME_R_5_REENTRANT
[85.426s] -- Performing Test HAVE_GETHOSTBYNAME_R_5_REENTRANT - Failed
[85.426s] -- Performing Test HAVE_GETHOSTBYNAME_R_6_REENTRANT
[85.583s] -- Performing Test HAVE_GETHOSTBYNAME_R_6_REENTRANT - Success
[85.584s] -- Performing Test HAVE_IN_ADDR_T
[85.629s] [ 10%] [32mBuilding CXX object third-party/rsutils/CMakeFiles/rsutils.dir/src/work-week.cpp.o[0m
[85.739s] -- Performing Test HAVE_IN_ADDR_T - Success
[85.739s] -- Performing Test HAVE_BOOL_T
[85.891s] -- Performing Test HAVE_BOOL_T - Success
[85.892s] -- Performing Test STDC_HEADERS
[86.051s] -- Performing Test STDC_HEADERS - Success
[86.051s] -- Performing Test HAVE_FILE_OFFSET_BITS
[86.219s] -- Performing Test HAVE_FILE_OFFSET_BITS - Success
[86.220s] -- Performing Test HAVE_ATOMIC
[86.378s] -- Performing Test HAVE_ATOMIC - Success
[86.378s] -- Check size of off_t
[86.401s] [ 10%] [32mBuilding CXX object third-party/rsutils/CMakeFiles/rsutils.dir/src/network-adapter-watcher.cpp.o[0m
[86.537s] -- Check size of off_t - done
[86.538s] -- Looking for fseeko
[86.866s] -- Looking for fseeko - found
[86.867s] -- Check size of curl_off_t
[87.080s] -- Check size of curl_off_t - done
[87.081s] -- Check size of curl_socket_t
[87.304s] -- Check size of curl_socket_t - done
[87.309s] -- Performing Test HAVE_WRITABLE_ARGV
[87.512s] -- Performing Test HAVE_WRITABLE_ARGV - Success
[87.516s] -- Performing Test HAVE_GLIBC_STRERROR_R
[87.599s] -- Performing Test HAVE_GLIBC_STRERROR_R - Failed
[87.600s] -- Performing Test HAVE_POSIX_STRERROR_R
[87.813s] -- Performing Test HAVE_POSIX_STRERROR_R - Success
[87.816s] -- Performing Test HAVE_CLOCK_GETTIME_MONOTONIC
[88.018s] -- Performing Test HAVE_CLOCK_GETTIME_MONOTONIC - Success
[88.019s] -- Performing Test HAVE_BUILTIN_AVAILABLE
[88.115s] -- Performing Test HAVE_BUILTIN_AVAILABLE - Failed
[88.120s] -- Check size of struct sockaddr_storage
[88.355s] -- Check size of struct sockaddr_storage - done
[88.357s] -- Performing Test HAVE_MSG_NOSIGNAL
[88.620s] -- Performing Test HAVE_MSG_NOSIGNAL - Success
[88.621s] -- Performing Test HAVE_STRUCT_TIMEVAL
[88.845s] -- Performing Test HAVE_STRUCT_TIMEVAL - Success
[88.846s] -- Performing Test HAVE_POLL_FINE
[89.532s] -- Performing Test HAVE_POLL_FINE - Success
[89.532s] -- Performing Test HAVE_H_ERRNO
[89.693s] -- Performing Test HAVE_H_ERRNO - Success
[89.693s] -- Performing Test HAVE_CLOCK_GETTIME_MONOTONIC_RAW
[89.857s] -- Performing Test HAVE_CLOCK_GETTIME_MONOTONIC_RAW - Success
[89.871s] -- Enabled features: SSL IPv6 UnixSockets AsynchDNS Largefile alt-svc HSTS NTLM TLS-SRP HTTPS-proxy threadsafe
[89.871s] -- Enabled protocols: HTTP HTTPS IPFS IPNS
[89.871s] -- Enabled SSL backends: OpenSSL
[89.878s] -- Configuring done
[89.929s] -- Generating done
[89.930s] [33mCMake Warning:
[89.930s]   Manually-specified variables were not used by the project:
[89.930s] 
[89.930s]     ANDROID_ABI
[89.931s]     ANDROID_STL
[89.931s]     CMAKE_CXX_FLAGS
[89.931s]     CMAKE_CXX_STANDARD_LIBRARIES
[89.931s]     CURL_DISABLE_CRYPTO_AUTH
[89.931s] 
[89.931s] [0m
[89.932s] -- Build files have been written to: /home/dcubot/DCUBOT/build/librealsense2/libcurl/src/libcurl-build
[89.978s] [ 10%] [34m[1mPerforming build step for 'libcurl'[0m
[90.076s] [  0%] [32mBuilding C object lib/CMakeFiles/libcurl_static.dir/altsvc.c.o[0m
[90.516s] [  0%] [32mBuilding C object lib/CMakeFiles/libcurl_static.dir/asyn-ares.c.o[0m
[90.543s] [ 10%] [32mBuilding CXX object third-party/rsutils/CMakeFiles/rsutils.dir/src/ios.cpp.o[0m
[90.612s] [  0%] [32mBuilding C object lib/CMakeFiles/libcurl_static.dir/base64.c.o[0m
[90.824s] [  1%] [32mBuilding C object lib/CMakeFiles/libcurl_static.dir/bufq.c.o[0m
[91.202s] [ 10%] [32mBuilding CXX object third-party/rsutils/CMakeFiles/rsutils.dir/src/hexdump.cpp.o[0m
[91.278s] [  1%] [32mBuilding C object lib/CMakeFiles/libcurl_static.dir/c-hyper.c.o[0m
[91.382s] [  2%] [32mBuilding C object lib/CMakeFiles/libcurl_static.dir/cf-h1-proxy.c.o[0m
[91.895s] [  2%] [32mBuilding C object lib/CMakeFiles/libcurl_static.dir/cf-h2-proxy.c.o[0m
[91.998s] [  3%] [32mBuilding C object lib/CMakeFiles/libcurl_static.dir/cf-haproxy.c.o[0m
[92.219s] [  4%] [32mBuilding C object lib/CMakeFiles/libcurl_static.dir/cf-https-connect.c.o[0m
[92.417s] [ 11%] [32m[1mLinking CXX static library ../../Release/librsutils.a[0m
[92.613s] [ 11%] Built target rsutils
[92.625s] [  4%] [32mBuilding C object lib/CMakeFiles/libcurl_static.dir/cf-socket.c.o[0m
[93.417s] [  4%] [32mBuilding C object lib/CMakeFiles/libcurl_static.dir/conncache.c.o[0m
[93.749s] [  5%] [32mBuilding C object lib/CMakeFiles/libcurl_static.dir/cfilters.c.o[0m
[94.379s] [  6%] [32mBuilding C object lib/CMakeFiles/libcurl_static.dir/connect.c.o[0m
[95.056s] [  7%] [32mBuilding C object lib/CMakeFiles/libcurl_static.dir/content_encoding.c.o[0m
[95.275s] [  7%] [32mBuilding C object lib/CMakeFiles/libcurl_static.dir/cookie.c.o[0m
[96.005s] [  8%] [32mBuilding C object lib/CMakeFiles/libcurl_static.dir/curl_addrinfo.c.o[0m
[96.235s] [  8%] [32mBuilding C object lib/CMakeFiles/libcurl_static.dir/curl_des.c.o[0m
[96.363s] [  9%] [32mBuilding C object lib/CMakeFiles/libcurl_static.dir/curl_endian.c.o[0m
[96.477s] [  9%] [32mBuilding C object lib/CMakeFiles/libcurl_static.dir/curl_fnmatch.c.o[0m
[96.597s] [ 10%] [32mBuilding C object lib/CMakeFiles/libcurl_static.dir/curl_get_line.c.o[0m
[96.732s] [ 11%] [32mBuilding C object lib/CMakeFiles/libcurl_static.dir/curl_gethostname.c.o[0m
[97.312s] [ 11%] [32mBuilding C object lib/CMakeFiles/libcurl_static.dir/curl_gssapi.c.o[0m
[97.509s] [ 12%] [32mBuilding C object lib/CMakeFiles/libcurl_static.dir/curl_memrchr.c.o[0m
[97.636s] [ 12%] [32mBuilding C object lib/CMakeFiles/libcurl_static.dir/curl_multibyte.c.o[0m
[97.730s] [ 13%] [32mBuilding C object lib/CMakeFiles/libcurl_static.dir/curl_ntlm_core.c.o[0m
[98.123s] [ 14%] [32mBuilding C object lib/CMakeFiles/libcurl_static.dir/curl_path.c.o[0m
[98.214s] [ 14%] [32mBuilding C object lib/CMakeFiles/libcurl_static.dir/curl_range.c.o[0m
[98.339s] [ 15%] [32mBuilding C object lib/CMakeFiles/libcurl_static.dir/curl_rtmp.c.o[0m
[98.433s] [ 15%] [32mBuilding C object lib/CMakeFiles/libcurl_static.dir/curl_sasl.c.o[0m
[98.526s] [ 16%] [32mBuilding C object lib/CMakeFiles/libcurl_static.dir/curl_sha512_256.c.o[0m
[98.719s] [ 17%] [32mBuilding C object lib/CMakeFiles/libcurl_static.dir/curl_sspi.c.o[0m
[98.812s] [ 17%] [32mBuilding C object lib/CMakeFiles/libcurl_static.dir/curl_threads.c.o[0m
[98.956s] [ 18%] [32mBuilding C object lib/CMakeFiles/libcurl_static.dir/curl_trc.c.o[0m
[99.232s] [ 18%] [32mBuilding C object lib/CMakeFiles/libcurl_static.dir/cw-out.c.o[0m
[99.532s] [ 19%] [32mBuilding C object lib/CMakeFiles/libcurl_static.dir/dict.c.o[0m
[99.626s] [ 19%] [32mBuilding C object lib/CMakeFiles/libcurl_static.dir/doh.c.o[0m
[100.313s] [ 20%] [32mBuilding C object lib/CMakeFiles/libcurl_static.dir/dynbuf.c.o[0m
[100.521s] [ 21%] [32mBuilding C object lib/CMakeFiles/libcurl_static.dir/dynhds.c.o[0m
[100.801s] [ 21%] [32mBuilding C object lib/CMakeFiles/libcurl_static.dir/easy.c.o[0m
[101.240s] [ 22%] [32mBuilding C object lib/CMakeFiles/libcurl_static.dir/easygetopt.c.o[0m
[101.384s] [ 22%] [32mBuilding C object lib/CMakeFiles/libcurl_static.dir/easyoptions.c.o[0m
[101.508s] [ 23%] [32mBuilding C object lib/CMakeFiles/libcurl_static.dir/escape.c.o[0m
[101.732s] [ 24%] [32mBuilding C object lib/CMakeFiles/libcurl_static.dir/file.c.o[0m
[101.825s] [ 24%] [32mBuilding C object lib/CMakeFiles/libcurl_static.dir/fileinfo.c.o[0m
[101.918s] [ 25%] [32mBuilding C object lib/CMakeFiles/libcurl_static.dir/fopen.c.o[0m
[102.089s] [ 25%] [32mBuilding C object lib/CMakeFiles/libcurl_static.dir/formdata.c.o[0m
[102.545s] [ 26%] [32mBuilding C object lib/CMakeFiles/libcurl_static.dir/ftp.c.o[0m
[102.650s] [ 27%] [32mBuilding C object lib/CMakeFiles/libcurl_static.dir/ftplistparser.c.o[0m
[102.745s] [ 27%] [32mBuilding C object lib/CMakeFiles/libcurl_static.dir/getenv.c.o[0m
[102.865s] [ 28%] [32mBuilding C object lib/CMakeFiles/libcurl_static.dir/getinfo.c.o[0m
[103.131s] [ 28%] [32mBuilding C object lib/CMakeFiles/libcurl_static.dir/gopher.c.o[0m
[103.239s] [ 29%] [32mBuilding C object lib/CMakeFiles/libcurl_static.dir/hash.c.o[0m
[103.499s] [ 29%] [32mBuilding C object lib/CMakeFiles/libcurl_static.dir/headers.c.o[0m
[103.818s] [ 30%] [32mBuilding C object lib/CMakeFiles/libcurl_static.dir/hmac.c.o[0m
[103.993s] [ 31%] [32mBuilding C object lib/CMakeFiles/libcurl_static.dir/hostasyn.c.o[0m
[104.177s] [ 31%] [32mBuilding C object lib/CMakeFiles/libcurl_static.dir/hostip.c.o[0m
[104.863s] [ 32%] [32mBuilding C object lib/CMakeFiles/libcurl_static.dir/hostip4.c.o[0m
[104.966s] [ 32%] [32mBuilding C object lib/CMakeFiles/libcurl_static.dir/hostip6.c.o[0m
[105.111s] [ 33%] [32mBuilding C object lib/CMakeFiles/libcurl_static.dir/hostsyn.c.o[0m
[105.208s] [ 34%] [32mBuilding C object lib/CMakeFiles/libcurl_static.dir/hsts.c.o[0m
[105.548s] [ 34%] [32mBuilding C object lib/CMakeFiles/libcurl_static.dir/http.c.o[0m
[106.571s] [ 35%] [32mBuilding C object lib/CMakeFiles/libcurl_static.dir/http1.c.o[0m
[106.808s] [ 36%] [32mBuilding C object lib/CMakeFiles/libcurl_static.dir/bufref.c.o[0m
[106.970s] [ 36%] [32mBuilding C object lib/CMakeFiles/libcurl_static.dir/http2.c.o[0m
[107.099s] [ 37%] [32mBuilding C object lib/CMakeFiles/libcurl_static.dir/http_aws_sigv4.c.o[0m
[107.263s] [ 38%] [32mBuilding C object lib/CMakeFiles/libcurl_static.dir/http_chunks.c.o[0m
[107.700s] [ 38%] [32mBuilding C object lib/CMakeFiles/libcurl_static.dir/http_digest.c.o[0m
[107.722s] [ 39%] [32mBuilding C object lib/CMakeFiles/libcurl_static.dir/asyn-thread.c.o[0m
[107.736s] [ 40%] [32mBuilding C object lib/CMakeFiles/libcurl_static.dir/http_negotiate.c.o[0m
[107.909s] [ 40%] [32mBuilding C object lib/CMakeFiles/libcurl_static.dir/http_ntlm.c.o[0m
[107.920s] [ 41%] [32mBuilding C object lib/CMakeFiles/libcurl_static.dir/http_proxy.c.o[0m
[108.188s] [ 41%] [32mBuilding C object lib/CMakeFiles/libcurl_static.dir/idn.c.o[0m
[108.271s] [ 42%] [32mBuilding C object lib/CMakeFiles/libcurl_static.dir/if2ip.c.o[0m
[108.352s] [ 43%] [32mBuilding C object lib/CMakeFiles/libcurl_static.dir/imap.c.o[0m
[108.384s] [ 43%] [32mBuilding C object lib/CMakeFiles/libcurl_static.dir/inet_ntop.c.o[0m
[108.546s] [ 44%] [32mBuilding C object lib/CMakeFiles/libcurl_static.dir/inet_pton.c.o[0m
[108.555s] [ 45%] [32mBuilding C object lib/CMakeFiles/libcurl_static.dir/amigaos.c.o[0m
[108.570s] [ 46%] [32mBuilding C object lib/CMakeFiles/libcurl_static.dir/ldap.c.o[0m
[108.763s] [ 46%] [32mBuilding C object lib/CMakeFiles/libcurl_static.dir/macos.c.o[0m
[108.772s] [ 47%] [32mBuilding C object lib/CMakeFiles/libcurl_static.dir/llist.c.o[0m
[108.789s] [ 48%] [32mBuilding C object lib/CMakeFiles/libcurl_static.dir/md4.c.o[0m
[108.904s] [ 48%] [32mBuilding C object lib/CMakeFiles/libcurl_static.dir/md5.c.o[0m
[109.057s] [ 49%] [32mBuilding C object lib/CMakeFiles/libcurl_static.dir/memdebug.c.o[0m
[109.280s] [ 50%] [32mBuilding C object lib/CMakeFiles/libcurl_static.dir/mime.c.o[0m
[109.300s] [ 50%] [32mBuilding C object lib/CMakeFiles/libcurl_static.dir/mprintf.c.o[0m
[109.318s] [ 51%] [32mBuilding C object lib/CMakeFiles/libcurl_static.dir/mqtt.c.o[0m
[109.377s] [ 51%] [32mBuilding C object lib/CMakeFiles/libcurl_static.dir/krb5.c.o[0m
[109.604s] [ 51%] [32mBuilding C object lib/CMakeFiles/libcurl_static.dir/multi.c.o[0m
[109.707s] [ 52%] [32mBuilding C object lib/CMakeFiles/libcurl_static.dir/netrc.c.o[0m
[110.277s] [ 52%] [32mBuilding C object lib/CMakeFiles/libcurl_static.dir/nonblock.c.o[0m
[110.620s] [ 53%] [32mBuilding C object lib/CMakeFiles/libcurl_static.dir/noproxy.c.o[0m
[110.632s] [ 54%] [32mBuilding C object lib/CMakeFiles/libcurl_static.dir/openldap.c.o[0m
[110.920s] [ 54%] [32mBuilding C object lib/CMakeFiles/libcurl_static.dir/parsedate.c.o[0m
[111.210s] [ 55%] [32mBuilding C object lib/CMakeFiles/libcurl_static.dir/pingpong.c.o[0m
[111.296s] [ 55%] [32mBuilding C object lib/CMakeFiles/libcurl_static.dir/pop3.c.o[0m
[113.101s] [ 56%] [32mBuilding C object lib/CMakeFiles/libcurl_static.dir/rename.c.o[0m
[113.417s] [ 56%] [32mBuilding C object lib/CMakeFiles/libcurl_static.dir/request.c.o[0m
[113.963s] [ 57%] [32mBuilding C object lib/CMakeFiles/libcurl_static.dir/rtsp.c.o[0m
[114.148s] [ 58%] [32mBuilding C object lib/CMakeFiles/libcurl_static.dir/select.c.o[0m
[114.724s] [ 58%] [32mBuilding C object lib/CMakeFiles/libcurl_static.dir/sendf.c.o[0m
[116.187s] [ 59%] [32mBuilding C object lib/CMakeFiles/libcurl_static.dir/setopt.c.o[0m
[118.658s] [ 59%] [32mBuilding C object lib/CMakeFiles/libcurl_static.dir/sha256.c.o[0m
[118.869s] [ 60%] [32mBuilding C object lib/CMakeFiles/libcurl_static.dir/share.c.o[0m
[119.100s] [ 60%] [32mBuilding C object lib/CMakeFiles/libcurl_static.dir/slist.c.o[0m
[119.272s] [ 61%] [32mBuilding C object lib/CMakeFiles/libcurl_static.dir/smb.c.o[0m
[119.415s] [ 62%] [32mBuilding C object lib/CMakeFiles/libcurl_static.dir/smtp.c.o[0m
[119.541s] [ 62%] [32mBuilding C object lib/CMakeFiles/libcurl_static.dir/socketpair.c.o[0m
[119.738s] [ 63%] [32mBuilding C object lib/CMakeFiles/libcurl_static.dir/socks.c.o[0m
[120.387s] [ 63%] [32mBuilding C object lib/CMakeFiles/libcurl_static.dir/socks_gssapi.c.o[0m
[120.498s] [ 64%] [32mBuilding C object lib/CMakeFiles/libcurl_static.dir/socks_sspi.c.o[0m
[120.602s] [ 65%] [32mBuilding C object lib/CMakeFiles/libcurl_static.dir/speedcheck.c.o[0m
[120.890s] [ 65%] [32mBuilding C object lib/CMakeFiles/libcurl_static.dir/splay.c.o[0m
[121.105s] [ 66%] [32mBuilding C object lib/CMakeFiles/libcurl_static.dir/strcase.c.o[0m
[121.306s] [ 66%] [32mBuilding C object lib/CMakeFiles/libcurl_static.dir/strdup.c.o[0m
[121.454s] [ 67%] [32mBuilding C object lib/CMakeFiles/libcurl_static.dir/strerror.c.o[0m
[121.662s] [ 68%] [32mBuilding C object lib/CMakeFiles/libcurl_static.dir/strtok.c.o[0m
[121.776s] [ 68%] [32mBuilding C object lib/CMakeFiles/libcurl_static.dir/strtoofft.c.o[0m
[121.894s] [ 69%] [32mBuilding C object lib/CMakeFiles/libcurl_static.dir/system_win32.c.o[0m
[121.993s] [ 69%] [32mBuilding C object lib/CMakeFiles/libcurl_static.dir/telnet.c.o[0m
[122.091s] [ 70%] [32mBuilding C object lib/CMakeFiles/libcurl_static.dir/tftp.c.o[0m
[122.208s] [ 70%] [32mBuilding C object lib/CMakeFiles/libcurl_static.dir/timediff.c.o[0m
[122.342s] [ 71%] [32mBuilding C object lib/CMakeFiles/libcurl_static.dir/timeval.c.o[0m
[122.500s] [ 72%] [32mBuilding C object lib/CMakeFiles/libcurl_static.dir/transfer.c.o[0m
[123.048s] [ 72%] [32mBuilding C object lib/CMakeFiles/libcurl_static.dir/url.c.o[0m
[124.757s] [ 73%] [32mBuilding C object lib/CMakeFiles/libcurl_static.dir/urlapi.c.o[0m
[125.663s] [ 73%] [32mBuilding C object lib/CMakeFiles/libcurl_static.dir/version.c.o[0m
[125.838s] [ 74%] [32mBuilding C object lib/CMakeFiles/libcurl_static.dir/version_win32.c.o[0m
[125.937s] [ 75%] [32mBuilding C object lib/CMakeFiles/libcurl_static.dir/warnless.c.o[0m
[126.062s] [ 75%] [32mBuilding C object lib/CMakeFiles/libcurl_static.dir/ws.c.o[0m
[126.185s] [ 76%] [32mBuilding C object lib/CMakeFiles/libcurl_static.dir/vauth/cleartext.c.o[0m
[126.279s] [ 76%] [32mBuilding C object lib/CMakeFiles/libcurl_static.dir/vauth/cram.c.o[0m
[126.458s] [ 77%] [32mBuilding C object lib/CMakeFiles/libcurl_static.dir/vauth/digest.c.o[0m
[126.923s] [ 78%] [32mBuilding C object lib/CMakeFiles/libcurl_static.dir/vauth/digest_sspi.c.o[0m
[127.070s] [ 78%] [32mBuilding C object lib/CMakeFiles/libcurl_static.dir/vauth/gsasl.c.o[0m
[127.163s] [ 79%] [32mBuilding C object lib/CMakeFiles/libcurl_static.dir/vauth/krb5_gssapi.c.o[0m
[127.258s] [ 79%] [32mBuilding C object lib/CMakeFiles/libcurl_static.dir/vauth/krb5_sspi.c.o[0m
[127.355s] [ 80%] [32mBuilding C object lib/CMakeFiles/libcurl_static.dir/vauth/ntlm.c.o[0m
[127.820s] [ 80%] [32mBuilding C object lib/CMakeFiles/libcurl_static.dir/vauth/ntlm_sspi.c.o[0m
[127.918s] [ 81%] [32mBuilding C object lib/CMakeFiles/libcurl_static.dir/vauth/oauth2.c.o[0m
[128.016s] [ 82%] [32mBuilding C object lib/CMakeFiles/libcurl_static.dir/vauth/spnego_gssapi.c.o[0m
[128.110s] [ 82%] [32mBuilding C object lib/CMakeFiles/libcurl_static.dir/vauth/spnego_sspi.c.o[0m
[128.202s] [ 83%] [32mBuilding C object lib/CMakeFiles/libcurl_static.dir/vauth/vauth.c.o[0m
[128.356s] [ 83%] [32mBuilding C object lib/CMakeFiles/libcurl_static.dir/vtls/bearssl.c.o[0m
[128.452s] [ 84%] [32mBuilding C object lib/CMakeFiles/libcurl_static.dir/vtls/cipher_suite.c.o[0m
[128.548s] [ 85%] [32mBuilding C object lib/CMakeFiles/libcurl_static.dir/vtls/gtls.c.o[0m
[128.645s] [ 85%] [32mBuilding C object lib/CMakeFiles/libcurl_static.dir/vtls/hostcheck.c.o[0m
[128.790s] [ 86%] [32mBuilding C object lib/CMakeFiles/libcurl_static.dir/vtls/keylog.c.o[0m
[128.958s] [ 86%] [32mBuilding C object lib/CMakeFiles/libcurl_static.dir/vtls/mbedtls.c.o[0m
[129.050s] [ 87%] [32mBuilding C object lib/CMakeFiles/libcurl_static.dir/vtls/mbedtls_threadlock.c.o[0m
[129.145s] [ 88%] [32mBuilding C object lib/CMakeFiles/libcurl_static.dir/vtls/openssl.c.o[0m
[130.686s] [ 88%] [32mBuilding C object lib/CMakeFiles/libcurl_static.dir/vtls/rustls.c.o[0m
[130.777s] [ 89%] [32mBuilding C object lib/CMakeFiles/libcurl_static.dir/vtls/schannel.c.o[0m
[130.871s] [ 89%] [32mBuilding C object lib/CMakeFiles/libcurl_static.dir/vtls/schannel_verify.c.o[0m
[130.964s] [ 90%] [32mBuilding C object lib/CMakeFiles/libcurl_static.dir/vtls/sectransp.c.o[0m
[131.089s] [ 90%] [32mBuilding C object lib/CMakeFiles/libcurl_static.dir/vtls/vtls.c.o[0m
[132.109s] [ 91%] [32mBuilding C object lib/CMakeFiles/libcurl_static.dir/vtls/wolfssl.c.o[0m
[132.212s] [ 91%] [32mBuilding C object lib/CMakeFiles/libcurl_static.dir/rand.c.o[0m
[132.225s] [ 92%] [32mBuilding C object lib/CMakeFiles/libcurl_static.dir/vtls/x509asn1.c.o[0m
[132.330s] [ 92%] [32mBuilding C object lib/CMakeFiles/libcurl_static.dir/vquic/curl_msh3.c.o[0m
[132.432s] [ 93%] [32mBuilding C object lib/CMakeFiles/libcurl_static.dir/vquic/curl_ngtcp2.c.o[0m
[132.444s] [ 93%] [32mBuilding C object lib/CMakeFiles/libcurl_static.dir/vquic/curl_osslq.c.o[0m
[132.539s] [ 94%] [32mBuilding C object lib/CMakeFiles/libcurl_static.dir/vquic/curl_quiche.c.o[0m
[132.544s] [ 95%] [32mBuilding C object lib/CMakeFiles/libcurl_static.dir/vquic/vquic.c.o[0m
[132.642s] [ 95%] [32mBuilding C object lib/CMakeFiles/libcurl_static.dir/vquic/vquic-tls.c.o[0m
[132.693s] [ 96%] [32mBuilding C object lib/CMakeFiles/libcurl_static.dir/vssh/libssh.c.o[0m
[132.742s] [ 96%] [32mBuilding C object lib/CMakeFiles/libcurl_static.dir/vssh/libssh2.c.o[0m
[132.798s] [ 97%] [32mBuilding C object lib/CMakeFiles/libcurl_static.dir/vssh/wolfssh.c.o[0m
[132.844s] [ 98%] [32mBuilding C object lib/CMakeFiles/libcurl_static.dir/psl.c.o[0m
[132.898s] [ 99%] [32mBuilding C object lib/CMakeFiles/libcurl_static.dir/progress.c.o[0m
[133.254s] [100%] [32m[1mLinking C static library libcurl.a[0m
[133.749s] [100%] Built target libcurl_static
[133.822s] [ 11%] [34m[1mPerforming install step for 'libcurl'[0m
[133.942s] [35m[1mConsolidate compiler generated dependencies of target libcurl_static[0m
[134.127s] [100%] Built target libcurl_static
[134.172s] [36mInstall the project...[0m
[134.192s] -- Install configuration: "Release"
[134.193s] -- Installing: /home/dcubot/DCUBOT/build/librealsense2/libcurl/libcurl_install/lib/libcurl.a
[134.197s] -- Installing: /home/dcubot/DCUBOT/build/librealsense2/libcurl/libcurl_install/bin/mk-ca-bundle.pl
[134.198s] -- Installing: /home/dcubot/DCUBOT/build/librealsense2/libcurl/libcurl_install/bin/curl-config
[134.199s] -- Installing: /home/dcubot/DCUBOT/build/librealsense2/libcurl/libcurl_install/lib/pkgconfig/libcurl.pc
[134.200s] -- Installing: /home/dcubot/DCUBOT/build/librealsense2/libcurl/libcurl_install/include/curl
[134.201s] -- Installing: /home/dcubot/DCUBOT/build/librealsense2/libcurl/libcurl_install/include/curl/multi.h
[134.201s] -- Installing: /home/dcubot/DCUBOT/build/librealsense2/libcurl/libcurl_install/include/curl/easy.h
[134.201s] -- Installing: /home/dcubot/DCUBOT/build/librealsense2/libcurl/libcurl_install/include/curl/system.h
[134.204s] -- Installing: /home/dcubot/DCUBOT/build/librealsense2/libcurl/libcurl_install/include/curl/mprintf.h
[134.204s] -- Installing: /home/dcubot/DCUBOT/build/librealsense2/libcurl/libcurl_install/include/curl/stdcheaders.h
[134.204s] -- Installing: /home/dcubot/DCUBOT/build/librealsense2/libcurl/libcurl_install/include/curl/curlver.h
[134.204s] -- Installing: /home/dcubot/DCUBOT/build/librealsense2/libcurl/libcurl_install/include/curl/curl.h
[134.204s] -- Installing: /home/dcubot/DCUBOT/build/librealsense2/libcurl/libcurl_install/include/curl/header.h
[134.205s] -- Installing: /home/dcubot/DCUBOT/build/librealsense2/libcurl/libcurl_install/include/curl/options.h
[134.205s] -- Installing: /home/dcubot/DCUBOT/build/librealsense2/libcurl/libcurl_install/include/curl/typecheck-gcc.h
[134.205s] -- Installing: /home/dcubot/DCUBOT/build/librealsense2/libcurl/libcurl_install/include/curl/websockets.h
[134.206s] -- Installing: /home/dcubot/DCUBOT/build/librealsense2/libcurl/libcurl_install/include/curl/urlapi.h
[134.206s] -- Installing: /home/dcubot/DCUBOT/build/librealsense2/libcurl/libcurl_install/lib/cmake/CURL/CURLTargets.cmake
[134.206s] -- Installing: /home/dcubot/DCUBOT/build/librealsense2/libcurl/libcurl_install/lib/cmake/CURL/CURLTargets-release.cmake
[134.206s] -- Installing: /home/dcubot/DCUBOT/build/librealsense2/libcurl/libcurl_install/lib/cmake/CURL/CURLConfigVersion.cmake
[134.206s] -- Installing: /home/dcubot/DCUBOT/build/librealsense2/libcurl/libcurl_install/lib/cmake/CURL/CURLConfig.cmake
[134.249s] [ 12%] [34m[1mNo test step for 'libcurl'[0m
[134.310s] [ 12%] [34m[1mCompleted 'libcurl'[0m
[134.389s] [ 12%] Built target libcurl
[134.466s] [ 13%] [32mBuilding CXX object CMakeFiles/realsense2.dir/src/core/notification.cpp.o[0m
[134.467s] [ 13%] [32mBuilding CXX object CMakeFiles/realsense2.dir/src/core/matcher-factory.cpp.o[0m
[135.537s] [ 13%] [32mBuilding CXX object CMakeFiles/realsense2.dir/src/ds/d400/d400-options.cpp.o[0m
[141.775s] [ 13%] [32mBuilding CXX object CMakeFiles/realsense2.dir/src/ds/d400/d400-motion.cpp.o[0m
[142.807s] [ 14%] [32mBuilding CXX object CMakeFiles/realsense2.dir/src/ds/d400/d400-private.cpp.o[0m
[143.833s] [ 14%] [32mBuilding CXX object CMakeFiles/realsense2.dir/src/core/options-watcher.cpp.o[0m
[144.861s] [ 14%] [32mBuilding CXX object CMakeFiles/realsense2.dir/src/core/options-registry.cpp.o[0m
[145.913s] [ 14%] [32mBuilding CXX object CMakeFiles/realsense2.dir/src/core/options-container.cpp.o[0m
[147.970s] [ 14%] [32mBuilding CXX object CMakeFiles/realsense2.dir/src/ds/d400/d400-nonmonochrome.cpp.o[0m
[148.645s] [ 14%] [32mBuilding CXX object CMakeFiles/realsense2.dir/src/ds/d400/d400-device.cpp.o[0m
[150.203s] [ 14%] [32mBuilding CXX object CMakeFiles/realsense2.dir/src/ds/d400/d400-color.cpp.o[0m
[156.890s] [ 14%] [32mBuilding CXX object CMakeFiles/realsense2.dir/src/ds/d400/d400-factory.cpp.o[0m
[159.204s] [ 14%] [32mBuilding CXX object CMakeFiles/realsense2.dir/src/ds/d400/d400-fw-update-device.cpp.o[0m
[161.261s] [ 15%] [32mBuilding CXX object CMakeFiles/realsense2.dir/src/ds/d400/d400-active.cpp.o[0m
[181.922s] [ 16%] [32mBuilding CXX object CMakeFiles/realsense2.dir/src/ds/d500/d500-color.cpp.o[0m
[182.945s] [ 16%] [32mBuilding CXX object CMakeFiles/realsense2.dir/src/ds/d500/d500-device.cpp.o[0m
[183.967s] [ 16%] [32mBuilding CXX object CMakeFiles/realsense2.dir/src/ds/d400/d400-mipi-device.cpp.o[0m
[184.898s] [ 16%] [32mBuilding CXX object CMakeFiles/realsense2.dir/src/ds/d400/d400-auto-calibration.cpp.o[0m
[185.931s] [ 16%] [32mBuilding CXX object CMakeFiles/realsense2.dir/src/ds/d500/d500-motion.cpp.o[0m
[190.900s] [ 16%] [32mBuilding CXX object CMakeFiles/realsense2.dir/src/ds/d500/d500-active.cpp.o[0m
[197.440s] [ 16%] [32mBuilding CXX object CMakeFiles/realsense2.dir/src/ds/d500/d500-private.cpp.o[0m
[197.979s] [ 16%] [32mBuilding CXX object CMakeFiles/realsense2.dir/src/ds/d500/d500-factory.cpp.o[0m
[199.213s] [ 17%] [32mBuilding CXX object CMakeFiles/realsense2.dir/src/ds/d500/d500-safety.cpp.o[0m
[200.491s] [ 17%] [32mBuilding CXX object CMakeFiles/realsense2.dir/src/ds/d500/d500-depth-mapping.cpp.o[0m
[203.638s] [ 17%] [32mBuilding CXX object CMakeFiles/realsense2.dir/src/ds/d500/hw_monitor_extended_buffers.cpp.o[0m
[211.653s] [ 18%] [32mBuilding CXX object CMakeFiles/realsense2.dir/src/ds/d500/d500-auto-calibration.cpp.o[0m
[212.674s] [ 18%] [32mBuilding CXX object CMakeFiles/realsense2.dir/src/ds/d500/d500-fw-update-device.cpp.o[0m
[213.725s] [ 18%] [32mBuilding CXX object CMakeFiles/realsense2.dir/src/ds/d500/d500-options.cpp.o[0m
[213.887s] [ 18%] [32mBuilding CXX object CMakeFiles/realsense2.dir/src/ds/d500/d500-debug-protocol-calibration-engine.cpp.o[0m
[221.714s] [ 18%] [32mBuilding CXX object CMakeFiles/realsense2.dir/src/ds/ds-device-common.cpp.o[0m
[224.808s] [ 18%] [32mBuilding CXX object CMakeFiles/realsense2.dir/src/ds/ds-motion-common.cpp.o[0m
[227.296s] [ 18%] [32mBuilding CXX object CMakeFiles/realsense2.dir/src/ds/ds-color-common.cpp.o[0m
[228.022s] [ 18%] [32mBuilding CXX object CMakeFiles/realsense2.dir/src/ds/ds-active-common.cpp.o[0m
[234.526s] [ 19%] [32mBuilding CXX object CMakeFiles/realsense2.dir/src/ds/ds-private.cpp.o[0m
[235.480s] [ 19%] [32mBuilding CXX object CMakeFiles/realsense2.dir/src/ds/ds-timestamp.cpp.o[0m
[237.788s] [ 19%] [32mBuilding CXX object CMakeFiles/realsense2.dir/src/ds/ds-options.cpp.o[0m
[239.872s] [ 19%] [32mBuilding CXX object CMakeFiles/realsense2.dir/src/ds/advanced_mode/rs_advanced_mode.cpp.o[0m
[241.152s] [ 19%] [32mBuilding CXX object CMakeFiles/realsense2.dir/src/ds/advanced_mode/presets.cpp.o[0m
[242.505s] [ 20%] [32mBuilding CXX object CMakeFiles/realsense2.dir/src/ds/advanced_mode/advanced_mode.cpp.o[0m
[242.656s] [ 20%] [32mBuilding CXX object CMakeFiles/realsense2.dir/src/ds/ds-calib-parsers.cpp.o[0m
[245.324s] [ 20%] [32mBuilding CXX object CMakeFiles/realsense2.dir/src/ds/ds-calib-common.cpp.o[0m
[245.991s] [ 20%] [32mBuilding CXX object CMakeFiles/realsense2.dir/src/ds/ds-thermal-monitor.cpp.o[0m
[249.831s] [ 20%] [32mBuilding CXX object CMakeFiles/realsense2.dir/src/ds/features/amplitude-factor-feature.cpp.o[0m
[250.139s] [ 21%] [32mBuilding CXX object CMakeFiles/realsense2.dir/src/ds/features/emitter-frequency-feature.cpp.o[0m
[250.372s] [ 21%] [32mBuilding CXX object CMakeFiles/realsense2.dir/src/ds/features/auto-exposure-roi-feature.cpp.o[0m
[253.237s] [ 21%] [32mBuilding CXX object CMakeFiles/realsense2.dir/src/ds/features/remove-ir-pattern-feature.cpp.o[0m
[253.827s] [ 21%] [32mBuilding CXX object CMakeFiles/realsense2.dir/src/ds/features/auto-exposure-limit-feature.cpp.o[0m
[253.920s] [ 21%] [32mBuilding CXX object CMakeFiles/realsense2.dir/src/ds/features/gain-limit-feature.cpp.o[0m
[257.352s] [ 21%] [32mBuilding CXX object CMakeFiles/realsense2.dir/src/ds/features/gyro-sensitivity-feature.cpp.o[0m
[258.131s] [ 22%] [32mBuilding CXX object CMakeFiles/realsense2.dir/src/media/record/record_device.cpp.o[0m
[258.886s] [ 22%] [32mBuilding CXX object CMakeFiles/realsense2.dir/src/media/record/record_sensor.cpp.o[0m
[263.515s] [ 22%] [32mBuilding CXX object CMakeFiles/realsense2.dir/src/media/playback/playback_device.cpp.o[0m
[264.225s] [ 22%] [32mBuilding CXX object CMakeFiles/realsense2.dir/src/media/playback/playback_sensor.cpp.o[0m
[267.578s] [ 22%] [32mBuilding CXX object CMakeFiles/realsense2.dir/src/media/ros/ros_reader.cpp.o[0m
[267.855s] [ 23%] [32mBuilding CXX object CMakeFiles/realsense2.dir/src/media/ros/ros_writer.cpp.o[0m
[271.583s] [ 23%] [32mBuilding CXX object CMakeFiles/realsense2.dir/src/proc/sse/sse-align.cpp.o[0m
[271.638s] [ 23%] [32mBuilding CXX object CMakeFiles/realsense2.dir/src/proc/sse/sse-pointcloud.cpp.o[0m
[274.259s] [ 23%] [32mBuilding CXX object CMakeFiles/realsense2.dir/src/proc/neon/image-neon.cpp.o[0m
[277.725s] [ 23%] [32mBuilding CXX object CMakeFiles/realsense2.dir/src/proc/neon/neon-pointcloud.cpp.o[0m
[278.559s] [ 23%] [32mBuilding CXX object CMakeFiles/realsense2.dir/src/proc/neon/neon-align.cpp.o[0m
[297.351s] [ 23%] [32mBuilding CXX object CMakeFiles/realsense2.dir/src/proc/occlusion-filter.cpp.o[0m
[298.373s] [ 23%] [32mBuilding CXX object CMakeFiles/realsense2.dir/src/proc/pointcloud.cpp.o[0m
[299.394s] [ 23%] [32mBuilding CXX object CMakeFiles/realsense2.dir/src/proc/colorizer.cpp.o[0m
[300.417s] [ 23%] [32mBuilding CXX object CMakeFiles/realsense2.dir/src/proc/align.cpp.o[0m
[301.441s] [ 24%] [32mBuilding CXX object CMakeFiles/realsense2.dir/src/proc/processing-blocks-factory.cpp.o[0m
[301.917s] [ 25%] [32mBuilding CXX object CMakeFiles/realsense2.dir/src/proc/synthetic-stream.cpp.o[0m
[316.827s] [ 26%] [32mBuilding CXX object CMakeFiles/realsense2.dir/src/proc/temporal-filter.cpp.o[0m
[317.779s] [ 26%] [32mBuilding CXX object CMakeFiles/realsense2.dir/src/proc/spatial-filter.cpp.o[0m
[318.800s] [ 26%] [32mBuilding CXX object CMakeFiles/realsense2.dir/src/proc/hdr-merge.cpp.o[0m
[319.822s] [ 26%] [32mBuilding CXX object CMakeFiles/realsense2.dir/src/proc/rotation-filter.cpp.o[0m
[320.843s] [ 26%] [32mBuilding CXX object CMakeFiles/realsense2.dir/src/proc/decimation-filter.cpp.o[0m
[327.230s] [ 26%] [32mBuilding CXX object CMakeFiles/realsense2.dir/src/proc/disparity-transform.cpp.o[0m
[327.495s] [ 26%] [32mBuilding CXX object CMakeFiles/realsense2.dir/src/proc/hole-filling-filter.cpp.o[0m
[328.518s] [ 26%] [32mBuilding CXX object CMakeFiles/realsense2.dir/src/proc/y8i-to-y8y8.cpp.o[0m
[329.541s] [ 26%] [32mBuilding CXX object CMakeFiles/realsense2.dir/src/proc/sequence-id-filter.cpp.o[0m
[329.707s] [ 26%] [32mBuilding CXX object CMakeFiles/realsense2.dir/src/proc/syncer-processing-block.cpp.o[0m
[330.735s] [ 27%] [32mBuilding CXX object CMakeFiles/realsense2.dir/src/proc/y8i-to-y8y8-mipi.cpp.o[0m
[333.995s] [ 27%] [32mBuilding CXX object CMakeFiles/realsense2.dir/src/proc/y12i-to-y16y16.cpp.o[0m
[335.595s] [ 27%] [32mBuilding CXX object CMakeFiles/realsense2.dir/src/proc/y12i-to-y16y16-mipi.cpp.o[0m
[341.478s] [ 27%] [32mBuilding CXX object CMakeFiles/realsense2.dir/src/proc/rates-printer.cpp.o[0m
[346.899s] [ 27%] [32mBuilding CXX object CMakeFiles/realsense2.dir/src/proc/units-transform.cpp.o[0m
[346.899s] [ 27%] [32mBuilding CXX object CMakeFiles/realsense2.dir/src/proc/threshold.cpp.o[0m
[347.922s] [ 27%] [32mBuilding CXX object CMakeFiles/realsense2.dir/src/proc/rotation-transform.cpp.o[0m
[348.945s] [ 28%] [32mBuilding CXX object CMakeFiles/realsense2.dir/src/proc/identity-processing-block.cpp.o[0m
[349.970s] [ 28%] [32mBuilding CXX object CMakeFiles/realsense2.dir/src/proc/y16-10msb-to-y16.cpp.o[0m
[350.994s] [ 28%] [32mBuilding CXX object CMakeFiles/realsense2.dir/src/proc/y16i-10msb-to-y16y16.cpp.o[0m
[353.419s] [ 28%] [32mBuilding CXX object CMakeFiles/realsense2.dir/src/proc/color-formats-converter.cpp.o[0m
[353.991s] [ 29%] [32mBuilding CXX object CMakeFiles/realsense2.dir/src/proc/depth-formats-converter.cpp.o[0m
[355.080s] [ 29%] [32mBuilding CXX object CMakeFiles/realsense2.dir/src/proc/motion-transform.cpp.o[0m
[356.376s] [ 29%] [32mBuilding CXX object CMakeFiles/realsense2.dir/src/proc/auto-exposure-processor.cpp.o[0m
[357.501s] [ 29%] [32mBuilding CXX object CMakeFiles/realsense2.dir/src/proc/y411-converter.cpp.o[0m
[358.304s] [ 29%] [32mBuilding CXX object CMakeFiles/realsense2.dir/src/proc/formats-converter.cpp.o[0m
[361.469s] [ 30%] [32mBuilding CXX object CMakeFiles/realsense2.dir/src/proc/decimation-embedded-filter.cpp.o[0m
[362.682s] [ 30%] [32mBuilding CXX object CMakeFiles/realsense2.dir/src/proc/temporal-embedded-filter.cpp.o[0m
[364.851s] [ 30%] [32mBuilding CXX object CMakeFiles/realsense2.dir/src/pipeline/pipeline.cpp.o[0m
[365.827s] [ 30%] [32mBuilding CXX object CMakeFiles/realsense2.dir/src/pipeline/config.cpp.o[0m
[366.652s] [ 30%] [32mBuilding CXX object CMakeFiles/realsense2.dir/src/pipeline/profile.cpp.o[0m
[369.158s] [ 31%] [32mBuilding CXX object CMakeFiles/realsense2.dir/src/pipeline/aggregator.cpp.o[0m
[369.203s] [ 31%] [32mBuilding CXX object CMakeFiles/realsense2.dir/src/fw-logs/fw-log-data.cpp.o[0m
[370.409s] [ 31%] [32mBuilding CXX object CMakeFiles/realsense2.dir/src/fw-logs/fw-logs-formatting-options.cpp.o[0m
[372.256s] [ 31%] [32mBuilding CXX object CMakeFiles/realsense2.dir/src/fw-logs/fw-logs-parser.cpp.o[0m
[373.220s] [ 31%] [32mBuilding CXX object CMakeFiles/realsense2.dir/src/fw-logs/fw-logs-xml-helper.cpp.o[0m
[376.814s] [ 31%] [32mBuilding CXX object CMakeFiles/realsense2.dir/src/fw-logs/fw-string-formatter.cpp.o[0m
[378.824s] [ 32%] [32mBuilding CXX object CMakeFiles/realsense2.dir/src/fw-update/fw-update-device.cpp.o[0m
[379.393s] [ 32%] [32mBuilding CXX object CMakeFiles/realsense2.dir/src/fw-update/fw-update-factory.cpp.o[0m
[379.555s] [ 32%] [32mBuilding CXX object CMakeFiles/realsense2.dir/src/fw-update/fw-update-unsigned.cpp.o[0m
[382.476s] [ 32%] [32mBuilding CXX object CMakeFiles/realsense2.dir/src/libusb/context-libusb.cpp.o[0m
[383.462s] [ 32%] [32mBuilding CXX object CMakeFiles/realsense2.dir/src/libusb/interface-libusb.cpp.o[0m
[386.121s] [ 33%] [32mBuilding CXX object CMakeFiles/realsense2.dir/src/libusb/device-libusb.cpp.o[0m
[386.140s] [ 33%] [32mBuilding CXX object CMakeFiles/realsense2.dir/src/libusb/messenger-libusb.cpp.o[0m
[392.822s] [ 34%] [32mBuilding CXX object CMakeFiles/realsense2.dir/src/linux/udev-device-watcher.cpp.o[0m
[396.844s] [ 34%] [32mBuilding CXX object CMakeFiles/realsense2.dir/src/algo.cpp.o[0m
[397.866s] [ 34%] [32mBuilding CXX object CMakeFiles/realsense2.dir/src/linux/backend-hid.cpp.o[0m
[398.889s] [ 34%] [32mBuilding CXX object CMakeFiles/realsense2.dir/src/linux/backend-v4l2.cpp.o[0m
[399.070s] [ 34%] [32mBuilding CXX object CMakeFiles/realsense2.dir/src/libusb/enumerator-libusb.cpp.o[0m
[400.093s] [ 34%] [32mBuilding CXX object CMakeFiles/realsense2.dir/src/archive.cpp.o[0m
[401.132s] [ 34%] [32mBuilding CXX object CMakeFiles/realsense2.dir/src/libusb/request-libusb.cpp.o[0m
[403.610s] [ 34%] [32mBuilding CXX object CMakeFiles/realsense2.dir/src/backend.cpp.o[0m
[404.023s] [ 34%] [32mBuilding CXX object CMakeFiles/realsense2.dir/src/backend-device-factory.cpp.o[0m
[405.985s] [ 35%] [32mBuilding CXX object CMakeFiles/realsense2.dir/src/context.cpp.o[0m
[406.487s] [ 35%] [32mBuilding CXX object CMakeFiles/realsense2.dir/src/device.cpp.o[0m
[409.497s] [ 35%] [32mBuilding CXX object CMakeFiles/realsense2.dir/src/device-info.cpp.o[0m
[410.237s] [ 35%] [32mBuilding CXX object CMakeFiles/realsense2.dir/src/device_hub.cpp.o[0m
[411.755s] [ 35%] [32mBuilding CXX object CMakeFiles/realsense2.dir/src/environment.cpp.o[0m
[414.778s] [ 36%] [32mBuilding CXX object CMakeFiles/realsense2.dir/src/error-handling.cpp.o[0m
[416.177s] [ 36%] [32mBuilding CXX object CMakeFiles/realsense2.dir/src/firmware_logger_device.cpp.o[0m
[422.352s] [ 36%] [32mBuilding CXX object CMakeFiles/realsense2.dir/src/hw-monitor.cpp.o[0m
[422.353s] [ 36%] [32mBuilding CXX object CMakeFiles/realsense2.dir/src/image.cpp.o[0m
[423.375s] [ 36%] [32mBuilding CXX object CMakeFiles/realsense2.dir/src/hdr-config.cpp.o[0m
[423.608s] [ 36%] [32mBuilding CXX object CMakeFiles/realsense2.dir/src/global_timestamp_reader.cpp.o[0m
[424.640s] [ 37%] [32mBuilding CXX object CMakeFiles/realsense2.dir/src/image-avx.cpp.o[0m
[425.024s] [ 37%] [32mBuilding CXX object CMakeFiles/realsense2.dir/src/log.cpp.o[0m
[426.002s] [ 37%] [32mBuilding CXX object CMakeFiles/realsense2.dir/src/option.cpp.o[0m
[427.706s] [ 37%] [32mBuilding CXX object CMakeFiles/realsense2.dir/src/platform-camera.cpp.o[0m
[429.145s] [ 37%] [32mBuilding CXX object CMakeFiles/realsense2.dir/src/rs.cpp.o[0m
[429.738s] [ 38%] [32mBuilding CXX object CMakeFiles/realsense2.dir/src/sensor.cpp.o[0m
[429.912s] [ 38%] [32mBuilding CXX object CMakeFiles/realsense2.dir/src/hid-sensor.cpp.o[0m
[433.544s] [ 38%] [32mBuilding CXX object CMakeFiles/realsense2.dir/src/uvc-sensor.cpp.o[0m
[435.002s] [ 38%] [32mBuilding CXX object CMakeFiles/realsense2.dir/src/rscore-pp-block-factory.cpp.o[0m
[442.192s] [ 38%] [32mBuilding CXX object CMakeFiles/realsense2.dir/src/software-device.cpp.o[0m
[442.257s] [ 39%] [32mBuilding CXX object CMakeFiles/realsense2.dir/src/software-device-info.cpp.o[0m
[443.212s] [ 39%] [32mBuilding CXX object CMakeFiles/realsense2.dir/src/software-sensor.cpp.o[0m
[445.078s] [ 39%] [32mBuilding CXX object CMakeFiles/realsense2.dir/src/source.cpp.o[0m
[447.230s] [ 39%] [32mBuilding CXX object CMakeFiles/realsense2.dir/src/stream.cpp.o[0m
[448.209s] [ 39%] [32mBuilding CXX object CMakeFiles/realsense2.dir/src/sync.cpp.o[0m
[448.451s] [ 39%] [32mBuilding CXX object CMakeFiles/realsense2.dir/src/terminal-parser.cpp.o[0m
[449.069s] [ 40%] [32mBuilding CXX object CMakeFiles/realsense2.dir/src/types.cpp.o[0m
[450.488s] [ 40%] [32mBuilding C object CMakeFiles/realsense2.dir/src/verify.c.o[0m
[450.583s] [ 40%] [32mBuilding CXX object CMakeFiles/realsense2.dir/src/serialized-utilities.cpp.o[0m
[450.894s] [01m[K/home/dcubot/DCUBOT/librealsense/src/sync.cpp:[m[K In function ‘[01m[Kstd::pair<double, double> librealsense::extract_timestamps(librealsense::frame_holder&, librealsense::frame_holder&)[m[K’:
[450.896s] [01m[K/home/dcubot/DCUBOT/librealsense/src/sync.cpp:547:84:[m[K [01;36m[Knote: [m[Kparameter passing for argument of type ‘[01m[Kstd::pair<double, double>[m[K’ when C++17 is enabled changed to match C++14 ]8;;https://gcc.gnu.org/gcc-10/changes.html#empty_basein GCC 10.1]8;;
[450.897s]   547 |     std::pair<double, double> extract_timestamps(frame_holder & a, frame_holder & b[01;36m[K)[m[K
[450.898s]       |                                                                                    [01;36m[K^[m[K
[452.149s] [ 40%] [32mBuilding CXX object CMakeFiles/realsense2.dir/src/frame.cpp.o[0m
[455.640s] [ 40%] [32mBuilding CXX object CMakeFiles/realsense2.dir/src/points.cpp.o[0m
[456.926s] [ 41%] [32mBuilding CXX object CMakeFiles/realsense2.dir/src/labeled-points.cpp.o[0m
[458.326s] [ 41%] [32mBuilding CXX object CMakeFiles/realsense2.dir/src/to-string.cpp.o[0m
[459.343s] [ 41%] [32mBuilding CXX object CMakeFiles/realsense2.dir/src/eth-config-device.cpp.o[0m
[459.353s] [ 41%] [32mBuilding CXX object CMakeFiles/realsense2.dir/src/platform/platform-utils.cpp.o[0m
[459.682s] [ 41%] [32mBuilding CXX object CMakeFiles/realsense2.dir/src/platform/uvc-option.cpp.o[0m
[461.810s] [ 41%] [32mBuilding CXX object CMakeFiles/realsense2.dir/src/auto-calibrated-proxy.cpp.o[0m
[463.297s] [ 42%] [32mBuilding CXX object CMakeFiles/realsense2.dir/src/synthetic-options-watcher.cpp.o[0m
[466.249s] [ 42%] [32mBuilding CXX object CMakeFiles/realsense2.dir/third-party/easyloggingpp/src/easylogging++.cc.o[0m
[487.263s] [ 42%] [32m[1mLinking CXX shared library Release/librealsense2.so[0m
[489.183s] [ 42%] Built target realsense2
[489.238s] [ 42%] [32mBuilding CXX object examples/software-device/CMakeFiles/rs-software-device.dir/rs-software-device.cpp.o[0m
[489.238s] [ 42%] [32mBuilding CXX object examples/hello-realsense/CMakeFiles/rs-hello-realsense.dir/rs-hello-realsense.cpp.o[0m
[489.238s] [ 42%] [32mBuilding CXX object src/gl/CMakeFiles/realsense2-gl.dir/synthetic-stream-gl.cpp.o[0m
[490.273s] [ 42%] [32mBuilding CXX object examples/callback/CMakeFiles/rs-callback.dir/rs-callback.cpp.o[0m
[490.276s] [ 42%] [32mBuilding CXX object examples/save-to-disk/CMakeFiles/rs-save-to-disk.dir/rs-save-to-disk.cpp.o[0m
[491.341s] [ 42%] [32mBuilding CXX object examples/capture/CMakeFiles/rs-capture.dir/rs-capture.cpp.o[0m
[498.763s] [ 43%] [32m[1mLinking CXX executable ../../Release/rs-save-to-disk[0m
[499.361s] [ 43%] Built target rs-save-to-disk
[499.428s] [ 44%] [32mBuilding CXX object examples/callback/CMakeFiles/rs-callback.dir/__/__/third-party/rsutils/include/rsutils/easylogging/elpp-init.cpp.o[0m
[501.232s] [ 44%] [32mBuilding CXX object src/gl/CMakeFiles/realsense2-gl.dir/yuy2rgb-gl.cpp.o[0m
[503.184s] [ 44%] [32mBuilding CXX object examples/capture/CMakeFiles/rs-capture.dir/__/__/third-party/imgui/imgui.cpp.o[0m
[503.791s] [ 44%] [32mBuilding CXX object examples/hello-realsense/CMakeFiles/rs-hello-realsense.dir/__/__/third-party/rsutils/include/rsutils/easylogging/elpp-init.cpp.o[0m
[505.887s] [ 44%] [32m[1mLinking CXX executable ../../Release/rs-hello-realsense[0m
[506.231s] [ 44%] [32m[1mLinking CXX executable ../../Release/rs-callback[0m
[506.365s] [ 44%] Built target rs-hello-realsense
[506.555s] [ 44%] Built target rs-callback
[511.431s] [ 45%] [32mBuilding CXX object examples/software-device/CMakeFiles/rs-software-device.dir/__/__/third-party/imgui/imgui.cpp.o[0m
[512.690s] [ 46%] [32mBuilding CXX object src/gl/CMakeFiles/realsense2-gl.dir/m420-to-rgb-gl.cpp.o[0m
[522.130s] [ 46%] [32mBuilding CXX object src/gl/CMakeFiles/realsense2-gl.dir/y4112rgb-gl.cpp.o[0m
[526.516s] [ 47%] [32mBuilding CXX object examples/capture/CMakeFiles/rs-capture.dir/__/__/third-party/imgui/imgui_impl_glfw.cpp.o[0m
[526.955s] [ 47%] [32mBuilding CXX object examples/capture/CMakeFiles/rs-capture.dir/__/__/third-party/imgui/imgui_draw.cpp.o[0m
[526.984s] [ 48%] [32mBuilding CXX object examples/labeledpointcloud/CMakeFiles/rs-labeled-pointcloud.dir/rs-labeled-pointcloud.cpp.o[0m
[529.018s] [ 48%] [32mBuilding CXX object examples/pointcloud/CMakeFiles/rs-pointcloud.dir/rs-pointcloud.cpp.o[0m
[531.097s] [ 48%] [32mBuilding CXX object examples/multicam/CMakeFiles/rs-multicam.dir/rs-multicam.cpp.o[0m
[532.616s] [ 48%] [32mBuilding CXX object src/gl/CMakeFiles/realsense2-gl.dir/pointcloud-gl.cpp.o[0m
[534.196s] [ 48%] [32mBuilding CXX object examples/labeledpointcloud/CMakeFiles/rs-labeled-pointcloud.dir/__/__/common/labeled-point-cloud-utilities.cpp.o[0m
[534.698s] [ 48%] [32mBuilding CXX object examples/software-device/CMakeFiles/rs-software-device.dir/__/__/third-party/imgui/imgui_draw.cpp.o[0m
[535.798s] [ 48%] [32mBuilding CXX object examples/capture/CMakeFiles/rs-capture.dir/__/__/third-party/imgui/imgui_impl_opengl3.cpp.o[0m
[535.798s] [ 48%] [32mBuilding CXX object examples/labeledpointcloud/CMakeFiles/rs-labeled-pointcloud.dir/__/__/third-party/imgui/imgui.cpp.o[0m
[536.649s] [ 48%] [32mBuilding CXX object examples/capture/CMakeFiles/rs-capture.dir/__/__/third-party/imgui/imgui_tables.cpp.o[0m
[537.373s] [ 49%] [32mBuilding CXX object examples/pointcloud/CMakeFiles/rs-pointcloud.dir/__/__/third-party/imgui/imgui.cpp.o[0m
[540.346s] [ 49%] [32mBuilding CXX object examples/multicam/CMakeFiles/rs-multicam.dir/__/__/third-party/imgui/imgui.cpp.o[0m
[541.803s] [ 49%] [32mBuilding CXX object examples/capture/CMakeFiles/rs-capture.dir/__/__/third-party/imgui/imgui_widgets.cpp.o[0m
[544.794s] [ 49%] [32mBuilding CXX object examples/software-device/CMakeFiles/rs-software-device.dir/__/__/third-party/imgui/imgui_impl_glfw.cpp.o[0m
[545.473s] [ 49%] [32mBuilding CXX object examples/software-device/CMakeFiles/rs-software-device.dir/__/__/third-party/imgui/imgui_impl_opengl3.cpp.o[0m
[545.543s] [ 49%] [32mBuilding CXX object src/gl/CMakeFiles/realsense2-gl.dir/rs-gl.cpp.o[0m
[546.266s] [ 49%] [32mBuilding CXX object examples/software-device/CMakeFiles/rs-software-device.dir/__/__/third-party/imgui/imgui_tables.cpp.o[0m
[550.862s] [ 50%] [32mBuilding CXX object examples/software-device/CMakeFiles/rs-software-device.dir/__/__/third-party/imgui/imgui_widgets.cpp.o[0m
[555.689s] [ 50%] [32mBuilding CXX object examples/capture/CMakeFiles/rs-capture.dir/__/__/third-party/imgui/realsense_imgui.cpp.o[0m
[556.945s] [ 51%] [32m[1mLinking CXX executable ../../Release/rs-capture[0m
[557.545s] [ 51%] Built target rs-capture
[558.507s] [ 51%] [32mBuilding C object src/gl/CMakeFiles/realsense2-gl.dir/__/__/third-party/glad/glad.c.o[0m
[559.683s] [ 52%] [32mBuilding CXX object src/gl/CMakeFiles/realsense2-gl.dir/__/__/common/opengl3.cpp.o[0m
[562.276s] [ 52%] [32mBuilding CXX object examples/labeledpointcloud/CMakeFiles/rs-labeled-pointcloud.dir/__/__/third-party/imgui/imgui_draw.cpp.o[0m
[562.485s] [ 52%] [32mBuilding CXX object src/gl/CMakeFiles/realsense2-gl.dir/pc-shader.cpp.o[0m
[563.591s] [ 52%] [32mBuilding CXX object examples/pointcloud/CMakeFiles/rs-pointcloud.dir/__/__/third-party/imgui/imgui_draw.cpp.o[0m
[564.446s] [ 52%] [32mBuilding CXX object examples/software-device/CMakeFiles/rs-software-device.dir/__/__/third-party/imgui/realsense_imgui.cpp.o[0m
[565.054s] [ 53%] [32mBuilding CXX object examples/multicam/CMakeFiles/rs-multicam.dir/__/__/third-party/imgui/imgui_draw.cpp.o[0m
[565.195s] [ 53%] [32m[1mLinking CXX executable ../../Release/rs-software-device[0m
[565.679s] [ 53%] Built target rs-software-device
[570.756s] [ 53%] [32mBuilding CXX object examples/labeledpointcloud/CMakeFiles/rs-labeled-pointcloud.dir/__/__/third-party/imgui/imgui_impl_glfw.cpp.o[0m
[571.255s] [ 54%] [32mBuilding CXX object examples/labeledpointcloud/CMakeFiles/rs-labeled-pointcloud.dir/__/__/third-party/imgui/imgui_impl_opengl3.cpp.o[0m
[571.837s] [ 54%] [32mBuilding CXX object examples/labeledpointcloud/CMakeFiles/rs-labeled-pointcloud.dir/__/__/third-party/imgui/imgui_tables.cpp.o[0m
[572.290s] [ 54%] [32mBuilding CXX object examples/pointcloud/CMakeFiles/rs-pointcloud.dir/__/__/third-party/imgui/imgui_impl_glfw.cpp.o[0m
[572.856s] [ 54%] [32mBuilding CXX object examples/pointcloud/CMakeFiles/rs-pointcloud.dir/__/__/third-party/imgui/imgui_impl_opengl3.cpp.o[0m
[572.965s] [ 54%] [32mBuilding CXX object src/gl/CMakeFiles/realsense2-gl.dir/camera-shader.cpp.o[0m
[573.430s] [ 54%] [32mBuilding CXX object examples/pointcloud/CMakeFiles/rs-pointcloud.dir/__/__/third-party/imgui/imgui_tables.cpp.o[0m
[573.720s] [ 54%] [32mBuilding CXX object examples/multicam/CMakeFiles/rs-multicam.dir/__/__/third-party/imgui/imgui_impl_glfw.cpp.o[0m
[574.201s] [ 54%] [32mBuilding CXX object examples/multicam/CMakeFiles/rs-multicam.dir/__/__/third-party/imgui/imgui_impl_opengl3.cpp.o[0m
[574.872s] [ 54%] [32mBuilding CXX object examples/multicam/CMakeFiles/rs-multicam.dir/__/__/third-party/imgui/imgui_tables.cpp.o[0m
[575.498s] [ 54%] [32mBuilding CXX object examples/labeledpointcloud/CMakeFiles/rs-labeled-pointcloud.dir/__/__/third-party/imgui/imgui_widgets.cpp.o[0m
[577.338s] [ 55%] [32mBuilding CXX object examples/pointcloud/CMakeFiles/rs-pointcloud.dir/__/__/third-party/imgui/imgui_widgets.cpp.o[0m
[578.640s] [ 55%] [32mBuilding CXX object examples/multicam/CMakeFiles/rs-multicam.dir/__/__/third-party/imgui/imgui_widgets.cpp.o[0m
[582.464s] [ 55%] [32mBuilding CXX object src/gl/CMakeFiles/realsense2-gl.dir/upload.cpp.o[0m
[582.532s] [ 55%] [32mBuilding CXX object examples/align-advanced/CMakeFiles/rs-align-advanced.dir/rs-align-advanced.cpp.o[0m
[583.611s] [ 55%] [32mBuilding CXX object examples/align/CMakeFiles/rs-align.dir/rs-align.cpp.o[0m
[588.017s] [ 55%] [32mBuilding CXX object examples/labeledpointcloud/CMakeFiles/rs-labeled-pointcloud.dir/__/__/third-party/imgui/realsense_imgui.cpp.o[0m
[588.861s] [ 55%] [32m[1mLinking CXX executable ../../Release/rs-labeled-pointcloud[0m
[589.303s] [ 55%] Built target rs-labeled-pointcloud
[589.325s] [ 55%] [32mBuilding CXX object examples/align-advanced/CMakeFiles/rs-align-advanced.dir/__/__/third-party/imgui/imgui.cpp.o[0m
[589.697s] [ 55%] [32mBuilding CXX object examples/pointcloud/CMakeFiles/rs-pointcloud.dir/__/__/third-party/imgui/realsense_imgui.cpp.o[0m
[590.301s] [ 56%] [32mBuilding CXX object examples/multicam/CMakeFiles/rs-multicam.dir/__/__/third-party/imgui/realsense_imgui.cpp.o[0m
[590.621s] [ 56%] [32m[1mLinking CXX executable ../../Release/rs-pointcloud[0m
[591.050s] [ 56%] Built target rs-pointcloud
[591.103s] [ 56%] [32mBuilding CXX object examples/sensor-control/CMakeFiles/rs-sensor-control.dir/rs-sensor-control.cpp.o[0m
[591.127s] [ 56%] [32m[1mLinking CXX executable ../../Release/rs-multicam[0m
[591.588s] [ 56%] Built target rs-multicam
[591.675s] [ 56%] [32mBuilding CXX object examples/measure/CMakeFiles/rs-measure.dir/rs-measure.cpp.o[0m
[595.515s] [ 56%] [32mBuilding CXX object src/gl/CMakeFiles/realsense2-gl.dir/colorizer-gl.cpp.o[0m
[600.233s] [ 56%] [32mBuilding CXX object examples/sensor-control/CMakeFiles/rs-sensor-control.dir/__/__/third-party/imgui/imgui.cpp.o[0m
[600.666s] [ 56%] [32mBuilding CXX object src/gl/CMakeFiles/realsense2-gl.dir/align-gl.cpp.o[0m
[602.977s] [ 56%] [32mBuilding CXX object examples/align/CMakeFiles/rs-align.dir/__/__/third-party/imgui/imgui.cpp.o[0m
[611.675s] [ 57%] [32mBuilding CXX object examples/measure/CMakeFiles/rs-measure.dir/__/__/third-party/imgui/imgui.cpp.o[0m
[614.713s] [ 58%] [32mBuilding C object src/gl/CMakeFiles/realsense2-gl.dir/__/__/third-party/realsense-file/lz4/lz4.c.o[0m
[615.491s] [ 58%] [32mBuilding CXX object examples/align-advanced/CMakeFiles/rs-align-advanced.dir/__/__/third-party/imgui/imgui_draw.cpp.o[0m
[623.279s] [ 58%] [32mBuilding CXX object src/gl/CMakeFiles/realsense2-gl.dir/__/__/third-party/easyloggingpp/src/easylogging++.cc.o[0m
[623.727s] [ 58%] [32mBuilding CXX object examples/sensor-control/CMakeFiles/rs-sensor-control.dir/__/__/third-party/imgui/imgui_draw.cpp.o[0m
[624.210s] [ 59%] [32mBuilding CXX object examples/align-advanced/CMakeFiles/rs-align-advanced.dir/__/__/third-party/imgui/imgui_impl_glfw.cpp.o[0m
[624.708s] [ 59%] [32mBuilding CXX object examples/align-advanced/CMakeFiles/rs-align-advanced.dir/__/__/third-party/imgui/imgui_impl_opengl3.cpp.o[0m
[625.321s] [ 59%] [32mBuilding CXX object examples/align-advanced/CMakeFiles/rs-align-advanced.dir/__/__/third-party/imgui/imgui_tables.cpp.o[0m
[627.059s] [ 60%] [32mBuilding CXX object examples/align/CMakeFiles/rs-align.dir/__/__/third-party/imgui/imgui_draw.cpp.o[0m
[629.141s] [ 60%] [32mBuilding CXX object examples/align-advanced/CMakeFiles/rs-align-advanced.dir/__/__/third-party/imgui/imgui_widgets.cpp.o[0m
[632.700s] [ 60%] [32mBuilding CXX object examples/sensor-control/CMakeFiles/rs-sensor-control.dir/__/__/third-party/imgui/imgui_impl_glfw.cpp.o[0m
[633.168s] [ 61%] [32mBuilding CXX object examples/sensor-control/CMakeFiles/rs-sensor-control.dir/__/__/third-party/imgui/imgui_impl_opengl3.cpp.o[0m
[633.763s] [ 61%] [32mBuilding CXX object examples/sensor-control/CMakeFiles/rs-sensor-control.dir/__/__/third-party/imgui/imgui_tables.cpp.o[0m
[634.690s] [ 61%] [32mBuilding CXX object examples/measure/CMakeFiles/rs-measure.dir/__/__/third-party/imgui/imgui_draw.cpp.o[0m
[635.590s] [ 61%] [32mBuilding CXX object examples/align/CMakeFiles/rs-align.dir/__/__/third-party/imgui/imgui_impl_glfw.cpp.o[0m
[635.604s] [ 61%] [32m[1mLinking CXX shared library ../../Release/librealsense2-gl.so[0m
[636.058s] [ 61%] [32mBuilding CXX object examples/align/CMakeFiles/rs-align.dir/__/__/third-party/imgui/imgui_impl_opengl3.cpp.o[0m
[636.097s] [ 61%] Built target realsense2-gl
[636.635s] [ 61%] [32mBuilding CXX object examples/align/CMakeFiles/rs-align.dir/__/__/third-party/imgui/imgui_tables.cpp.o[0m
[637.121s] [ 61%] [32mBuilding CXX object examples/sensor-control/CMakeFiles/rs-sensor-control.dir/__/__/third-party/imgui/imgui_widgets.cpp.o[0m
[637.152s] [ 61%] [32mBuilding C object examples/C/depth/CMakeFiles/rs-depth.dir/rs-depth.c.o[0m
[637.417s] [ 61%] [32m[1mLinking CXX executable ../../../Release/rs-depth[0m
[637.596s] [ 61%] [32mBuilding CXX object examples/sensor-control/CMakeFiles/rs-sensor-control.dir/__/__/third-party/imgui/realsense_imgui.cpp.o[0m
[637.757s] [ 61%] Built target rs-depth
[637.782s] [ 61%] [32mBuilding CXX object examples/align/CMakeFiles/rs-align.dir/__/__/third-party/imgui/imgui_widgets.cpp.o[0m
[638.415s] [ 61%] [32mBuilding CXX object examples/align-advanced/CMakeFiles/rs-align-advanced.dir/__/__/third-party/imgui/realsense_imgui.cpp.o[0m
[639.170s] [ 62%] [32mBuilding CXX object examples/align-advanced/CMakeFiles/rs-align-advanced.dir/__/__/third-party/rsutils/include/rsutils/easylogging/elpp-init.cpp.o[0m
[640.543s] [ 62%] [32mBuilding CXX object examples/align/CMakeFiles/rs-align.dir/__/__/third-party/imgui/realsense_imgui.cpp.o[0m
[641.249s] [ 62%] [32m[1mLinking CXX executable ../../Release/rs-align-advanced[0m
[641.294s] [ 63%] [32mBuilding CXX object examples/align/CMakeFiles/rs-align.dir/__/__/third-party/rsutils/include/rsutils/easylogging/elpp-init.cpp.o[0m
[641.343s] [ 63%] [32mBuilding C object examples/C/color/CMakeFiles/rs-color.dir/rs-color.c.o[0m
[641.572s] [ 63%] [32m[1mLinking CXX executable ../../../Release/rs-color[0m
[641.683s] [ 63%] Built target rs-align-advanced
[641.744s] [ 63%] [32mBuilding C object examples/C/distance/CMakeFiles/rs-distance.dir/rs-distance.c.o[0m
[641.925s] [ 63%] Built target rs-color
[641.946s] [ 63%] [32m[1mLinking CXX executable ../../../Release/rs-distance[0m
[641.979s] [ 63%] [32mBuilding CXX object examples/post-processing/CMakeFiles/rs-post-processing.dir/rs-post-processing.cpp.o[0m
[642.293s] [ 63%] Built target rs-distance
[642.326s] [ 63%] [32mBuilding CXX object examples/post-processing/CMakeFiles/rs-post-processing.dir/__/__/third-party/imgui/imgui.cpp.o[0m
[643.022s] [ 63%] [32mBuilding CXX object examples/measure/CMakeFiles/rs-measure.dir/__/__/third-party/imgui/imgui_impl_glfw.cpp.o[0m
[643.257s] [ 63%] [32mBuilding CXX object examples/measure/CMakeFiles/rs-measure.dir/__/__/third-party/imgui/imgui_impl_opengl3.cpp.o[0m
[643.483s] [ 63%] [32mBuilding CXX object examples/measure/CMakeFiles/rs-measure.dir/__/__/third-party/imgui/imgui_tables.cpp.o[0m
[643.957s] [ 64%] [32mBuilding CXX object examples/measure/CMakeFiles/rs-measure.dir/__/__/third-party/imgui/imgui_widgets.cpp.o[0m
[647.246s] [ 64%] [32mBuilding CXX object examples/measure/CMakeFiles/rs-measure.dir/__/__/third-party/imgui/realsense_imgui.cpp.o[0m
[647.979s] [ 64%] [32mBuilding CXX object examples/measure/CMakeFiles/rs-measure.dir/__/__/third-party/rsutils/include/rsutils/easylogging/elpp-init.cpp.o[0m
[648.976s] [ 64%] [32m[1mLinking CXX executable ../../Release/rs-sensor-control[0m
[649.381s] [ 64%] Built target rs-sensor-control
[649.435s] [ 64%] [32mBuilding CXX object examples/record-playback/CMakeFiles/rs-record-playback.dir/rs-record-playback.cpp.o[0m
[649.876s] [ 64%] [32m[1mLinking CXX executable ../../Release/rs-align[0m
[649.904s] [ 65%] [32mBuilding CXX object examples/record-playback/CMakeFiles/rs-record-playback.dir/__/__/third-party/imgui/imgui.cpp.o[0m
[650.301s] [ 65%] Built target rs-align
[650.352s] [ 65%] [32mBuilding CXX object examples/motion/CMakeFiles/rs-motion.dir/rs-motion.cpp.o[0m
[651.409s] [ 65%] [32mBuilding CXX object examples/post-processing/CMakeFiles/rs-post-processing.dir/__/__/third-party/imgui/imgui_draw.cpp.o[0m
[656.024s] [ 65%] [32m[1mLinking CXX executable ../../Release/rs-measure[0m
[656.483s] [ 65%] Built target rs-measure
[656.539s] [ 65%] [32mBuilding CXX object examples/gl/CMakeFiles/rs-gl.dir/rs-gl.cpp.o[0m
[657.570s] [ 65%] [32mBuilding CXX object examples/record-playback/CMakeFiles/rs-record-playback.dir/__/__/third-party/imgui/imgui_draw.cpp.o[0m
[657.631s] [ 66%] [32mBuilding C object examples/motion/CMakeFiles/rs-motion.dir/__/__/third-party/realsense-file/lz4/lz4.c.o[0m
[660.889s] [ 67%] [32mBuilding CXX object examples/post-processing/CMakeFiles/rs-post-processing.dir/__/__/third-party/imgui/imgui_impl_glfw.cpp.o[0m
[661.392s] [ 67%] [32mBuilding CXX object examples/post-processing/CMakeFiles/rs-post-processing.dir/__/__/third-party/imgui/imgui_impl_opengl3.cpp.o[0m
[664.510s] [ 67%] [32mBuilding CXX object examples/post-processing/CMakeFiles/rs-post-processing.dir/__/__/third-party/imgui/imgui_tables.cpp.o[0m
[664.757s] [ 67%] [32mBuilding CXX object examples/gl/CMakeFiles/rs-gl.dir/__/__/third-party/imgui/imgui.cpp.o[0m
[666.407s] [ 67%] [32mBuilding CXX object examples/motion/CMakeFiles/rs-motion.dir/__/__/third-party/imgui/imgui.cpp.o[0m
[667.354s] [ 67%] [32mBuilding CXX object examples/record-playback/CMakeFiles/rs-record-playback.dir/__/__/third-party/imgui/imgui_impl_glfw.cpp.o[0m
[667.412s] [ 67%] [32mBuilding CXX object examples/gl/CMakeFiles/rs-gl.dir/__/__/third-party/imgui/imgui_draw.cpp.o[0m
[667.861s] [ 67%] [32mBuilding CXX object examples/record-playback/CMakeFiles/rs-record-playback.dir/__/__/third-party/imgui/imgui_impl_opengl3.cpp.o[0m
[668.208s] [ 67%] [32mBuilding CXX object examples/post-processing/CMakeFiles/rs-post-processing.dir/__/__/third-party/imgui/imgui_widgets.cpp.o[0m
[668.490s] [ 67%] [32mBuilding CXX object examples/post-processing/CMakeFiles/rs-post-processing.dir/__/__/third-party/imgui/realsense_imgui.cpp.o[0m
[669.253s] [ 67%] [32mBuilding CXX object examples/record-playback/CMakeFiles/rs-record-playback.dir/__/__/third-party/imgui/imgui_tables.cpp.o[0m
[673.317s] [ 67%] [32mBuilding CXX object examples/record-playback/CMakeFiles/rs-record-playback.dir/__/__/third-party/imgui/imgui_widgets.cpp.o[0m
[673.434s] [ 68%] [32mBuilding CXX object examples/record-playback/CMakeFiles/rs-record-playback.dir/__/__/third-party/imgui/realsense_imgui.cpp.o[0m
[674.157s] [ 68%] [32mBuilding CXX object examples/gl/CMakeFiles/rs-gl.dir/__/__/third-party/imgui/imgui_impl_glfw.cpp.o[0m
[674.614s] [ 68%] [32mBuilding CXX object examples/gl/CMakeFiles/rs-gl.dir/__/__/third-party/imgui/imgui_impl_opengl3.cpp.o[0m
[675.187s] [ 69%] [32mBuilding CXX object examples/gl/CMakeFiles/rs-gl.dir/__/__/third-party/imgui/imgui_tables.cpp.o[0m
[676.829s] [ 69%] [32mBuilding CXX object examples/gl/CMakeFiles/rs-gl.dir/__/__/third-party/imgui/imgui_widgets.cpp.o[0m
[679.114s] [ 69%] [32mBuilding CXX object examples/gl/CMakeFiles/rs-gl.dir/__/__/third-party/imgui/realsense_imgui.cpp.o[0m
[680.264s] [ 69%] [32mBuilding CXX object examples/motion/CMakeFiles/rs-motion.dir/__/__/third-party/imgui/imgui_draw.cpp.o[0m
[682.558s] [ 70%] [32m[1mLinking CXX executable ../../Release/rs-post-processing[0m
[683.132s] [ 70%] Built target rs-post-processing
[687.034s] [ 70%] [32m[1mLinking CXX executable ../../Release/rs-record-playback[0m
[687.398s] [ 70%] Built target rs-record-playback
[690.097s] [ 70%] [32m[1mLinking CXX executable ../../Release/rs-gl[0m
[690.456s] [ 70%] Built target rs-gl
[690.629s] [ 70%] [32mBuilding CXX object examples/motion/CMakeFiles/rs-motion.dir/__/__/third-party/imgui/imgui_tables.cpp.o[0m
[692.669s] [ 70%] [32mBuilding CXX object examples/motion/CMakeFiles/rs-motion.dir/__/__/third-party/imgui/imgui_impl_opengl3.cpp.o[0m
[692.716s] [ 70%] [32mBuilding CXX object examples/eth-config/CMakeFiles/rs-eth-config.dir/rs-eth-config.cpp.o[0m
[693.260s] [ 70%] [32mBuilding CXX object examples/motion/CMakeFiles/rs-motion.dir/__/__/third-party/imgui/imgui_impl_glfw.cpp.o[0m
[693.734s] [ 71%] [32mBuilding CXX object examples/motion/CMakeFiles/rs-motion.dir/__/__/third-party/imgui/imgui_widgets.cpp.o[0m
[694.398s] [ 71%] [32mBuilding CXX object examples/embedded-filters/CMakeFiles/rs-embedded-filters.dir/rs-embedded-filters.cpp.o[0m
[694.482s] [ 71%] [32mBuilding CXX object examples/on-chip-calib/CMakeFiles/rs-on-chip-calib.dir/rs-on-chip-calib.cpp.o[0m
[695.746s] [ 71%] [32mBuilding CXX object tools/convert/CMakeFiles/rs-convert.dir/rs-convert.cpp.o[0m
[696.873s] [ 71%] [32mBuilding CXX object examples/hdr/CMakeFiles/rs-hdr.dir/rs-hdr.cpp.o[0m
[699.848s] [ 71%] [32mBuilding CXX object examples/embedded-filters/CMakeFiles/rs-embedded-filters.dir/__/__/third-party/rsutils/include/rsutils/easylogging/elpp-init.cpp.o[0m
[702.420s] [ 71%] [32m[1mLinking CXX executable ../../Release/rs-embedded-filters[0m
[702.906s] [ 71%] Built target rs-embedded-filters
[706.740s] [ 72%] [32mBuilding CXX object examples/hdr/CMakeFiles/rs-hdr.dir/__/__/third-party/imgui/imgui.cpp.o[0m
[706.841s] [ 72%] [32mBuilding CXX object examples/motion/CMakeFiles/rs-motion.dir/__/__/third-party/imgui/realsense_imgui.cpp.o[0m
[707.076s] [ 72%] [32mBuilding CXX object examples/eth-config/CMakeFiles/rs-eth-config.dir/__/__/third-party/rsutils/include/rsutils/easylogging/elpp-init.cpp.o[0m
[707.517s] [ 72%] [32mBuilding CXX object examples/on-chip-calib/CMakeFiles/rs-on-chip-calib.dir/__/__/third-party/rsutils/include/rsutils/easylogging/elpp-init.cpp.o[0m
[707.582s] [ 72%] [32m[1mLinking CXX executable ../../Release/rs-motion[0m
[707.972s] [ 72%] Built target rs-motion
[709.144s] [ 72%] [32m[1mLinking CXX executable ../../Release/rs-eth-config[0m
[709.473s] [ 72%] Built target rs-eth-config
[709.479s] [ 72%] [32m[1mLinking CXX executable ../../Release/rs-on-chip-calib[0m
[709.805s] [ 72%] Built target rs-on-chip-calib
[715.237s] [ 72%] [32mBuilding CXX object tools/convert/CMakeFiles/rs-convert.dir/converter.cpp.o[0m
[717.835s] [ 72%] [32mBuilding CXX object examples/hdr/CMakeFiles/rs-hdr.dir/__/__/third-party/imgui/imgui_draw.cpp.o[0m
[717.837s] [ 72%] [32mBuilding CXX object examples/hdr/CMakeFiles/rs-hdr.dir/__/__/third-party/imgui/imgui_impl_glfw.cpp.o[0m
[717.888s] [ 73%] [32mBuilding CXX object tools/enumerate-devices/CMakeFiles/rs-enumerate-devices.dir/rs-enumerate-devices.cpp.o[0m
[717.906s] [ 74%] [32mBuilding CXX object tools/fw-logger/CMakeFiles/rs-fw-logger.dir/rs-fw-logger.cpp.o[0m
[718.367s] [ 74%] [32mBuilding CXX object tools/convert/CMakeFiles/rs-convert.dir/converters/converter-csv.cpp.o[0m
[718.432s] [ 74%] [32mBuilding CXX object tools/enumerate-devices/CMakeFiles/rs-enumerate-devices.dir/__/__/third-party/rsutils/include/rsutils/easylogging/elpp-init.cpp.o[0m
[720.836s] [ 74%] [32mBuilding CXX object examples/hdr/CMakeFiles/rs-hdr.dir/__/__/third-party/imgui/imgui_impl_opengl3.cpp.o[0m
[721.592s] [ 74%] [32mBuilding CXX object examples/hdr/CMakeFiles/rs-hdr.dir/__/__/third-party/imgui/imgui_tables.cpp.o[0m
[726.483s] [ 75%] [32mBuilding CXX object tools/convert/CMakeFiles/rs-convert.dir/converters/converter-3d-csv.cpp.o[0m
[727.033s] [ 76%] [32mBuilding CXX object examples/hdr/CMakeFiles/rs-hdr.dir/__/__/third-party/imgui/imgui_widgets.cpp.o[0m
[728.877s] [ 76%] [32mBuilding CXX object examples/hdr/CMakeFiles/rs-hdr.dir/__/__/third-party/imgui/realsense_imgui.cpp.o[0m
[729.727s] [ 76%] [32mBuilding CXX object tools/convert/CMakeFiles/rs-convert.dir/__/__/third-party/rsutils/include/rsutils/easylogging/elpp-init.cpp.o[0m
[732.610s] [ 76%] [32m[1mLinking CXX executable ../../Release/rs-convert[0m
[732.953s] [ 76%] Built target rs-convert
[733.885s] [ 76%] [32mBuilding CXX object tools/fw-logger/CMakeFiles/rs-fw-logger.dir/__/__/third-party/rsutils/include/rsutils/easylogging/elpp-init.cpp.o[0m
[736.062s] [ 76%] [32m[1mLinking CXX executable ../../Release/rs-fw-logger[0m
[736.393s] [ 76%] Built target rs-fw-logger
[737.100s] [ 76%] [32m[1mLinking CXX executable ../../Release/rs-enumerate-devices[0m
[737.428s] [ 76%] Built target rs-enumerate-devices
[737.450s] [ 76%] [32mBuilding CXX object tools/data-collect/CMakeFiles/rs-data-collect.dir/rs-data-collect.cpp.o[0m
[737.486s] [ 76%] [32mBuilding CXX object tools/fw-update/CMakeFiles/rs-fw-update.dir/rs-fw-update.cpp.o[0m
[738.565s] [ 76%] [32mBuilding CXX object tools/realsense-viewer/CMakeFiles/realsense-viewer.dir/__/__/third-party/rsutils/include/rsutils/easylogging/elpp-init.cpp.o[0m
[739.355s] [ 76%] [32m[1mLinking CXX executable ../../Release/rs-hdr[0m
[739.627s] [ 76%] [32mBuilding CXX object tools/recorder/CMakeFiles/rs-record.dir/rs-record.cpp.o[0m
[739.752s] [ 76%] Built target rs-hdr
[739.800s] [ 76%] [32mBuilding CXX object tools/data-collect/CMakeFiles/rs-data-collect.dir/__/__/third-party/rsutils/include/rsutils/easylogging/elpp-init.cpp.o[0m
[739.930s] [ 76%] [32mBuilding CXX object tools/terminal/CMakeFiles/rs-terminal.dir/rs-terminal.cpp.o[0m
[741.084s] [ 76%] [32mBuilding CXX object tools/realsense-viewer/CMakeFiles/realsense-viewer.dir/__/__/common/model-views.cpp.o[0m
[751.724s] [ 76%] [32mBuilding CXX object tools/recorder/CMakeFiles/rs-record.dir/__/__/third-party/rsutils/include/rsutils/easylogging/elpp-init.cpp.o[0m
[753.801s] [ 76%] [32m[1mLinking CXX executable ../../Release/rs-record[0m
[754.161s] [ 76%] Built target rs-record
[754.419s] [ 76%] [32mBuilding CXX object tools/fw-update/CMakeFiles/rs-fw-update.dir/__/__/third-party/rsutils/include/rsutils/easylogging/elpp-init.cpp.o[0m
[756.394s] [ 77%] [32m[1mLinking CXX executable ../../Release/rs-fw-update[0m
[756.724s] [ 77%] Built target rs-fw-update
[758.209s] [ 77%] [32mBuilding CXX object tools/realsense-viewer/CMakeFiles/realsense-viewer.dir/__/__/common/notifications.cpp.o[0m
[761.679s] [ 77%] [32mBuilding CXX object tools/terminal/CMakeFiles/rs-terminal.dir/__/__/third-party/rsutils/include/rsutils/easylogging/elpp-init.cpp.o[0m
[762.714s] [ 77%] [32mBuilding CXX object tools/rosbag-inspector/CMakeFiles/rs-rosbag-inspector.dir/rs-rosbag-inspector.cpp.o[0m
[762.973s] [ 78%] [32m[1mLinking CXX executable ../../Release/rs-data-collect[0m
[763.313s] [ 78%] Built target rs-data-collect
[763.337s] [ 78%] [32mBuilding CXX object tools/rosbag-inspector/CMakeFiles/rs-rosbag-inspector.dir/__/__/common/os.cpp.o[0m
[763.377s] [ 78%] [32mBuilding CXX object tools/depth-quality/CMakeFiles/rs-depth-quality.dir/__/__/third-party/rsutils/include/rsutils/easylogging/elpp-init.cpp.o[0m
[763.603s] [ 78%] [32mBuilding CXX object tools/terminal/CMakeFiles/rs-terminal.dir/auto-complete.cpp.o[0m
[764.646s] [ 78%] [32mBuilding C object tools/rosbag-inspector/CMakeFiles/rs-rosbag-inspector.dir/__/__/third-party/glad/glad.c.o[0m
[765.663s] [ 78%] [32mBuilding CXX object tools/depth-quality/CMakeFiles/rs-depth-quality.dir/__/__/common/model-views.cpp.o[0m
[765.688s] [ 79%] [32m[1mLinking CXX executable ../../Release/rs-terminal[0m
[765.912s] [ 80%] [32mBuilding CXX object tools/rosbag-inspector/CMakeFiles/rs-rosbag-inspector.dir/__/__/third-party/imgui/imgui.cpp.o[0m
[766.216s] [ 80%] Built target rs-terminal
[766.277s] [ 80%] [32mBuilding CXX object tools/benchmark/CMakeFiles/rs-benchmark.dir/rs-benchmark.cpp.o[0m
[771.759s] In file included from [01m[K/usr/include/c++/11/bits/stl_algobase.h:64[m[K,
[771.759s]                  from [01m[K/usr/include/c++/11/bits/specfun.h:45[m[K,
[771.759s]                  from [01m[K/usr/include/c++/11/cmath:1935[m[K,
[771.760s]                  from [01m[K/usr/include/c++/11/math.h:36[m[K,
[771.760s]                  from [01m[K/home/dcubot/DCUBOT/librealsense/include/librealsense2/rsutil.h:10[m[K,
[771.760s]                  from [01m[K/home/dcubot/DCUBOT/librealsense/include/librealsense2/rs.h:16[m[K,
[771.760s]                  from [01m[K/home/dcubot/DCUBOT/librealsense/include/librealsense2/rs.hpp:7[m[K,
[771.760s]                  from [01m[K/home/dcubot/DCUBOT/librealsense/common/model-views.cpp:10[m[K:
[771.760s] /usr/include/c++/11/bits/stl_pair.h: In instantiation of ‘[01m[Kconstexpr std::pair<typename std::__strip_reference_wrapper<typename std::decay<_Tp>::type>::__type, typename std::__strip_reference_wrapper<typename std::decay<_Tp2>::type>::__type> std::make_pair(_T1&&, _T2&&) [with _T1 = float&; _T2 = float&; typename std::__strip_reference_wrapper<typename std::decay<_Tp2>::type>::__type = float; typename std::decay<_Tp2>::type = float; typename std::__strip_reference_wrapper<typename std::decay<_Tp>::type>::__type = float; typename std::decay<_Tp>::type = float][m[K’:
[771.760s] [01m[K/home/dcubot/DCUBOT/librealsense/common/output-model.h:54:71:[m[K   required from here
[771.760s] [01m[K/usr/include/c++/11/bits/stl_pair.h:567:5:[m[K [01;36m[Knote: [m[Kparameter passing for argument of type ‘[01m[Kstd::pair<float, float>[m[K’ when C++17 is enabled changed to match C++14 ]8;;https://gcc.gnu.org/gcc-10/changes.html#empty_basein GCC 10.1]8;;
[771.761s]   567 |     [01;36m[Kmake_pair[m[K(_T1&& __x, _T2&& __y)
[771.761s]       |     [01;36m[K^~~~~~~~~[m[K
[772.790s] gmake[2]: *** [tools/rosbag-inspector/CMakeFiles/rs-rosbag-inspector.dir/build.make:76: tools/rosbag-inspector/CMakeFiles/rs-rosbag-inspector.dir/rs-rosbag-inspector.cpp.o] Interrupt
[772.797s] gmake[2]: *** [tools/rosbag-inspector/CMakeFiles/rs-rosbag-inspector.dir/build.make:118: tools/rosbag-inspector/CMakeFiles/rs-rosbag-inspector.dir/__/__/third-party/imgui/imgui.cpp.o] Interrupt
[772.797s] gmake[2]: *** [tools/depth-quality/CMakeFiles/rs-depth-quality.dir/build.make:90: tools/depth-quality/CMakeFiles/rs-depth-quality.dir/__/__/common/model-views.cpp.o] Interrupt
[772.797s] gmake[2]: *** [tools/realsense-viewer/CMakeFiles/realsense-viewer.dir/build.make:104: tools/realsense-viewer/CMakeFiles/realsense-viewer.dir/__/__/common/notifications.cpp.o] Interrupt
[772.797s] gmake[2]: *** [tools/benchmark/CMakeFiles/rs-benchmark.dir/build.make:76: tools/benchmark/CMakeFiles/rs-benchmark.dir/rs-benchmark.cpp.o] Interrupt
[772.797s] gmake[1]: *** [CMakeFiles/Makefile2:1976: tools/rosbag-inspector/CMakeFiles/rs-rosbag-inspector.dir/all] Interrupt
[772.797s] gmake[1]: *** [CMakeFiles/Makefile2:1917: tools/realsense-viewer/CMakeFiles/realsense-viewer.dir/all] Interrupt
[772.798s] gmake[1]: *** [CMakeFiles/Makefile2:1947: tools/depth-quality/CMakeFiles/rs-depth-quality.dir/all] Interrupt
[772.798s] gmake[1]: *** [CMakeFiles/Makefile2:2004: tools/benchmark/CMakeFiles/rs-benchmark.dir/all] Interrupt
[772.798s] gmake: *** [Makefile:136: all] Interrupt
[772.897s] Invoked command in '/home/dcubot/DCUBOT/build/librealsense2' returned '-2': CMAKE_PREFIX_PATH=${CMAKE_PREFIX_PATH}:/home/dcubot/DCUBOT/install/powertrain:/opt/ros/humble /usr/bin/cmake --build /home/dcubot/DCUBOT/build/librealsense2 -- -j6 -l6
